#
# There is insufficient memory for the Java Runtime Environment to continue.
# Native memory allocation (malloc) failed to allocate 1129456 bytes for Chunk::new
# Possible reasons:
#   The system is out of physical RAM or swap space
#   The process is running with CompressedOops enabled, and the Java Heap may be blocking the growth of the native heap
# Possible solutions:
#   Reduce memory load on the system
#   Increase physical memory or swap space
#   Check if swap backing store is full
#   Decrease Java heap size (-Xmx/-Xms)
#   Decrease number of Java threads
#   Decrease Java thread stack sizes (-Xss)
#   Set larger code cache with -XX:ReservedCodeCacheSize=
#   JVM is running with Unscaled Compressed Oops mode in which the Java heap is
#     placed in the first 4GB address space. The Java Heap base address is the
#     maximum limit for the native heap growth. Please use -XX:HeapBaseMinAddress
#     to set the Java Heap base and to place the Java Heap above 4GB virtual address.
# This output file may be truncated or incomplete.
#
#  Out of Memory Error (allocation.cpp:389), pid=9756, tid=0x0000000000001674
#
# JRE version: OpenJDK Runtime Environment (8.0_242-b01) (build 1.8.0_242-release-1644-b01)
# Java VM: OpenJDK 64-Bit Server VM (25.242-b01 mixed mode windows-amd64 compressed oops)
# Failed to write core dump. Minidumps are not enabled by default on client versions of Windows
#

---------------  T H R E A D  ---------------

Current thread (0x000000001830e800):  JavaThread "C2 CompilerThread2" daemon [_thread_in_native, id=5748, stack(0x000000001ab30000,0x000000001ac30000)]

Stack: [0x000000001ab30000,0x000000001ac30000]
[error occurred during error reporting (printing stack bounds), id 0xc0000005]

Native frames: (J=compiled Java code, j=interpreted, Vv=VM code, C=native code)


Current CompileTask:
C2:   3605 1491       4       java.net.URLClassLoader$1::run (5 bytes)


---------------  P R O C E S S  ---------------

Java Threads: ( => current thread )
  0x000000001cc96000 JavaThread "Cache worker for file hash cache (C:\Users\andy1\.gradle\caches\6.5\fileHashes)" [_thread_blocked, id=30280, stack(0x000000001eec0000,0x000000001efc0000)]
  0x000000001cc96800 JavaThread "File lock request listener" [_thread_in_native, id=1956, stack(0x000000001edc0000,0x000000001eec0000)]
  0x000000001cc63000 JavaThread "Cache worker for journal cache (C:\Users\andy1\.gradle\caches\journal-1)" [_thread_blocked, id=13224, stack(0x000000001ecc0000,0x000000001edc0000)]
  0x000000001b255000 JavaThread "Thread-9" [_thread_blocked, id=30636, stack(0x000000001e9c0000,0x000000001eac0000)]
  0x000000001b053800 JavaThread "Stdin handler" [_thread_blocked, id=16484, stack(0x000000001e8c0000,0x000000001e9c0000)]
  0x000000001b052800 JavaThread "Asynchronous log dispatcher for DefaultDaemonConnection: socket connection from /127.0.0.1:54318 to /127.0.0.1:54319" [_thread_blocked, id=7272, stack(0x000000001e7c0000,0x000000001e8c0000)]
  0x000000001b258800 JavaThread "Daemon worker" [_thread_in_vm, id=30420, stack(0x000000001e6c0000,0x000000001e7c0000)]
  0x000000001b050000 JavaThread "Cancel handler" [_thread_blocked, id=11544, stack(0x000000001e5c0000,0x000000001e6c0000)]
  0x000000001cac6000 JavaThread "Handler for socket connection from /127.0.0.1:54318 to /127.0.0.1:54319" [_thread_in_native, id=23536, stack(0x000000001e4c0000,0x000000001e5c0000)]
  0x000000001cac5000 JavaThread "Daemon" [_thread_blocked, id=33168, stack(0x000000001e3c0000,0x000000001e4c0000)]
  0x000000001caa0000 JavaThread "Daemon periodic checks" [_thread_blocked, id=11992, stack(0x000000001e0c0000,0x000000001e1c0000)]
  0x000000001ca80800 JavaThread "Incoming local TCP Connector on port 54318" [_thread_in_native, id=25508, stack(0x000000001df10000,0x000000001e010000)]
  0x000000001c6aa800 JavaThread "Daemon health stats" [_thread_blocked, id=8360, stack(0x000000001d8d0000,0x000000001d9d0000)]
  0x000000001a1a9800 JavaThread "Service Thread" daemon [_thread_blocked, id=20736, stack(0x000000001ad30000,0x000000001ae30000)]
  0x000000001a11a800 JavaThread "C1 CompilerThread3" daemon [_thread_blocked, id=32188, stack(0x000000001ac30000,0x000000001ad30000)]
=>0x000000001830e800 JavaThread "C2 CompilerThread2" daemon [_thread_in_native, id=5748, stack(0x000000001ab30000,0x000000001ac30000)]
  0x000000001830d800 JavaThread "C2 CompilerThread1" daemon [_thread_blocked, id=31148, stack(0x000000001aa30000,0x000000001ab30000)]
  0x000000001a106800 JavaThread "C2 CompilerThread0" daemon [_thread_blocked, id=28288, stack(0x000000001a930000,0x000000001aa30000)]
  0x000000001a105000 JavaThread "Attach Listener" daemon [_thread_blocked, id=22720, stack(0x000000001a830000,0x000000001a930000)]
  0x000000001a104000 JavaThread "Signal Dispatcher" daemon [_thread_blocked, id=32936, stack(0x000000001a730000,0x000000001a830000)]
  0x000000001a0f0800 JavaThread "Finalizer" daemon [_thread_blocked, id=2836, stack(0x000000001a5d0000,0x000000001a6d0000)]
  0x0000000003287000 JavaThread "Reference Handler" daemon [_thread_blocked, id=16228, stack(0x000000001a4d0000,0x000000001a5d0000)]
  0x000000000137e000 JavaThread "main" [_thread_blocked, id=7132, stack(0x0000000003040000,0x0000000003140000)]

Other Threads:
  0x00000000182f6000 VMThread [stack: 0x0000000019fd0000,0x000000001a0d0000] [id=9544]
  0x000000001a1aa800 WatcherThread [stack: 0x000000001ae30000,0x000000001af30000] [id=13768]

VM state:not at safepoint (normal execution)

VM Mutex/Monitor currently owned by a thread: None

heap address: 0x0000000080000000, size: 2048 MB, Compressed Oops mode: 32-bit
Narrow klass base: 0x0000000000000000, Narrow klass shift: 3
Compressed class space size: 1073741824 Address: 0x0000000100000000

Heap:
 PSYoungGen      total 37888K, used 11140K [0x00000000d5580000, 0x00000000d7f80000, 0x0000000100000000)
  eden space 32768K, 18% used [0x00000000d5580000,0x00000000d5b653a0,0x00000000d7580000)
  from space 5120K, 99% used [0x00000000d7a80000,0x00000000d7f7c050,0x00000000d7f80000)
  to   space 5120K, 0% used [0x00000000d7580000,0x00000000d7580000,0x00000000d7a80000)
 ParOldGen       total 86016K, used 3243K [0x0000000080000000, 0x0000000085400000, 0x00000000d5580000)
  object space 86016K, 3% used [0x0000000080000000,0x000000008032ad18,0x0000000085400000)
 Metaspace       used 15966K, capacity 16660K, committed 16896K, reserved 1064960K
  class space    used 2097K, capacity 2272K, committed 2304K, reserved 1048576K

Card table byte_map: [0x0000000012650000,0x0000000012a60000] byte_map_base: 0x0000000012250000

Marking Bits: (ParMarkBitMap*) 0x0000000051fdf030
 Begin Bits: [0x0000000013510000, 0x0000000015510000)
 End Bits:   [0x0000000015510000, 0x0000000017510000)

Polling page: 0x0000000001350000

CodeCache: size=245760Kb used=5283Kb max_used=5299Kb free=240476Kb
 bounds [0x0000000003290000, 0x00000000037c0000, 0x0000000012290000]
 total_blobs=1912 nmethods=1515 adapters=310
 compilation: enabled

Compilation events (10 events):
Event: 3.591 Thread 0x000000001a11a800 1513       3       jdk.internal.org.objectweb.asm.ClassWriter::newNameTypeItem (71 bytes)
Event: 3.591 Thread 0x000000001a11a800 nmethod 1513 0x00000000037b6d10 code [0x00000000037b6ee0, 0x00000000037b73f8]
Event: 3.591 Thread 0x000000001a11a800 1514       3       jdk.internal.org.objectweb.asm.ClassWriter::visitMethod (24 bytes)
Event: 3.592 Thread 0x000000001a11a800 nmethod 1514 0x00000000037b6890 code [0x00000000037b6a00, 0x00000000037b6c48]
Event: 3.592 Thread 0x000000001a11a800 1515       3       com.google.common.collect.Hashing::smear (19 bytes)
Event: 3.592 Thread 0x000000001a11a800 nmethod 1515 0x00000000037b64d0 code [0x00000000037b6620, 0x00000000037b67f0]
Event: 3.592 Thread 0x000000001a11a800 1516       3       java.lang.Integer::rotateLeft (9 bytes)
Event: 3.592 Thread 0x000000001a11a800 nmethod 1516 0x00000000037b61d0 code [0x00000000037b6320, 0x00000000037b6470]
Event: 3.597 Thread 0x000000001a11a800 1518       3       jdk.internal.org.objectweb.asm.MethodWriter::visitTypeInsn (110 bytes)
Event: 3.598 Thread 0x000000001a11a800 nmethod 1518 0x00000000037b7e10 code [0x00000000037b7fa0, 0x00000000037b83c8]

GC Heap History (8 events):
Event: 1.039 GC heap before
{Heap before GC invocations=1 (full 0):
 PSYoungGen      total 37888K, used 32768K [0x00000000d5580000, 0x00000000d7f80000, 0x0000000100000000)
  eden space 32768K, 100% used [0x00000000d5580000,0x00000000d7580000,0x00000000d7580000)
  from space 5120K, 0% used [0x00000000d7a80000,0x00000000d7a80000,0x00000000d7f80000)
  to   space 5120K, 0% used [0x00000000d7580000,0x00000000d7580000,0x00000000d7a80000)
 ParOldGen       total 86016K, used 0K [0x0000000080000000, 0x0000000085400000, 0x00000000d5580000)
  object space 86016K, 0% used [0x0000000080000000,0x0000000080000000,0x0000000085400000)
 Metaspace       used 7543K, capacity 7848K, committed 8064K, reserved 1056768K
  class space    used 930K, capacity 1039K, committed 1152K, reserved 1048576K
Event: 1.045 GC heap after
Heap after GC invocations=1 (full 0):
 PSYoungGen      total 37888K, used 4589K [0x00000000d5580000, 0x00000000d7f80000, 0x0000000100000000)
  eden space 32768K, 0% used [0x00000000d5580000,0x00000000d5580000,0x00000000d7580000)
  from space 5120K, 89% used [0x00000000d7580000,0x00000000d79fb438,0x00000000d7a80000)
  to   space 5120K, 0% used [0x00000000d7a80000,0x00000000d7a80000,0x00000000d7f80000)
 ParOldGen       total 86016K, used 16K [0x0000000080000000, 0x0000000085400000, 0x00000000d5580000)
  object space 86016K, 0% used [0x0000000080000000,0x0000000080004000,0x0000000085400000)
 Metaspace       used 7543K, capacity 7848K, committed 8064K, reserved 1056768K
  class space    used 930K, capacity 1039K, committed 1152K, reserved 1048576K
}
Event: 1.472 GC heap before
{Heap before GC invocations=2 (full 0):
 PSYoungGen      total 37888K, used 37357K [0x00000000d5580000, 0x00000000d7f80000, 0x0000000100000000)
  eden space 32768K, 100% used [0x00000000d5580000,0x00000000d7580000,0x00000000d7580000)
  from space 5120K, 89% used [0x00000000d7580000,0x00000000d79fb438,0x00000000d7a80000)
  to   space 5120K, 0% used [0x00000000d7a80000,0x00000000d7a80000,0x00000000d7f80000)
 ParOldGen       total 86016K, used 16K [0x0000000080000000, 0x0000000085400000, 0x00000000d5580000)
  object space 86016K, 0% used [0x0000000080000000,0x0000000080004000,0x0000000085400000)
 Metaspace       used 7779K, capacity 8058K, committed 8320K, reserved 1056768K
  class space    used 951K, capacity 1045K, committed 1152K, reserved 1048576K
Event: 1.476 GC heap after
Heap after GC invocations=2 (full 0):
 PSYoungGen      total 37888K, used 3361K [0x00000000d5580000, 0x00000000d7f80000, 0x0000000100000000)
  eden space 32768K, 0% used [0x00000000d5580000,0x00000000d5580000,0x00000000d7580000)
  from space 5120K, 65% used [0x00000000d7a80000,0x00000000d7dc85e8,0x00000000d7f80000)
  to   space 5120K, 0% used [0x00000000d7580000,0x00000000d7580000,0x00000000d7a80000)
 ParOldGen       total 86016K, used 24K [0x0000000080000000, 0x0000000085400000, 0x00000000d5580000)
  object space 86016K, 0% used [0x0000000080000000,0x0000000080006000,0x0000000085400000)
 Metaspace       used 7779K, capacity 8058K, committed 8320K, reserved 1056768K
  class space    used 951K, capacity 1045K, committed 1152K, reserved 1048576K
}
Event: 3.005 GC heap before
{Heap before GC invocations=3 (full 0):
 PSYoungGen      total 37888K, used 36129K [0x00000000d5580000, 0x00000000d7f80000, 0x0000000100000000)
  eden space 32768K, 100% used [0x00000000d5580000,0x00000000d7580000,0x00000000d7580000)
  from space 5120K, 65% used [0x00000000d7a80000,0x00000000d7dc85e8,0x00000000d7f80000)
  to   space 5120K, 0% used [0x00000000d7580000,0x00000000d7580000,0x00000000d7a80000)
 ParOldGen       total 86016K, used 24K [0x0000000080000000, 0x0000000085400000, 0x00000000d5580000)
  object space 86016K, 0% used [0x0000000080000000,0x0000000080006000,0x0000000085400000)
 Metaspace       used 11862K, capacity 12270K, committed 12544K, reserved 1060864K
  class space    used 1570K, capacity 1683K, committed 1792K, reserved 1048576K
Event: 3.011 GC heap after
Heap after GC invocations=3 (full 0):
 PSYoungGen      total 37888K, used 5088K [0x00000000d5580000, 0x00000000d7f80000, 0x0000000100000000)
  eden space 32768K, 0% used [0x00000000d5580000,0x00000000d5580000,0x00000000d7580000)
  from space 5120K, 99% used [0x00000000d7580000,0x00000000d7a78020,0x00000000d7a80000)
  to   space 5120K, 0% used [0x00000000d7a80000,0x00000000d7a80000,0x00000000d7f80000)
 ParOldGen       total 86016K, used 962K [0x0000000080000000, 0x0000000085400000, 0x00000000d5580000)
  object space 86016K, 1% used [0x0000000080000000,0x00000000800f0820,0x0000000085400000)
 Metaspace       used 11862K, capacity 12270K, committed 12544K, reserved 1060864K
  class space    used 1570K, capacity 1683K, committed 1792K, reserved 1048576K
}
Event: 3.448 GC heap before
{Heap before GC invocations=4 (full 0):
 PSYoungGen      total 37888K, used 37856K [0x00000000d5580000, 0x00000000d7f80000, 0x0000000100000000)
  eden space 32768K, 100% used [0x00000000d5580000,0x00000000d7580000,0x00000000d7580000)
  from space 5120K, 99% used [0x00000000d7580000,0x00000000d7a78020,0x00000000d7a80000)
  to   space 5120K, 0% used [0x00000000d7a80000,0x00000000d7a80000,0x00000000d7f80000)
 ParOldGen       total 86016K, used 962K [0x0000000080000000, 0x0000000085400000, 0x00000000d5580000)
  object space 86016K, 1% used [0x0000000080000000,0x00000000800f0820,0x0000000085400000)
 Metaspace       used 14643K, capacity 15138K, committed 15232K, reserved 1062912K
  class space    used 1995K, capacity 2125K, committed 2176K, reserved 1048576K
Event: 3.460 GC heap after
Heap after GC invocations=4 (full 0):
 PSYoungGen      total 37888K, used 5104K [0x00000000d5580000, 0x00000000d7f80000, 0x0000000100000000)
  eden space 32768K, 0% used [0x00000000d5580000,0x00000000d5580000,0x00000000d7580000)
  from space 5120K, 99% used [0x00000000d7a80000,0x00000000d7f7c050,0x00000000d7f80000)
  to   space 5120K, 0% used [0x00000000d7580000,0x00000000d7580000,0x00000000d7a80000)
 ParOldGen       total 86016K, used 3243K [0x0000000080000000, 0x0000000085400000, 0x00000000d5580000)
  object space 86016K, 3% used [0x0000000080000000,0x000000008032ad18,0x0000000085400000)
 Metaspace       used 14643K, capacity 15138K, committed 15232K, reserved 1062912K
  class space    used 1995K, capacity 2125K, committed 2176K, reserved 1048576K
}

Deoptimization events (10 events):
Event: 3.065 Thread 0x000000001b258800 Uncommon trap: reason=bimorphic action=maybe_recompile pc=0x0000000003521680 method=java.util.HashMap.putVal(ILjava/lang/Object;Ljava/lang/Object;ZZ)Ljava/lang/Object; @ 253
Event: 3.065 Thread 0x000000001b258800 Uncommon trap: reason=bimorphic action=maybe_recompile pc=0x0000000003521680 method=java.util.HashMap.putVal(ILjava/lang/Object;Ljava/lang/Object;ZZ)Ljava/lang/Object; @ 253
Event: 3.065 Thread 0x000000001b258800 Uncommon trap: reason=bimorphic action=maybe_recompile pc=0x0000000003521680 method=java.util.HashMap.putVal(ILjava/lang/Object;Ljava/lang/Object;ZZ)Ljava/lang/Object; @ 253
Event: 3.065 Thread 0x000000001b258800 Uncommon trap: reason=bimorphic action=maybe_recompile pc=0x0000000003521680 method=java.util.HashMap.putVal(ILjava/lang/Object;Ljava/lang/Object;ZZ)Ljava/lang/Object; @ 253
Event: 3.327 Thread 0x000000001b258800 Uncommon trap: reason=class_check action=maybe_recompile pc=0x00000000035b7898 method=java.util.regex.Matcher.match(II)Z @ 86
Event: 3.327 Thread 0x000000001b258800 Uncommon trap: reason=class_check action=maybe_recompile pc=0x00000000035b7898 method=java.util.regex.Matcher.match(II)Z @ 86
Event: 3.328 Thread 0x000000001b258800 Uncommon trap: reason=class_check action=maybe_recompile pc=0x00000000035b7898 method=java.util.regex.Matcher.match(II)Z @ 86
Event: 3.328 Thread 0x000000001b258800 Uncommon trap: reason=class_check action=maybe_recompile pc=0x00000000034400cc method=java.util.regex.Matcher.match(II)Z @ 86
Event: 3.523 Thread 0x000000001b258800 Uncommon trap: reason=unstable_if action=reinterpret pc=0x00000000035b960c method=java.io.File.getName()Ljava/lang/String; @ 16
Event: 3.523 Thread 0x000000001b258800 Uncommon trap: reason=unstable_if action=reinterpret pc=0x00000000035a845c method=java.lang.String.substring(I)Ljava/lang/String; @ 35

Classes redefined (0 events):
No events

Internal exceptions (10 events):
Event: 3.004 Thread 0x000000001cac6000 Exception <a 'java/lang/NoSuchMethodError': <clinit>> (0x00000000d7577c88) thrown at [C:\src\AOSP-openjdk-git\hotspot\src\share\vm\prims\jni.cpp, line 1615]
Event: 3.011 Thread 0x000000001cac6000 Exception <a 'java/lang/NoSuchMethodError': <clinit>> (0x00000000d55813a8) thrown at [C:\src\AOSP-openjdk-git\hotspot\src\share\vm\prims\jni.cpp, line 1615]
Event: 3.013 Thread 0x000000001cac6000 Exception <a 'java/lang/NoSuchMethodError': <clinit>> (0x00000000d5595990) thrown at [C:\src\AOSP-openjdk-git\hotspot\src\share\vm\prims\jni.cpp, line 1615]
Event: 3.026 Thread 0x000000001cac6000 Exception <a 'java/lang/NoSuchMethodError': <clinit>> (0x00000000d56254c0) thrown at [C:\src\AOSP-openjdk-git\hotspot\src\share\vm\prims\jni.cpp, line 1615]
Event: 3.033 Thread 0x000000001cac6000 Exception <a 'java/lang/NoSuchMethodError': <clinit>> (0x00000000d565fa58) thrown at [C:\src\AOSP-openjdk-git\hotspot\src\share\vm\prims\jni.cpp, line 1615]
Event: 3.041 Thread 0x000000001cac6000 Exception <a 'java/lang/NoSuchMethodError': <clinit>> (0x00000000d56955f0) thrown at [C:\src\AOSP-openjdk-git\hotspot\src\share\vm\prims\jni.cpp, line 1615]
Event: 3.042 Thread 0x000000001cac6000 Exception <a 'java/lang/NoSuchMethodError': <clinit>> (0x00000000d56a1b30) thrown at [C:\src\AOSP-openjdk-git\hotspot\src\share\vm\prims\jni.cpp, line 1615]
Event: 3.590 Thread 0x000000001b258800 Exception <a 'java/lang/NoSuchMethodError': java.lang.Object.lambda$and$0(Ljava/util/function/Predicate;Ljava/lang/Object;)Z> (0x00000000d5a884c8) thrown at [C:\src\AOSP-openjdk-git\hotspot\src\share\vm\interpreter\linkResolver.cpp, line 620]
Event: 3.597 Thread 0x000000001b258800 Exception <a 'java/lang/IncompatibleClassChangeError': Found class java.lang.Object, but interface was expected> (0x00000000d5a987c0) thrown at [C:\src\AOSP-openjdk-git\hotspot\src\share\vm\interpreter\linkResolver.cpp, line 653]
Event: 3.600 Thread 0x000000001b258800 Exception <a 'java/lang/NoSuchMethodError': java.lang.Object.lambda$or$2(Ljava/util/function/Predicate;Ljava/lang/Object;)Z> (0x00000000d5a9d310) thrown at [C:\src\AOSP-openjdk-git\hotspot\src\share\vm\interpreter\linkResolver.cpp, line 620]

Events (10 events):
Event: 3.599 loading class java/util/stream/ReduceOps$Box done
Event: 3.599 loading class java/util/stream/ReduceOps$1ReducingSink done
Event: 3.601 loading class org/gradle/internal/snapshot/AtomicSnapshotHierarchyReference
Event: 3.601 loading class org/gradle/internal/snapshot/AtomicSnapshotHierarchyReference done
Event: 3.602 loading class org/gradle/internal/vfs/impl/DefaultSnapshotHierarchy
Event: 3.602 loading class org/gradle/internal/vfs/impl/DefaultSnapshotHierarchy done
Event: 3.602 loading class org/gradle/internal/snapshot/SnapshotHierarchy
Event: 3.602 loading class org/gradle/internal/snapshot/SnapshotHierarchy done
Event: 3.603 loading class org/gradle/internal/vfs/impl/DefaultSnapshotHierarchy$1
Event: 3.603 loading class org/gradle/internal/vfs/impl/DefaultSnapshotHierarchy$1 done


Dynamic libraries:
0x00007ff661830000 - 0x00007ff661861000 	C:\Program Files\Android\Android Studio\jre\bin\java.exe
0x00007fff85a70000 - 0x00007fff85c65000 	C:\WINDOWS\SYSTEM32\ntdll.dll
0x00007fff83c20000 - 0x00007fff83cdd000 	C:\WINDOWS\System32\KERNEL32.DLL
0x00007fff83760000 - 0x00007fff83a28000 	C:\WINDOWS\System32\KERNELBASE.dll
0x00007fff83f80000 - 0x00007fff8402c000 	C:\WINDOWS\System32\ADVAPI32.dll
0x00007fff84910000 - 0x00007fff849ae000 	C:\WINDOWS\System32\msvcrt.dll
0x00007fff852a0000 - 0x00007fff8533b000 	C:\WINDOWS\System32\sechost.dll
0x00007fff85170000 - 0x00007fff8529b000 	C:\WINDOWS\System32\RPCRT4.dll
0x00007fff845b0000 - 0x00007fff84750000 	C:\WINDOWS\System32\USER32.dll
0x00007fff836d0000 - 0x00007fff836f2000 	C:\WINDOWS\System32\win32u.dll
0x00007fff84570000 - 0x00007fff8459a000 	C:\WINDOWS\System32\GDI32.dll
0x00007fff83430000 - 0x00007fff8353b000 	C:\WINDOWS\System32\gdi32full.dll
0x00007fff831b0000 - 0x00007fff8324d000 	C:\WINDOWS\System32\msvcp_win.dll
0x00007fff832a0000 - 0x00007fff833a0000 	C:\WINDOWS\System32\ucrtbase.dll
0x00007fff6b740000 - 0x00007fff6b9da000 	C:\WINDOWS\WinSxS\amd64_microsoft.windows.common-controls_6595b64144ccf1df_6.0.19041.1052_none_60b8f8fd71f5e8cb\COMCTL32.dll
0x00007fff85850000 - 0x00007fff85880000 	C:\WINDOWS\System32\IMM32.DLL
0x0000000051650000 - 0x0000000051722000 	C:\Program Files\Android\Android Studio\jre\jre\bin\msvcr100.dll
0x0000000051810000 - 0x000000005205b000 	C:\Program Files\Android\Android Studio\jre\jre\bin\server\jvm.dll
0x00007fff85160000 - 0x00007fff85168000 	C:\WINDOWS\System32\PSAPI.DLL
0x00007fff77160000 - 0x00007fff77169000 	C:\WINDOWS\SYSTEM32\WSOCK32.dll
0x00007fff773e0000 - 0x00007fff773ea000 	C:\WINDOWS\SYSTEM32\VERSION.dll
0x00007fff67e80000 - 0x00007fff67ea7000 	C:\WINDOWS\SYSTEM32\WINMM.dll
0x00007fff83eb0000 - 0x00007fff83f1b000 	C:\WINDOWS\System32\WS2_32.dll
0x00007fff7ac30000 - 0x00007fff7ac3f000 	C:\Program Files\Android\Android Studio\jre\jre\bin\verify.dll
0x00007fff6efb0000 - 0x00007fff6efd9000 	C:\Program Files\Android\Android Studio\jre\jre\bin\java.dll
0x00007fff6e7f0000 - 0x00007fff6e806000 	C:\Program Files\Android\Android Studio\jre\jre\bin\zip.dll
0x00007fff84a20000 - 0x00007fff8515f000 	C:\WINDOWS\System32\SHELL32.dll
0x00007fff81300000 - 0x00007fff81a90000 	C:\WINDOWS\SYSTEM32\windows.storage.dll
0x00007fff854f0000 - 0x00007fff85845000 	C:\WINDOWS\System32\combase.dll
0x00007fff82c20000 - 0x00007fff82c4c000 	C:\WINDOWS\SYSTEM32\Wldp.dll
0x00007fff83e00000 - 0x00007fff83eae000 	C:\WINDOWS\System32\SHCORE.dll
0x00007fff83b60000 - 0x00007fff83bb5000 	C:\WINDOWS\System32\shlwapi.dll
0x00007fff830f0000 - 0x00007fff8310f000 	C:\WINDOWS\SYSTEM32\profapi.dll
0x00007fff6a560000 - 0x00007fff6a57a000 	C:\Program Files\Android\Android Studio\jre\jre\bin\net.dll
0x00007fff82990000 - 0x00007fff829fa000 	C:\WINDOWS\system32\mswsock.dll
0x00007fff6a010000 - 0x00007fff6a023000 	C:\Program Files\Android\Android Studio\jre\jre\bin\nio.dll
0x00007fff5b350000 - 0x00007fff5b377000 	C:\Users\andy1\.gradle\native\f6784746aeab05261644944871eae4fe03e0ef1612fff0a4a95f87b438bc6780\windows-amd64\native-platform.dll
0x00007fff78530000 - 0x00007fff7853d000 	C:\Program Files\Android\Android Studio\jre\jre\bin\management.dll
0x00007fff82b60000 - 0x00007fff82b78000 	C:\WINDOWS\SYSTEM32\CRYPTSP.dll
0x00007fff822c0000 - 0x00007fff822f4000 	C:\WINDOWS\system32\rsaenh.dll
0x00007fff83540000 - 0x00007fff83567000 	C:\WINDOWS\System32\bcrypt.dll
0x00007fff83070000 - 0x00007fff8309e000 	C:\WINDOWS\SYSTEM32\USERENV.dll
0x00007fff833a0000 - 0x00007fff83423000 	C:\WINDOWS\System32\bcryptprimitives.dll
0x00007fff82b80000 - 0x00007fff82b8c000 	C:\WINDOWS\SYSTEM32\CRYPTBASE.dll
0x00007fff82630000 - 0x00007fff8266b000 	C:\WINDOWS\SYSTEM32\IPHLPAPI.DLL
0x00007fff845a0000 - 0x00007fff845a8000 	C:\WINDOWS\System32\NSI.dll
0x00007fff77630000 - 0x00007fff77647000 	C:\WINDOWS\SYSTEM32\dhcpcsvc6.DLL
0x00007fff77f90000 - 0x00007fff77fad000 	C:\WINDOWS\SYSTEM32\dhcpcsvc.DLL
0x00007fff82670000 - 0x00007fff8273c000 	C:\WINDOWS\SYSTEM32\DNSAPI.dll
0x00007fff7a2c0000 - 0x00007fff7a2cb000 	C:\WINDOWS\SYSTEM32\WINNSI.DLL

VM Arguments:
jvm_args: -Xmx2048m -Dfile.encoding=UTF-8 -Duser.country=TW -Duser.language=zh -Duser.variant 
java_command: org.gradle.launcher.daemon.bootstrap.GradleDaemon 6.5
java_class_path (initial): C:\Users\andy1\.gradle\wrapper\dists\gradle-6.5-bin\6nifqtx7604sqp1q6g8wikw7p\gradle-6.5\lib\gradle-launcher-6.5.jar
Launcher Type: SUN_STANDARD

Environment Variables:
JAVA_HOME=C:\Program Files\Java\jdk-12.0.2
PATH=C:\Program Files\Java\jdk-12.0.2\bin;C:\Windows\system32;C:\Windows;C:\Windows\System32\Wbem;C:\Windows\System32\WindowsPowerShell\v1.0\;C:\Windows\System32\OpenSSH\;C:\Program Files (x86)\NVIDIA Corporation\PhysX\Common;C:\Program Files\Intel\WiFi\bin\;C:\Program Files\Common Files\Intel\WirelessCommon\;C:\WINDOWS\system32;C:\WINDOWS;C:\WINDOWS\System32\Wbem;C:\WINDOWS\System32\WindowsPowerShell\v1.0\;C:\WINDOWS\System32\OpenSSH\;C:\Program Files\NVIDIA Corporation\NVIDIA NvDLISR;C:\Program Files\OpenVPN\bin;C:\Program Files\Git\cmd;C:\Users\andy1\flutter\bin;C:\cygwin64\bin;C:\Users\andy1\AppData\Local\Microsoft\WindowsApps;C:\intelFPGA_lite\19.1\modelsim_ase\win32aloem;C:\intelFPGA\19.1\modelsim_ase\win32aloem;
USERNAME=andy
OS=Windows_NT
PROCESSOR_IDENTIFIER=Intel64 Family 6 Model 142 Stepping 12, GenuineIntel



---------------  S Y S T E M  ---------------

OS: Windows 10.0 , 64 bit Build 19041 (10.0.19041.1023)

CPU:total 8 (initial active 8) (4 cores per cpu, 2 threads per core) family 6 model 142 stepping 12, cmov, cx8, fxsr, mmx, sse, sse2, sse3, ssse3, sse4.1, sse4.2, popcnt, avx, avx2, aes, clmul, erms, 3dnowpref, lzcnt, ht, tsc, tscinvbit, bmi1, bmi2, adx

Memory: 4k page, physical 8198036k(987656k free), swap 33363860k(5420k free)

vm_info: OpenJDK 64-Bit Server VM (25.242-b01) for windows-amd64 JRE (1.8.0_242-release-1644-b01), built by "builder" with MS VC++ 10.0 (VS2010)

time: Mon Jul 19 01:41:07 2021
timezone: 
elapsed time: 3 seconds (0d 0h 0m 3s)

