#
# There is insufficient memory for the Java Runtime Environment to continue.
# Native memory allocation (malloc) failed to allocate 988576 bytes for Chunk::new
# Possible reasons:
#   The system is out of physical RAM or swap space
#   The process is running with CompressedOops enabled, and the Java Heap may be blocking the growth of the native heap
# Possible solutions:
#   Reduce memory load on the system
#   Increase physical memory or swap space
#   Check if swap backing store is full
#   Decrease Java heap size (-Xmx/-Xms)
#   Decrease number of Java threads
#   Decrease Java thread stack sizes (-Xss)
#   Set larger code cache with -XX:ReservedCodeCacheSize=
#   JVM is running with Unscaled Compressed Oops mode in which the Java heap is
#     placed in the first 4GB address space. The Java Heap base address is the
#     maximum limit for the native heap growth. Please use -XX:HeapBaseMinAddress
#     to set the Java Heap base and to place the Java Heap above 4GB virtual address.
# This output file may be truncated or incomplete.
#
#  Out of Memory Error (allocation.cpp:389), pid=16380, tid=0x0000000000004728
#
# JRE version: OpenJDK Runtime Environment (8.0_242-b01) (build 1.8.0_242-release-1644-b01)
# Java VM: OpenJDK 64-Bit Server VM (25.242-b01 mixed mode windows-amd64 compressed oops)
# Failed to write core dump. Minidumps are not enabled by default on client versions of Windows
#

---------------  T H R E A D  ---------------

Current thread (0x0000000019756800):  JavaThread "C2 CompilerThread0" daemon [_thread_in_native, id=18216, stack(0x0000000019f80000,0x000000001a080000)]

Stack: [0x0000000019f80000,0x000000001a080000]
[error occurred during error reporting (printing stack bounds), id 0xc0000005]

Native frames: (J=compiled Java code, j=interpreted, Vv=VM code, C=native code)


Current CompileTask:
C2:  15453 4760   !   4       com.sun.beans.TypeResolver::resolve (274 bytes)


---------------  P R O C E S S  ---------------

Java Threads: ( => current thread )
  0x000000001c899800 JavaThread "pool-1-thread-1" [_thread_blocked, id=22896, stack(0x000000002aa20000,0x000000002ab20000)]
  0x000000001c895000 JavaThread "Cache worker for Build Output Cleanup Cache (C:\Users\andy1\AndroidStudioProjects\VolleyTools\.gradle\buildOutputCleanup)" [_thread_blocked, id=24316, stack(0x000000002a720000,0x000000002a820000)]
  0x000000001c896000 JavaThread "jar transforms Thread 94" [_thread_blocked, id=21544, stack(0x000000002a420000,0x000000002a520000)]
  0x000000001c899000 JavaThread "jar transforms Thread 93" [_thread_blocked, id=10864, stack(0x000000002a320000,0x000000002a420000)]
  0x00000000213d5800 JavaThread "jar transforms Thread 92" [_thread_blocked, id=8460, stack(0x000000002a220000,0x000000002a320000)]
  0x00000000213d3000 JavaThread "jar transforms Thread 91" [_thread_blocked, id=33360, stack(0x000000002a120000,0x000000002a220000)]
  0x00000000213d2800 JavaThread "jar transforms Thread 90" [_thread_blocked, id=29164, stack(0x000000002a020000,0x000000002a120000)]
  0x00000000213d0000 JavaThread "jar transforms Thread 89" [_thread_blocked, id=6072, stack(0x0000000029f20000,0x000000002a020000)]
  0x00000000213d4800 JavaThread "jar transforms Thread 88" [_thread_blocked, id=9964, stack(0x0000000029e20000,0x0000000029f20000)]
  0x00000000213d1800 JavaThread "jar transforms Thread 87" [_thread_blocked, id=21888, stack(0x0000000029d20000,0x0000000029e20000)]
  0x00000000213cf800 JavaThread "jar transforms Thread 86" [_thread_blocked, id=6496, stack(0x0000000029c20000,0x0000000029d20000)]
  0x00000000213d4000 JavaThread "jar transforms Thread 85" [_thread_blocked, id=23528, stack(0x0000000029b20000,0x0000000029c20000)]
  0x00000000213ce800 JavaThread "jar transforms Thread 84" [_thread_blocked, id=13172, stack(0x0000000029a20000,0x0000000029b20000)]
  0x00000000213d1000 JavaThread "jar transforms Thread 83" [_thread_blocked, id=16900, stack(0x0000000029920000,0x0000000029a20000)]
  0x00000000213c7000 JavaThread "jar transforms Thread 82" [_thread_blocked, id=29552, stack(0x0000000029820000,0x0000000029920000)]
  0x00000000213ce000 JavaThread "jar transforms Thread 81" [_thread_blocked, id=6952, stack(0x0000000029720000,0x0000000029820000)]
  0x00000000213cd000 JavaThread "jar transforms Thread 80" [_thread_blocked, id=15504, stack(0x0000000029620000,0x0000000029720000)]
  0x00000000213c6800 JavaThread "jar transforms Thread 79" [_thread_blocked, id=25984, stack(0x0000000029520000,0x0000000029620000)]
  0x00000000213cc800 JavaThread "jar transforms Thread 78" [_thread_blocked, id=2720, stack(0x0000000029420000,0x0000000029520000)]
  0x00000000213cb800 JavaThread "jar transforms Thread 77" [_thread_blocked, id=22012, stack(0x0000000029320000,0x0000000029420000)]
  0x00000000213cb000 JavaThread "jar transforms Thread 76" [_thread_blocked, id=32132, stack(0x0000000029220000,0x0000000029320000)]
  0x00000000213ca000 JavaThread "jar transforms Thread 75" [_thread_blocked, id=23316, stack(0x0000000029120000,0x0000000029220000)]
  0x00000000213c9800 JavaThread "jar transforms Thread 74" [_thread_blocked, id=16572, stack(0x0000000029020000,0x0000000029120000)]
  0x00000000213c8000 JavaThread "jar transforms Thread 73" [_thread_blocked, id=8340, stack(0x0000000028f20000,0x0000000029020000)]
  0x00000000213c8800 JavaThread "jar transforms Thread 72" [_thread_blocked, id=27628, stack(0x0000000028e20000,0x0000000028f20000)]
  0x000000001ad7c800 JavaThread "jar transforms Thread 71" [_thread_blocked, id=11712, stack(0x0000000028d20000,0x0000000028e20000)]
  0x000000001ad7a800 JavaThread "jar transforms Thread 70" [_thread_blocked, id=29508, stack(0x0000000028c20000,0x0000000028d20000)]
  0x000000001ad79800 JavaThread "jar transforms Thread 69" [_thread_blocked, id=10024, stack(0x0000000028b20000,0x0000000028c20000)]
  0x000000001ad7d800 JavaThread "jar transforms Thread 68" [_thread_blocked, id=4312, stack(0x0000000028a20000,0x0000000028b20000)]
  0x000000001ad78000 JavaThread "jar transforms Thread 67" [_thread_blocked, id=27344, stack(0x0000000028920000,0x0000000028a20000)]
  0x000000001ad79000 JavaThread "jar transforms Thread 66" [_thread_blocked, id=7648, stack(0x0000000028820000,0x0000000028920000)]
  0x000000001ad7c000 JavaThread "jar transforms Thread 65" [_thread_blocked, id=25172, stack(0x0000000028720000,0x0000000028820000)]
  0x000000001ad7b000 JavaThread "jar transforms Thread 64" [_thread_blocked, id=20304, stack(0x0000000028620000,0x0000000028720000)]
  0x000000001ad70800 JavaThread "jar transforms Thread 63" [_thread_blocked, id=9196, stack(0x0000000028520000,0x0000000028620000)]
  0x000000001ad76800 JavaThread "jar transforms Thread 62" [_thread_blocked, id=28204, stack(0x0000000028420000,0x0000000028520000)]
  0x000000001ad77800 JavaThread "jar transforms Thread 61" [_thread_blocked, id=9684, stack(0x0000000028320000,0x0000000028420000)]
  0x000000001ad6f000 JavaThread "jar transforms Thread 60" [_thread_blocked, id=18996, stack(0x0000000028220000,0x0000000028320000)]
  0x000000001ad74800 JavaThread "jar transforms Thread 59" [_thread_blocked, id=24408, stack(0x0000000028120000,0x0000000028220000)]
  0x000000001ad73800 JavaThread "jar transforms Thread 58" [_thread_blocked, id=30412, stack(0x0000000028020000,0x0000000028120000)]
  0x000000001ad76000 JavaThread "jar transforms Thread 57" [_thread_blocked, id=3448, stack(0x0000000027f20000,0x0000000028020000)]
  0x000000001ad73000 JavaThread "jar transforms Thread 56" [_thread_blocked, id=8960, stack(0x0000000027e20000,0x0000000027f20000)]
  0x000000001ad70000 JavaThread "jar transforms Thread 55" [_thread_blocked, id=940, stack(0x0000000027d20000,0x0000000027e20000)]
  0x000000001ad72000 JavaThread "jar transforms Thread 54" [_thread_blocked, id=15056, stack(0x0000000027c20000,0x0000000027d20000)]
  0x000000001ad71800 JavaThread "jar transforms Thread 53" [_thread_blocked, id=15004, stack(0x0000000027b20000,0x0000000027c20000)]
  0x000000001ad6e800 JavaThread "jar transforms Thread 52" [_thread_blocked, id=25352, stack(0x0000000027a20000,0x0000000027b20000)]
  0x000000001ad75000 JavaThread "jar transforms Thread 51" [_thread_blocked, id=24768, stack(0x0000000027920000,0x0000000027a20000)]
  0x000000001abfe000 JavaThread "jar transforms Thread 50" [_thread_blocked, id=19592, stack(0x0000000027820000,0x0000000027920000)]
  0x000000001abfd800 JavaThread "jar transforms Thread 49" [_thread_blocked, id=19848, stack(0x0000000027720000,0x0000000027820000)]
  0x000000001abfc800 JavaThread "jar transforms Thread 48" [_thread_blocked, id=24964, stack(0x0000000027620000,0x0000000027720000)]
  0x000000001abff800 JavaThread "jar transforms Thread 47" [_thread_blocked, id=27436, stack(0x0000000027520000,0x0000000027620000)]
  0x000000001abfc000 JavaThread "jar transforms Thread 46" [_thread_blocked, id=2016, stack(0x0000000027420000,0x0000000027520000)]
  0x000000001abff000 JavaThread "jar transforms Thread 45" [_thread_blocked, id=4716, stack(0x0000000027320000,0x0000000027420000)]
  0x000000001abfa800 JavaThread "jar transforms Thread 44" [_thread_blocked, id=21804, stack(0x0000000027220000,0x0000000027320000)]
  0x000000001abfb000 JavaThread "jar transforms Thread 43" [_thread_blocked, id=30620, stack(0x0000000027120000,0x0000000027220000)]
  0x000000001abf3000 JavaThread "jar transforms Thread 42" [_thread_blocked, id=25532, stack(0x0000000027020000,0x0000000027120000)]
  0x000000001abf9800 JavaThread "jar transforms Thread 41" [_thread_blocked, id=10988, stack(0x0000000026f20000,0x0000000027020000)]
  0x000000001abf2000 JavaThread "jar transforms Thread 40" [_thread_blocked, id=4796, stack(0x0000000026e20000,0x0000000026f20000)]
  0x000000001abf9000 JavaThread "jar transforms Thread 39" [_thread_blocked, id=12080, stack(0x0000000026d20000,0x0000000026e20000)]
  0x000000001abf8000 JavaThread "jar transforms Thread 38" [_thread_blocked, id=25468, stack(0x0000000026c20000,0x0000000026d20000)]
  0x000000001abf7800 JavaThread "jar transforms Thread 37" [_thread_blocked, id=17272, stack(0x0000000026b20000,0x0000000026c20000)]
  0x000000001abf3800 JavaThread "jar transforms Thread 36" [_thread_blocked, id=25240, stack(0x0000000026a20000,0x0000000026b20000)]
  0x000000001abf0800 JavaThread "jar transforms Thread 35" [_thread_blocked, id=13356, stack(0x0000000026920000,0x0000000026a20000)]
  0x000000001abf6800 JavaThread "jar transforms Thread 34" [_thread_blocked, id=22496, stack(0x0000000026820000,0x0000000026920000)]
  0x000000001abf1000 JavaThread "jar transforms Thread 33" [_thread_blocked, id=29616, stack(0x0000000026720000,0x0000000026820000)]
  0x000000001abf5000 JavaThread "jar transforms Thread 32" [_thread_blocked, id=20104, stack(0x0000000026620000,0x0000000026720000)]
  0x000000001abf4800 JavaThread "jar transforms Thread 31" [_thread_blocked, id=14212, stack(0x0000000026520000,0x0000000026620000)]
  0x000000001abf6000 JavaThread "jar transforms Thread 30" [_thread_blocked, id=20440, stack(0x0000000026420000,0x0000000026520000)]
  0x00000000219d1000 JavaThread "jar transforms Thread 29" [_thread_blocked, id=31892, stack(0x0000000026320000,0x0000000026420000)]
  0x00000000219cf800 JavaThread "jar transforms Thread 28" [_thread_blocked, id=19796, stack(0x0000000026220000,0x0000000026320000)]
  0x00000000219cc800 JavaThread "jar transforms Thread 27" [_thread_blocked, id=9540, stack(0x0000000026120000,0x0000000026220000)]
  0x00000000219cb000 JavaThread "jar transforms Thread 26" [_thread_blocked, id=17852, stack(0x0000000026020000,0x0000000026120000)]
  0x00000000219ce000 JavaThread "jar transforms Thread 25" [_thread_blocked, id=27448, stack(0x0000000025f20000,0x0000000026020000)]
  0x00000000219cd800 JavaThread "jar transforms Thread 24" [_thread_blocked, id=9856, stack(0x0000000025e20000,0x0000000025f20000)]
  0x00000000219cf000 JavaThread "jar transforms Thread 23" [_thread_blocked, id=6332, stack(0x0000000025d20000,0x0000000025e20000)]
  0x00000000219d0800 JavaThread "jar transforms Thread 22" [_thread_blocked, id=27600, stack(0x0000000025c20000,0x0000000025d20000)]
  0x00000000219cc000 JavaThread "jar transforms Thread 21" [_thread_blocked, id=3152, stack(0x0000000025b20000,0x0000000025c20000)]
  0x00000000219c3800 JavaThread "jar transforms Thread 20" [_thread_blocked, id=22324, stack(0x0000000025a20000,0x0000000025b20000)]
  0x00000000219ca800 JavaThread "jar transforms Thread 19" [_thread_blocked, id=28700, stack(0x0000000025920000,0x0000000025a20000)]
  0x00000000219c9000 JavaThread "jar transforms Thread 18" [_thread_blocked, id=12104, stack(0x0000000025820000,0x0000000025920000)]
  0x00000000219c8000 JavaThread "jar transforms Thread 17" [_thread_blocked, id=15868, stack(0x0000000025720000,0x0000000025820000)]
  0x00000000219c9800 JavaThread "jar transforms Thread 16" [_thread_blocked, id=20280, stack(0x0000000025620000,0x0000000025720000)]
  0x00000000219c3000 JavaThread "jar transforms Thread 15" [_thread_blocked, id=14572, stack(0x0000000025520000,0x0000000025620000)]
  0x00000000219c7800 JavaThread "jar transforms Thread 14" [_thread_blocked, id=9340, stack(0x0000000025420000,0x0000000025520000)]
  0x00000000219c2000 JavaThread "jar transforms Thread 13" [_thread_blocked, id=29004, stack(0x0000000025320000,0x0000000025420000)]
  0x00000000219c6800 JavaThread "jar transforms Thread 12" [_thread_blocked, id=31664, stack(0x0000000025220000,0x0000000025320000)]
  0x00000000219c6000 JavaThread "jar transforms Thread 11" [_thread_blocked, id=5832, stack(0x0000000025120000,0x0000000025220000)]
  0x00000000219c5000 JavaThread "jar transforms Thread 10" [_thread_blocked, id=21388, stack(0x0000000025020000,0x0000000025120000)]
  0x00000000219c4800 JavaThread "jar transforms Thread 9" [_thread_blocked, id=10004, stack(0x0000000024f20000,0x0000000025020000)]
  0x000000001ec7a000 JavaThread "jar transforms Thread 8" [_thread_blocked, id=12284, stack(0x0000000024e20000,0x0000000024f20000)]
  0x000000001ec77800 JavaThread "jar transforms Thread 7" [_thread_blocked, id=2996, stack(0x0000000024d20000,0x0000000024e20000)]
  0x000000001ec74000 JavaThread "jar transforms Thread 6" [_thread_blocked, id=20092, stack(0x0000000024c20000,0x0000000024d20000)]
  0x000000001ec77000 JavaThread "jar transforms Thread 5" [_thread_blocked, id=31064, stack(0x0000000024b20000,0x0000000024c20000)]
  0x000000001ec79000 JavaThread "jar transforms Thread 4" [_thread_blocked, id=21808, stack(0x00000000240e0000,0x00000000241e0000)]
  0x000000001ec76000 JavaThread "jar transforms Thread 3" [_thread_blocked, id=10324, stack(0x0000000023fe0000,0x00000000240e0000)]
  0x000000001ec78800 JavaThread "jar transforms Thread 2" [_thread_blocked, id=8884, stack(0x0000000023ee0000,0x0000000023fe0000)]
  0x000000001ec75800 JavaThread "Build operations Thread 8" [_thread_blocked, id=13824, stack(0x0000000024920000,0x0000000024a20000)]
  0x000000001ec74800 JavaThread "Build operations Thread 7" [_thread_blocked, id=988, stack(0x0000000024820000,0x0000000024920000)]
  0x000000001ec6c800 JavaThread "Build operations Thread 6" [_thread_blocked, id=29944, stack(0x0000000024720000,0x0000000024820000)]
  0x000000001ec73000 JavaThread "Build operations Thread 5" [_thread_blocked, id=14736, stack(0x0000000024620000,0x0000000024720000)]
  0x000000001ec6b800 JavaThread "Build operations Thread 4" [_thread_blocked, id=18040, stack(0x0000000024520000,0x0000000024620000)]
  0x000000001ec71000 JavaThread "Build operations Thread 3" [_thread_blocked, id=14732, stack(0x0000000024420000,0x0000000024520000)]
  0x000000001ec6e000 JavaThread "Build operations Thread 2" [_thread_blocked, id=16200, stack(0x0000000024320000,0x0000000024420000)]
  0x000000001ec6f800 JavaThread "Build operations" [_thread_blocked, id=4992, stack(0x0000000024220000,0x0000000024320000)]
  0x000000001ec71800 JavaThread "Cache worker for file content cache (C:\Users\andy1\.gradle\caches\6.5\fileContent)" [_thread_blocked, id=4508, stack(0x0000000022810000,0x0000000022910000)]
  0x000000001975e000 JavaThread "jar transforms" [_thread_blocked, id=23156, stack(0x0000000022710000,0x0000000022810000)]
  0x0000000019760000 JavaThread "Cache worker for execution history cache (C:\Users\andy1\.gradle\caches\6.5\executionHistory)" [_thread_blocked, id=23080, stack(0x0000000022010000,0x0000000022110000)]
  0x000000001975c800 JavaThread "Cache worker for cache directory md-rule (C:\Users\andy1\.gradle\caches\6.5\md-rule)" [_thread_blocked, id=15192, stack(0x0000000021f10000,0x0000000022010000)]
  0x000000001975b000 JavaThread "Cache worker for cache directory md-supplier (C:\Users\andy1\.gradle\caches\6.5\md-supplier)" [_thread_blocked, id=16360, stack(0x0000000020ab0000,0x0000000020bb0000)]
  0x000000001975d000 JavaThread "Cache worker for checksums cache (C:\Users\andy1\AndroidStudioProjects\VolleyTools\.gradle\checksums)" [_thread_blocked, id=31248, stack(0x00000000209b0000,0x0000000020ab0000)]
  0x000000001975f800 JavaThread "Cache worker for file hash cache (C:\Users\andy1\AndroidStudioProjects\VolleyTools\.gradle\6.5\fileHashes)" [_thread_blocked, id=4904, stack(0x0000000021e10000,0x0000000021f10000)]
  0x000000001975b800 JavaThread "Cache worker for file hash cache (C:\Users\andy1\.gradle\caches\6.5\fileHashes)" [_thread_blocked, id=16744, stack(0x000000001e510000,0x000000001e610000)]
  0x0000000019759800 JavaThread "File lock request listener" [_thread_in_native, id=19916, stack(0x000000001e410000,0x000000001e510000)]
  0x000000001c208800 JavaThread "Cache worker for journal cache (C:\Users\andy1\.gradle\caches\journal-1)" [_thread_blocked, id=27860, stack(0x000000001e310000,0x000000001e410000)]
  0x000000001c1bc000 JavaThread "Thread-9" [_thread_blocked, id=17388, stack(0x000000001e010000,0x000000001e110000)]
  0x000000001c1b7000 JavaThread "Stdin handler" [_thread_blocked, id=32564, stack(0x000000001df10000,0x000000001e010000)]
  0x000000001c1b6800 JavaThread "Asynchronous log dispatcher for DefaultDaemonConnection: socket connection from /127.0.0.1:55431 to /127.0.0.1:55432" [_thread_blocked, id=32096, stack(0x000000001de10000,0x000000001df10000)]
  0x000000001b22d800 JavaThread "Daemon worker" [_thread_in_vm, id=31852, stack(0x000000001dd10000,0x000000001de10000)]
  0x000000001b22d000 JavaThread "Cancel handler" [_thread_blocked, id=15664, stack(0x000000001dc10000,0x000000001dd10000)]
  0x000000001c0e6000 JavaThread "Handler for socket connection from /127.0.0.1:55431 to /127.0.0.1:55432" [_thread_in_native, id=21820, stack(0x000000001db10000,0x000000001dc10000)]
  0x000000001c0e5800 JavaThread "Daemon" [_thread_blocked, id=29216, stack(0x000000001da10000,0x000000001db10000)]
  0x000000001c0d3800 JavaThread "Daemon periodic checks" [_thread_blocked, id=16660, stack(0x000000001d710000,0x000000001d810000)]
  0x000000001c0e8000 JavaThread "Incoming local TCP Connector on port 55431" [_thread_in_native, id=21644, stack(0x000000001d560000,0x000000001d660000)]
  0x000000001c032000 JavaThread "Daemon health stats" [_thread_blocked, id=31812, stack(0x000000001cf20000,0x000000001d020000)]
  0x00000000197f3800 JavaThread "Service Thread" daemon [_thread_blocked, id=9828, stack(0x000000001a380000,0x000000001a480000)]
  0x000000001975a000 JavaThread "C1 CompilerThread3" daemon [_thread_blocked, id=27284, stack(0x000000001a280000,0x000000001a380000)]
  0x000000001975e800 JavaThread "C2 CompilerThread2" daemon [_thread_blocked, id=33736, stack(0x000000001a180000,0x000000001a280000)]
  0x000000001795b800 JavaThread "C2 CompilerThread1" daemon [_thread_in_native, id=26932, stack(0x000000001a080000,0x000000001a180000)]
=>0x0000000019756800 JavaThread "C2 CompilerThread0" daemon [_thread_in_native, id=18216, stack(0x0000000019f80000,0x000000001a080000)]
  0x0000000019755000 JavaThread "Attach Listener" daemon [_thread_blocked, id=4652, stack(0x0000000019e80000,0x0000000019f80000)]
  0x0000000019754000 JavaThread "Signal Dispatcher" daemon [_thread_blocked, id=23652, stack(0x0000000019d80000,0x0000000019e80000)]
  0x00000000028dd800 JavaThread "Finalizer" daemon [_thread_blocked, id=28224, stack(0x0000000019c20000,0x0000000019d20000)]
  0x00000000028d7000 JavaThread "Reference Handler" daemon [_thread_blocked, id=30460, stack(0x0000000019b20000,0x0000000019c20000)]
  0x0000000000e1e800 JavaThread "main" [_thread_blocked, id=27884, stack(0x0000000002640000,0x0000000002740000)]

Other Threads:
  0x0000000017946000 VMThread [stack: 0x0000000019620000,0x0000000019720000] [id=13640]
  0x00000000197f4000 WatcherThread [stack: 0x000000001a480000,0x000000001a580000] [id=33000]

VM state:not at safepoint (normal execution)

VM Mutex/Monitor currently owned by a thread: None

heap address: 0x0000000080000000, size: 2048 MB, Compressed Oops mode: 32-bit
Narrow klass base: 0x0000000000000000, Narrow klass shift: 3
Compressed class space size: 1073741824 Address: 0x0000000100000000

Heap:
 PSYoungGen      total 177664K, used 164638K [0x00000000d5580000, 0x00000000e1b00000, 0x0000000100000000)
  eden space 167424K, 92% used [0x00000000d5580000,0x00000000dec811d8,0x00000000df900000)
  from space 10240K, 97% used [0x00000000e1100000,0x00000000e1ac6708,0x00000000e1b00000)
  to   space 13312K, 0% used [0x00000000e0100000,0x00000000e0100000,0x00000000e0e00000)
 ParOldGen       total 72704K, used 17355K [0x0000000080000000, 0x0000000084700000, 0x00000000d5580000)
  object space 72704K, 23% used [0x0000000080000000,0x00000000810f2c08,0x0000000084700000)
 Metaspace       used 52506K, capacity 54594K, committed 54872K, reserved 1097728K
  class space    used 7027K, capacity 7465K, committed 7552K, reserved 1048576K

Card table byte_map: [0x0000000011ca0000,0x00000000120b0000] byte_map_base: 0x00000000118a0000

Marking Bits: (ParMarkBitMap*) 0x0000000051fdf030
 Begin Bits: [0x0000000012b60000, 0x0000000014b60000)
 End Bits:   [0x0000000014b60000, 0x0000000016b60000)

Polling page: 0x0000000000e60000

CodeCache: size=245760Kb used=15028Kb max_used=15040Kb free=230731Kb
 bounds [0x00000000028e0000, 0x00000000037a0000, 0x00000000118e0000]
 total_blobs=5195 nmethods=4432 adapters=675
 compilation: enabled

Compilation events (10 events):
Event: 15.450 Thread 0x000000001975a000 nmethod 4860 0x00000000037941d0 code [0x0000000003794320, 0x0000000003794430]
Event: 15.450 Thread 0x000000001975a000 4861       1       kotlin.Pair::getSecond (5 bytes)
Event: 15.450 Thread 0x000000001975a000 nmethod 4861 0x0000000003794990 code [0x0000000003794ae0, 0x0000000003794bf0]
Event: 15.450 Thread 0x000000001975a000 4863       3       com.google.common.collect.RegularImmutableMap::get (64 bytes)
Event: 15.451 Thread 0x000000001975a000 nmethod 4863 0x00000000037969d0 code [0x0000000003796b80, 0x0000000003797308]
Event: 15.451 Thread 0x000000001975a000 4862       3       com.google.common.collect.RegularImmutableMap::get (13 bytes)
Event: 15.451 Thread 0x000000001975a000 nmethod 4862 0x0000000003797590 code [0x0000000003797700, 0x00000000037978a8]
Event: 15.451 Thread 0x000000001975a000 4864       1       org.gradle.api.internal.artifacts.configurations.DefaultConfiguration::getIncoming (5 bytes)
Event: 15.451 Thread 0x000000001975a000 nmethod 4864 0x0000000003797950 code [0x0000000003797aa0, 0x0000000003797bb0]
Event: 15.451 Thread 0x000000001975a000 4865       3       org.gradle.configuration.internal.UserCodeApplicationId::longValue (5 bytes)

GC Heap History (10 events):
Event: 6.153 GC heap before
{Heap before GC invocations=8 (full 1):
 PSYoungGen      total 75264K, used 3796K [0x00000000d5580000, 0x00000000de880000, 0x0000000100000000)
  eden space 64512K, 0% used [0x00000000d5580000,0x00000000d5580000,0x00000000d9480000)
  from space 10752K, 35% used [0x00000000d9480000,0x00000000d9835040,0x00000000d9f00000)
  to   space 10752K, 0% used [0x00000000dde00000,0x00000000dde00000,0x00000000de880000)
 ParOldGen       total 86016K, used 8662K [0x0000000080000000, 0x0000000085400000, 0x00000000d5580000)
  object space 86016K, 10% used [0x0000000080000000,0x0000000080875858,0x0000000085400000)
 Metaspace       used 20471K, capacity 21204K, committed 21248K, reserved 1067008K
  class space    used 2856K, capacity 3048K, committed 3072K, reserved 1048576K
Event: 6.200 GC heap after
Heap after GC invocations=8 (full 1):
 PSYoungGen      total 75264K, used 0K [0x00000000d5580000, 0x00000000de880000, 0x0000000100000000)
  eden space 64512K, 0% used [0x00000000d5580000,0x00000000d5580000,0x00000000d9480000)
  from space 10752K, 0% used [0x00000000d9480000,0x00000000d9480000,0x00000000d9f00000)
  to   space 10752K, 0% used [0x00000000dde00000,0x00000000dde00000,0x00000000de880000)
 ParOldGen       total 48640K, used 7573K [0x0000000080000000, 0x0000000082f80000, 0x00000000d5580000)
  object space 48640K, 15% used [0x0000000080000000,0x00000000807654e0,0x0000000082f80000)
 Metaspace       used 20471K, capacity 21204K, committed 21248K, reserved 1067008K
  class space    used 2856K, capacity 3048K, committed 3072K, reserved 1048576K
}
Event: 7.910 GC heap before
{Heap before GC invocations=9 (full 1):
 PSYoungGen      total 75264K, used 64512K [0x00000000d5580000, 0x00000000de880000, 0x0000000100000000)
  eden space 64512K, 100% used [0x00000000d5580000,0x00000000d9480000,0x00000000d9480000)
  from space 10752K, 0% used [0x00000000d9480000,0x00000000d9480000,0x00000000d9f00000)
  to   space 10752K, 0% used [0x00000000dde00000,0x00000000dde00000,0x00000000de880000)
 ParOldGen       total 48640K, used 7573K [0x0000000080000000, 0x0000000082f80000, 0x00000000d5580000)
  object space 48640K, 15% used [0x0000000080000000,0x00000000807654e0,0x0000000082f80000)
 Metaspace       used 28442K, capacity 29290K, committed 29568K, reserved 1075200K
  class space    used 3929K, capacity 4159K, committed 4224K, reserved 1048576K
Event: 7.927 GC heap after
Heap after GC invocations=9 (full 1):
 PSYoungGen      total 128000K, used 8159K [0x00000000d5580000, 0x00000000de600000, 0x0000000100000000)
  eden space 119808K, 0% used [0x00000000d5580000,0x00000000d5580000,0x00000000dca80000)
  from space 8192K, 99% used [0x00000000dde00000,0x00000000de5f7fe0,0x00000000de600000)
  to   space 11264K, 0% used [0x00000000dd000000,0x00000000dd000000,0x00000000ddb00000)
 ParOldGen       total 48640K, used 7581K [0x0000000080000000, 0x0000000082f80000, 0x00000000d5580000)
  object space 48640K, 15% used [0x0000000080000000,0x00000000807674e0,0x0000000082f80000)
 Metaspace       used 28442K, capacity 29290K, committed 29568K, reserved 1075200K
  class space    used 3929K, capacity 4159K, committed 4224K, reserved 1048576K
}
Event: 9.343 GC heap before
{Heap before GC invocations=10 (full 1):
 PSYoungGen      total 128000K, used 102969K [0x00000000d5580000, 0x00000000de600000, 0x0000000100000000)
  eden space 119808K, 79% used [0x00000000d5580000,0x00000000db216620,0x00000000dca80000)
  from space 8192K, 99% used [0x00000000dde00000,0x00000000de5f7fe0,0x00000000de600000)
  to   space 11264K, 0% used [0x00000000dd000000,0x00000000dd000000,0x00000000ddb00000)
 ParOldGen       total 48640K, used 7581K [0x0000000080000000, 0x0000000082f80000, 0x00000000d5580000)
  object space 48640K, 15% used [0x0000000080000000,0x00000000807674e0,0x0000000082f80000)
 Metaspace       used 34193K, capacity 35392K, committed 35416K, reserved 1079296K
  class space    used 4704K, capacity 4973K, committed 4992K, reserved 1048576K
Event: 9.358 GC heap after
Heap after GC invocations=10 (full 1):
 PSYoungGen      total 136704K, used 11193K [0x00000000d5580000, 0x00000000e1d80000, 0x0000000100000000)
  eden space 125440K, 0% used [0x00000000d5580000,0x00000000d5580000,0x00000000dd000000)
  from space 11264K, 99% used [0x00000000dd000000,0x00000000ddaee600,0x00000000ddb00000)
  to   space 12800K, 0% used [0x00000000e1100000,0x00000000e1100000,0x00000000e1d80000)
 ParOldGen       total 48640K, used 7589K [0x0000000080000000, 0x0000000082f80000, 0x00000000d5580000)
  object space 48640K, 15% used [0x0000000080000000,0x00000000807694e0,0x0000000082f80000)
 Metaspace       used 34193K, capacity 35392K, committed 35416K, reserved 1079296K
  class space    used 4704K, capacity 4973K, committed 4992K, reserved 1048576K
}
Event: 9.358 GC heap before
{Heap before GC invocations=11 (full 2):
 PSYoungGen      total 136704K, used 11193K [0x00000000d5580000, 0x00000000e1d80000, 0x0000000100000000)
  eden space 125440K, 0% used [0x00000000d5580000,0x00000000d5580000,0x00000000dd000000)
  from space 11264K, 99% used [0x00000000dd000000,0x00000000ddaee600,0x00000000ddb00000)
  to   space 12800K, 0% used [0x00000000e1100000,0x00000000e1100000,0x00000000e1d80000)
 ParOldGen       total 48640K, used 7589K [0x0000000080000000, 0x0000000082f80000, 0x00000000d5580000)
  object space 48640K, 15% used [0x0000000080000000,0x00000000807694e0,0x0000000082f80000)
 Metaspace       used 34193K, capacity 35392K, committed 35416K, reserved 1079296K
  class space    used 4704K, capacity 4973K, committed 4992K, reserved 1048576K
Event: 9.476 GC heap after
Heap after GC invocations=11 (full 2):
 PSYoungGen      total 136704K, used 0K [0x00000000d5580000, 0x00000000e1d80000, 0x0000000100000000)
  eden space 125440K, 0% used [0x00000000d5580000,0x00000000d5580000,0x00000000dd000000)
  from space 11264K, 0% used [0x00000000dd000000,0x00000000dd000000,0x00000000ddb00000)
  to   space 12800K, 0% used [0x00000000e1100000,0x00000000e1100000,0x00000000e1d80000)
 ParOldGen       total 72704K, used 17347K [0x0000000080000000, 0x0000000084700000, 0x00000000d5580000)
  object space 72704K, 23% used [0x0000000080000000,0x00000000810f0c08,0x0000000084700000)
 Metaspace       used 34193K, capacity 35392K, committed 35416K, reserved 1079296K
  class space    used 4704K, capacity 4973K, committed 4992K, reserved 1048576K
}
Event: 11.792 GC heap before
{Heap before GC invocations=12 (full 2):
 PSYoungGen      total 136704K, used 125440K [0x00000000d5580000, 0x00000000e1d80000, 0x0000000100000000)
  eden space 125440K, 100% used [0x00000000d5580000,0x00000000dd000000,0x00000000dd000000)
  from space 11264K, 0% used [0x00000000dd000000,0x00000000dd000000,0x00000000ddb00000)
  to   space 12800K, 0% used [0x00000000e1100000,0x00000000e1100000,0x00000000e1d80000)
 ParOldGen       total 72704K, used 17347K [0x0000000080000000, 0x0000000084700000, 0x00000000d5580000)
  object space 72704K, 23% used [0x0000000080000000,0x00000000810f0c08,0x0000000084700000)
 Metaspace       used 39260K, capacity 40994K, committed 41048K, reserved 1085440K
  class space    used 5413K, capacity 5753K, committed 5760K, reserved 1048576K
Event: 11.804 GC heap after
Heap after GC invocations=12 (full 2):
 PSYoungGen      total 177664K, used 10009K [0x00000000d5580000, 0x00000000e1b00000, 0x0000000100000000)
  eden space 167424K, 0% used [0x00000000d5580000,0x00000000d5580000,0x00000000df900000)
  from space 10240K, 97% used [0x00000000e1100000,0x00000000e1ac6708,0x00000000e1b00000)
  to   space 13312K, 0% used [0x00000000e0100000,0x00000000e0100000,0x00000000e0e00000)
 ParOldGen       total 72704K, used 17355K [0x0000000080000000, 0x0000000084700000, 0x00000000d5580000)
  object space 72704K, 23% used [0x0000000080000000,0x00000000810f2c08,0x0000000084700000)
 Metaspace       used 39260K, capacity 40994K, committed 41048K, reserved 1085440K
  class space    used 5413K, capacity 5753K, committed 5760K, reserved 1048576K
}

Deoptimization events (10 events):
Event: 13.786 Thread 0x000000001b22d800 Uncommon trap: reason=unstable_if action=reinterpret pc=0x0000000003313ef0 method=org.gradle.internal.reflect.PropertyAccessorType.of(Ljava/lang/reflect/Method;)Lorg/gradle/internal/reflect/PropertyAccessorType; @ 56
Event: 14.586 Thread 0x000000001b22d800 Uncommon trap: reason=unstable_if action=reinterpret pc=0x0000000002d91af4 method=com.sun.org.apache.xerces.internal.impl.XMLEntityScanner.checkBeforeLoad(Lcom/sun/xml/internal/stream/Entity$ScannedEntity;II)I @ 18
Event: 14.779 Thread 0x000000001b22d800 Uncommon trap: reason=unstable_if action=reinterpret pc=0x0000000003511770 method=org.gradle.internal.instantiation.generator.AbstractClassGenerator$InjectionAnnotationValidator.validateMethod(Ljava/lang/reflect/Method;Lorg/gradle/internal/reflect/Propert
Event: 14.779 Thread 0x000000001b22d800 Uncommon trap: reason=unstable_if action=reinterpret pc=0x000000000352c73c method=org.gradle.internal.instantiation.generator.AbstractClassGenerator$InjectionAnnotationValidator.validateMethod(Ljava/lang/reflect/Method;Lorg/gradle/internal/reflect/Propert
Event: 14.850 Thread 0x000000001b22d800 Uncommon trap: reason=unstable_if action=reinterpret pc=0x00000000034ad038 method=org.codehaus.groovy.runtime.metaclass.MetaMethodIndex.isNonRealMethod(Lgroovy/lang/MetaMethod;)Z @ 4
Event: 14.851 Thread 0x000000001b22d800 Uncommon trap: reason=unstable_if action=reinterpret pc=0x00000000033cb514 method=groovy.lang.MetaClassImpl$1MOPIter.methodNameAction(Ljava/lang/Class;Lorg/codehaus/groovy/runtime/metaclass/MetaMethodIndex$Entry;)V @ 182
Event: 14.879 Thread 0x000000001b22d800 Uncommon trap: reason=class_check action=maybe_recompile pc=0x0000000003051a68 method=java.util.WeakHashMap.eq(Ljava/lang/Object;Ljava/lang/Object;)Z @ 7
Event: 14.881 Thread 0x000000001b22d800 Uncommon trap: reason=unstable_if action=reinterpret pc=0x0000000003623c34 method=java.lang.ClassLoader.checkCerts(Ljava/lang/String;Ljava/security/CodeSource;)V @ 29
Event: 15.047 Thread 0x000000001b22d800 Uncommon trap: reason=null_check action=make_not_entrant pc=0x00000000030b1d50 method=java.lang.Class.searchMethods([Ljava/lang/reflect/Method;Ljava/lang/String;[Ljava/lang/Class;)Ljava/lang/reflect/Method; @ 59
Event: 15.097 Thread 0x000000001b22d800 Uncommon trap: reason=class_check action=maybe_recompile pc=0x0000000003051a68 method=java.util.WeakHashMap.eq(Ljava/lang/Object;Ljava/lang/Object;)Z @ 7

Classes redefined (0 events):
No events

Internal exceptions (10 events):
Event: 15.130 Thread 0x000000001b22d800 Exception <a 'java/lang/ClassNotFoundException': build_6onoc2gny6wmojom9yjspcag6$_run_closure1$_closure4BeanInfo> (0x00000000ddb35ab8) thrown at [C:\src\AOSP-openjdk-git\hotspot\src\share\vm\classfile\systemDictionary.cpp, line 210]
Event: 15.130 Thread 0x000000001b22d800 Exception <a 'java/lang/ClassNotFoundException': build_6onoc2gny6wmojom9yjspcag6$_run_closure1$_closure4Customizer> (0x00000000ddb47618) thrown at [C:\src\AOSP-openjdk-git\hotspot\src\share\vm\classfile\systemDictionary.cpp, line 210]
Event: 15.132 Thread 0x000000001b22d800 Exception <a 'java/lang/ClassNotFoundException': build_6onoc2gny6wmojom9yjspcag6$_run_closure1BeanInfo> (0x00000000ddb78dd8) thrown at [C:\src\AOSP-openjdk-git\hotspot\src\share\vm\classfile\systemDictionary.cpp, line 210]
Event: 15.133 Thread 0x000000001b22d800 Exception <a 'java/lang/ClassNotFoundException': build_6onoc2gny6wmojom9yjspcag6$_run_closure1Customizer> (0x00000000ddb89e90) thrown at [C:\src\AOSP-openjdk-git\hotspot\src\share\vm\classfile\systemDictionary.cpp, line 210]
Event: 15.138 Thread 0x000000001b22d800 Exception <a 'java/lang/ClassNotFoundException': org/gradle/api/JavaVersionBeanInfo> (0x00000000ddbee360) thrown at [C:\src\AOSP-openjdk-git\hotspot\src\share\vm\classfile\systemDictionary.cpp, line 210]
Event: 15.139 Thread 0x000000001b22d800 Exception <a 'java/lang/ClassNotFoundException': org/gradle/api/JavaVersionCustomizer> (0x00000000ddc1be00) thrown at [C:\src\AOSP-openjdk-git\hotspot\src\share\vm\classfile\systemDictionary.cpp, line 210]
Event: 15.142 Thread 0x000000001b22d800 Exception <a 'java/lang/ClassNotFoundException': com/android/build/gradle/internal/CompileOptions_DecoratedBeanInfo> (0x00000000ddc81b40) thrown at [C:\src\AOSP-openjdk-git\hotspot\src\share\vm\classfile\systemDictionary.cpp, line 210]
Event: 15.143 Thread 0x000000001b22d800 Exception <a 'java/lang/ClassNotFoundException': com/android/build/gradle/internal/CompileOptionsBeanInfo> (0x00000000ddc9d440) thrown at [C:\src\AOSP-openjdk-git\hotspot\src\share\vm\classfile\systemDictionary.cpp, line 210]
Event: 15.144 Thread 0x000000001b22d800 Exception <a 'java/lang/ClassNotFoundException': com/android/build/gradle/internal/CompileOptionsCustomizer> (0x00000000ddcb8f38) thrown at [C:\src\AOSP-openjdk-git\hotspot\src\share\vm\classfile\systemDictionary.cpp, line 210]
Event: 15.145 Thread 0x000000001b22d800 Exception <a 'java/lang/ClassNotFoundException': com/android/build/gradle/internal/CompileOptions_DecoratedCustomizer> (0x00000000ddcea338) thrown at [C:\src\AOSP-openjdk-git\hotspot\src\share\vm\classfile\systemDictionary.cpp, line 210]

Events (10 events):
Event: 15.430 loading class com/android/build/gradle/internal/core/VariantDslInfoImpl$testLabel$1
Event: 15.430 loading class com/android/build/gradle/internal/core/VariantDslInfoImpl$testLabel$1 done
Event: 15.430 loading class com/android/build/api/component/impl/AndroidTestPropertiesImpl$buildConfigFields$2
Event: 15.430 loading class com/android/build/api/component/impl/AndroidTestPropertiesImpl$buildConfigFields$2 done
Event: 15.431 loading class com/android/build/api/component/impl/AndroidTestPropertiesImpl$resValues$2
Event: 15.431 loading class com/android/build/api/component/impl/AndroidTestPropertiesImpl$resValues$2 done
Event: 15.444 loading class com/android/build/gradle/internal/core/VariantDslInfoImpl
Event: 15.444 loading class com/android/build/gradle/internal/core/VariantDslInfoImpl done
Event: 15.445 loading class com/android/build/gradle/internal/core/VariantDslInfoImpl
Event: 15.445 loading class com/android/build/gradle/internal/core/VariantDslInfoImpl done


Dynamic libraries:
0x00007ff661830000 - 0x00007ff661861000 	C:\Program Files\Android\Android Studio\jre\bin\java.exe
0x00007fff85a70000 - 0x00007fff85c65000 	C:\WINDOWS\SYSTEM32\ntdll.dll
0x00007fff83c20000 - 0x00007fff83cdd000 	C:\WINDOWS\System32\KERNEL32.DLL
0x00007fff83760000 - 0x00007fff83a28000 	C:\WINDOWS\System32\KERNELBASE.dll
0x00007fff83f80000 - 0x00007fff8402c000 	C:\WINDOWS\System32\ADVAPI32.dll
0x00007fff84910000 - 0x00007fff849ae000 	C:\WINDOWS\System32\msvcrt.dll
0x00007fff852a0000 - 0x00007fff8533b000 	C:\WINDOWS\System32\sechost.dll
0x00007fff85170000 - 0x00007fff8529b000 	C:\WINDOWS\System32\RPCRT4.dll
0x00007fff845b0000 - 0x00007fff84750000 	C:\WINDOWS\System32\USER32.dll
0x00007fff836d0000 - 0x00007fff836f2000 	C:\WINDOWS\System32\win32u.dll
0x00007fff84570000 - 0x00007fff8459a000 	C:\WINDOWS\System32\GDI32.dll
0x00007fff83430000 - 0x00007fff8353b000 	C:\WINDOWS\System32\gdi32full.dll
0x00007fff831b0000 - 0x00007fff8324d000 	C:\WINDOWS\System32\msvcp_win.dll
0x00007fff832a0000 - 0x00007fff833a0000 	C:\WINDOWS\System32\ucrtbase.dll
0x00007fff6b740000 - 0x00007fff6b9da000 	C:\WINDOWS\WinSxS\amd64_microsoft.windows.common-controls_6595b64144ccf1df_6.0.19041.1052_none_60b8f8fd71f5e8cb\COMCTL32.dll
0x00007fff85850000 - 0x00007fff85880000 	C:\WINDOWS\System32\IMM32.DLL
0x0000000051650000 - 0x0000000051722000 	C:\Program Files\Android\Android Studio\jre\jre\bin\msvcr100.dll
0x0000000051810000 - 0x000000005205b000 	C:\Program Files\Android\Android Studio\jre\jre\bin\server\jvm.dll
0x00007fff85160000 - 0x00007fff85168000 	C:\WINDOWS\System32\PSAPI.DLL
0x00007fff773e0000 - 0x00007fff773ea000 	C:\WINDOWS\SYSTEM32\VERSION.dll
0x00007fff77160000 - 0x00007fff77169000 	C:\WINDOWS\SYSTEM32\WSOCK32.dll
0x00007fff67e80000 - 0x00007fff67ea7000 	C:\WINDOWS\SYSTEM32\WINMM.dll
0x00007fff83eb0000 - 0x00007fff83f1b000 	C:\WINDOWS\System32\WS2_32.dll
0x00007fff7ac30000 - 0x00007fff7ac3f000 	C:\Program Files\Android\Android Studio\jre\jre\bin\verify.dll
0x00007fff6efb0000 - 0x00007fff6efd9000 	C:\Program Files\Android\Android Studio\jre\jre\bin\java.dll
0x00007fff6e7f0000 - 0x00007fff6e806000 	C:\Program Files\Android\Android Studio\jre\jre\bin\zip.dll
0x00007fff84a20000 - 0x00007fff8515f000 	C:\WINDOWS\System32\SHELL32.dll
0x00007fff81300000 - 0x00007fff81a90000 	C:\WINDOWS\SYSTEM32\windows.storage.dll
0x00007fff854f0000 - 0x00007fff85845000 	C:\WINDOWS\System32\combase.dll
0x00007fff82c20000 - 0x00007fff82c4c000 	C:\WINDOWS\SYSTEM32\Wldp.dll
0x00007fff83e00000 - 0x00007fff83eae000 	C:\WINDOWS\System32\SHCORE.dll
0x00007fff83b60000 - 0x00007fff83bb5000 	C:\WINDOWS\System32\shlwapi.dll
0x00007fff830f0000 - 0x00007fff8310f000 	C:\WINDOWS\SYSTEM32\profapi.dll
0x00007fff6a560000 - 0x00007fff6a57a000 	C:\Program Files\Android\Android Studio\jre\jre\bin\net.dll
0x00007fff82990000 - 0x00007fff829fa000 	C:\WINDOWS\system32\mswsock.dll
0x00007fff6a010000 - 0x00007fff6a023000 	C:\Program Files\Android\Android Studio\jre\jre\bin\nio.dll
0x00007fff5b350000 - 0x00007fff5b377000 	C:\Users\andy1\.gradle\native\f6784746aeab05261644944871eae4fe03e0ef1612fff0a4a95f87b438bc6780\windows-amd64\native-platform.dll
0x00007fff78530000 - 0x00007fff7853d000 	C:\Program Files\Android\Android Studio\jre\jre\bin\management.dll
0x00007fff82b60000 - 0x00007fff82b78000 	C:\WINDOWS\SYSTEM32\CRYPTSP.dll
0x00007fff822c0000 - 0x00007fff822f4000 	C:\WINDOWS\system32\rsaenh.dll
0x00007fff83540000 - 0x00007fff83567000 	C:\WINDOWS\System32\bcrypt.dll
0x00007fff83070000 - 0x00007fff8309e000 	C:\WINDOWS\SYSTEM32\USERENV.dll
0x00007fff833a0000 - 0x00007fff83423000 	C:\WINDOWS\System32\bcryptprimitives.dll
0x00007fff82b80000 - 0x00007fff82b8c000 	C:\WINDOWS\SYSTEM32\CRYPTBASE.dll
0x00007fff82630000 - 0x00007fff8266b000 	C:\WINDOWS\SYSTEM32\IPHLPAPI.DLL
0x00007fff845a0000 - 0x00007fff845a8000 	C:\WINDOWS\System32\NSI.dll
0x00007fff77630000 - 0x00007fff77647000 	C:\WINDOWS\SYSTEM32\dhcpcsvc6.DLL
0x00007fff77f90000 - 0x00007fff77fad000 	C:\WINDOWS\SYSTEM32\dhcpcsvc.DLL
0x00007fff82670000 - 0x00007fff8273c000 	C:\WINDOWS\SYSTEM32\DNSAPI.dll
0x00007fff7a2c0000 - 0x00007fff7a2cb000 	C:\WINDOWS\SYSTEM32\WINNSI.DLL

VM Arguments:
jvm_args: -Xmx2048m -Dfile.encoding=UTF-8 -Duser.country=TW -Duser.language=zh -Duser.variant 
java_command: org.gradle.launcher.daemon.bootstrap.GradleDaemon 6.5
java_class_path (initial): C:\Users\andy1\.gradle\wrapper\dists\gradle-6.5-bin\6nifqtx7604sqp1q6g8wikw7p\gradle-6.5\lib\gradle-launcher-6.5.jar
Launcher Type: SUN_STANDARD

Environment Variables:
JAVA_HOME=C:\Program Files\Java\jdk-12.0.2
PATH=C:\Program Files\Java\jdk-12.0.2\bin;C:\Windows\system32;C:\Windows;C:\Windows\System32\Wbem;C:\Windows\System32\WindowsPowerShell\v1.0\;C:\Windows\System32\OpenSSH\;C:\Program Files (x86)\NVIDIA Corporation\PhysX\Common;C:\Program Files\Intel\WiFi\bin\;C:\Program Files\Common Files\Intel\WirelessCommon\;C:\WINDOWS\system32;C:\WINDOWS;C:\WINDOWS\System32\Wbem;C:\WINDOWS\System32\WindowsPowerShell\v1.0\;C:\WINDOWS\System32\OpenSSH\;C:\Program Files\NVIDIA Corporation\NVIDIA NvDLISR;C:\Program Files\OpenVPN\bin;C:\Program Files\Git\cmd;C:\Users\andy1\flutter\bin;C:\cygwin64\bin;C:\Users\andy1\AppData\Local\Microsoft\WindowsApps;C:\intelFPGA_lite\19.1\modelsim_ase\win32aloem;C:\intelFPGA\19.1\modelsim_ase\win32aloem;
USERNAME=andy
OS=Windows_NT
PROCESSOR_IDENTIFIER=Intel64 Family 6 Model 142 Stepping 12, GenuineIntel



---------------  S Y S T E M  ---------------

OS: Windows 10.0 , 64 bit Build 19041 (10.0.19041.1023)

CPU:total 8 (initial active 8) (4 cores per cpu, 2 threads per core) family 6 model 142 stepping 12, cmov, cx8, fxsr, mmx, sse, sse2, sse3, ssse3, sse4.1, sse4.2, popcnt, avx, avx2, aes, clmul, erms, 3dnowpref, lzcnt, ht, tsc, tscinvbit, bmi1, bmi2, adx

Memory: 4k page, physical 8198036k(360932k free), swap 33363860k(5360k free)

vm_info: OpenJDK 64-Bit Server VM (25.242-b01) for windows-amd64 JRE (1.8.0_242-release-1644-b01), built by "builder" with MS VC++ 10.0 (VS2010)

time: Mon Jul 19 01:31:53 2021
timezone: 
elapsed time: 15 seconds (0d 0h 0m 15s)

