#
# There is insufficient memory for the Java Runtime Environment to continue.
# Native memory allocation (malloc) failed to allocate 990896 bytes for Chunk::new
# Possible reasons:
#   The system is out of physical RAM or swap space
#   The process is running with CompressedOops enabled, and the Java Heap may be blocking the growth of the native heap
# Possible solutions:
#   Reduce memory load on the system
#   Increase physical memory or swap space
#   Check if swap backing store is full
#   Decrease Java heap size (-Xmx/-Xms)
#   Decrease number of Java threads
#   Decrease Java thread stack sizes (-Xss)
#   Set larger code cache with -XX:ReservedCodeCacheSize=
#   JVM is running with Unscaled Compressed Oops mode in which the Java heap is
#     placed in the first 4GB address space. The Java Heap base address is the
#     maximum limit for the native heap growth. Please use -XX:HeapBaseMinAddress
#     to set the Java Heap base and to place the Java Heap above 4GB virtual address.
# This output file may be truncated or incomplete.
#
#  Out of Memory Error (allocation.cpp:389), pid=12168, tid=0x0000000000007ad4
#
# JRE version: OpenJDK Runtime Environment (8.0_242-b01) (build 1.8.0_242-release-1644-b01)
# Java VM: OpenJDK 64-Bit Server VM (25.242-b01 mixed mode windows-amd64 compressed oops)
# Failed to write core dump. Minidumps are not enabled by default on client versions of Windows
#

---------------  T H R E A D  ---------------

Current thread (0x0000000017eed800):  JavaThread "C2 CompilerThread1" daemon [_thread_in_native, id=31444, stack(0x000000001a600000,0x000000001a700000)]

Stack: [0x000000001a600000,0x000000001a700000]
[error occurred during error reporting (printing stack bounds), id 0xc0000005]

Native frames: (J=compiled Java code, j=interpreted, Vv=VM code, C=native code)


Current CompileTask:
C2:  94040 15244       4       com.android.tools.r8.graph.g1$$Lambda$1083/1106998536::compare (20 bytes)


---------------  P R O C E S S  ---------------

Java Threads: ( => current thread )
  0x00000000306e8800 JavaThread "ForkJoinPool-2-worker-0" daemon [_thread_blocked, id=18324, stack(0x0000000032270000,0x0000000032370000)]
  0x00000000306e6800 JavaThread "ForkJoinPool-2-worker-7" daemon [_thread_blocked, id=27508, stack(0x0000000032170000,0x0000000032270000)]
  0x000000002b7f7800 JavaThread "ForkJoinPool-2-worker-6" daemon [_thread_blocked, id=25512, stack(0x0000000032070000,0x0000000032170000)]
  0x000000002b7f6800 JavaThread "ForkJoinPool-2-worker-5" daemon [_thread_blocked, id=6772, stack(0x0000000031f70000,0x0000000032070000)]
  0x000000002b7f8000 JavaThread "ForkJoinPool-2-worker-4" daemon [_thread_blocked, id=30644, stack(0x0000000031e70000,0x0000000031f70000)]
  0x000000002b7f5800 JavaThread "ForkJoinPool-2-worker-3" daemon [_thread_blocked, id=29480, stack(0x0000000031d70000,0x0000000031e70000)]
  0x000000002b7fb000 JavaThread "ForkJoinPool-2-worker-2" daemon [_thread_in_Java, id=26068, stack(0x0000000031c70000,0x0000000031d70000)]
  0x000000002b7f5000 JavaThread "ForkJoinPool-2-worker-1" daemon [_thread_blocked, id=32200, stack(0x0000000031b70000,0x0000000031c70000)]
  0x000000002b7fa800 JavaThread "WorkerExecutor Queue Thread 6" [_thread_blocked, id=26156, stack(0x00000000313c0000,0x00000000314c0000)]
  0x000000002b7f9000 JavaThread "WorkerExecutor Queue Thread 5" [_thread_blocked, id=10484, stack(0x00000000312c0000,0x00000000313c0000)]
  0x000000002b7ef000 JavaThread "WorkerExecutor Queue Thread 4" [_thread_blocked, id=25052, stack(0x00000000311c0000,0x00000000312c0000)]
  0x000000002b7ed800 JavaThread "WorkerExecutor Queue Thread 3" [_thread_blocked, id=27332, stack(0x0000000030000000,0x0000000030100000)]
  0x000000002b7f4000 JavaThread "WorkerExecutor Queue Thread 2" [_thread_blocked, id=21328, stack(0x000000002ff00000,0x0000000030000000)]
  0x000000002b7ee000 JavaThread "WorkerExecutor Queue" [_thread_blocked, id=20560, stack(0x000000002fe00000,0x000000002ff00000)]
  0x000000002b7f3800 JavaThread "ForkJoinPool.commonPool-worker-6" daemon [_thread_blocked, id=31972, stack(0x000000002ecf0000,0x000000002edf0000)]
  0x000000002b7f2800 JavaThread "ForkJoinPool.commonPool-worker-5" daemon [_thread_blocked, id=15824, stack(0x000000002e1f0000,0x000000002e2f0000)]
  0x000000002b7f2000 JavaThread "ForkJoinPool.commonPool-worker-4" daemon [_thread_blocked, id=23844, stack(0x000000002e0f0000,0x000000002e1f0000)]
  0x000000002b7ec800 JavaThread "ForkJoinPool.commonPool-worker-3" daemon [_thread_blocked, id=26564, stack(0x000000002dff0000,0x000000002e0f0000)]
  0x000000002b7f1000 JavaThread "ForkJoinPool.commonPool-worker-2" daemon [_thread_blocked, id=3268, stack(0x000000002def0000,0x000000002dff0000)]
  0x000000002b7ec000 JavaThread "ForkJoinPool.commonPool-worker-1" daemon [_thread_blocked, id=27240, stack(0x000000002ddf0000,0x000000002def0000)]
  0x000000001f7ef000 JavaThread "Cache worker for Java compile cache (C:\Users\andy1\AndroidStudioProjects\VolleyTools\.gradle\6.5\javaCompile)" [_thread_blocked, id=30000, stack(0x000000002dbf0000,0x000000002dcf0000)]
  0x000000001f7f3000 JavaThread "Cache worker for execution history cache (C:\Users\andy1\AndroidStudioProjects\VolleyTools\.gradle\6.5\executionHistory)" [_thread_blocked, id=17196, stack(0x000000002cfb0000,0x000000002d0b0000)]
  0x000000001f7f1800 JavaThread "Execution worker for ':' Thread 7" [_thread_blocked, id=23292, stack(0x000000002ceb0000,0x000000002cfb0000)]
  0x000000001f7f4800 JavaThread "Execution worker for ':' Thread 6" [_thread_blocked, id=27796, stack(0x000000002cc60000,0x000000002cd60000)]
  0x000000001f7f5000 JavaThread "Execution worker for ':' Thread 5" [_thread_blocked, id=31804, stack(0x000000002cb60000,0x000000002cc60000)]
  0x000000001f7f0800 JavaThread "Execution worker for ':' Thread 4" [_thread_blocked, id=22772, stack(0x000000002ca60000,0x000000002cb60000)]
  0x000000001f7f3800 JavaThread "Execution worker for ':' Thread 3" [_thread_blocked, id=7644, stack(0x000000002c960000,0x000000002ca60000)]
  0x000000001f7f2000 JavaThread "Execution worker for ':' Thread 2" [_thread_blocked, id=30396, stack(0x000000002c860000,0x000000002c960000)]
  0x000000001f7f0000 JavaThread "Execution worker for ':'" [_thread_blocked, id=28300, stack(0x000000002c760000,0x000000002c860000)]
  0x000000001f7eb800 JavaThread "Cache worker for file content cache (C:\Users\andy1\AndroidStudioProjects\VolleyTools\.gradle\6.5\fileContent)" [_thread_blocked, id=5544, stack(0x000000002c660000,0x000000002c760000)]
  0x000000001f7e9000 JavaThread "pool-3-thread-1" [_thread_blocked, id=29244, stack(0x000000002b090000,0x000000002b190000)]
  0x000000001f7ea000 JavaThread "Cache worker for Build Output Cleanup Cache (C:\Users\andy1\AndroidStudioProjects\VolleyTools\.gradle\buildOutputCleanup)" [_thread_blocked, id=33732, stack(0x000000002a140000,0x000000002a240000)]
  0x000000001f7ea800 JavaThread "jar transforms Thread 188" [_thread_blocked, id=25240, stack(0x0000000029c90000,0x0000000029d90000)]
  0x000000001f7e8800 JavaThread "jar transforms Thread 187" [_thread_blocked, id=33208, stack(0x0000000029b90000,0x0000000029c90000)]
  0x000000001f7e7800 JavaThread "jar transforms Thread 186" [_thread_blocked, id=16076, stack(0x0000000029a90000,0x0000000029b90000)]
  0x000000001f7ed000 JavaThread "jar transforms Thread 185" [_thread_blocked, id=11168, stack(0x0000000029990000,0x0000000029a90000)]
  0x000000001f7ec000 JavaThread "jar transforms Thread 184" [_thread_blocked, id=22452, stack(0x0000000029890000,0x0000000029990000)]
  0x000000001d24a800 JavaThread "jar transforms Thread 183" [_thread_blocked, id=31204, stack(0x0000000029790000,0x0000000029890000)]
  0x000000001d24a000 JavaThread "jar transforms Thread 182" [_thread_blocked, id=28924, stack(0x0000000029690000,0x0000000029790000)]
  0x000000001d249000 JavaThread "jar transforms Thread 181" [_thread_blocked, id=33548, stack(0x0000000029590000,0x0000000029690000)]
  0x000000001d248800 JavaThread "jar transforms Thread 180" [_thread_blocked, id=22404, stack(0x0000000029490000,0x0000000029590000)]
  0x000000001d24c000 JavaThread "jar transforms Thread 179" [_thread_blocked, id=16748, stack(0x0000000029390000,0x0000000029490000)]
  0x000000001d247800 JavaThread "jar transforms Thread 178" [_thread_blocked, id=31760, stack(0x0000000029290000,0x0000000029390000)]
  0x000000001d24b800 JavaThread "jar transforms Thread 177" [_thread_blocked, id=13584, stack(0x0000000029190000,0x0000000029290000)]
  0x000000001d240000 JavaThread "jar transforms Thread 176" [_thread_blocked, id=32396, stack(0x0000000029090000,0x0000000029190000)]
  0x000000001d247000 JavaThread "jar transforms Thread 175" [_thread_blocked, id=11496, stack(0x0000000028f90000,0x0000000029090000)]
  0x000000001d241000 JavaThread "jar transforms Thread 174" [_thread_blocked, id=30880, stack(0x0000000028e90000,0x0000000028f90000)]
  0x000000001d246000 JavaThread "jar transforms Thread 173" [_thread_blocked, id=1020, stack(0x0000000028d90000,0x0000000028e90000)]
  0x000000001d245800 JavaThread "jar transforms Thread 172" [_thread_blocked, id=33080, stack(0x0000000028c90000,0x0000000028d90000)]
  0x000000001d23e000 JavaThread "jar transforms Thread 171" [_thread_blocked, id=20124, stack(0x0000000028b90000,0x0000000028c90000)]
  0x000000001d242800 JavaThread "jar transforms Thread 170" [_thread_blocked, id=17820, stack(0x0000000028a90000,0x0000000028b90000)]
  0x000000001d244800 JavaThread "jar transforms Thread 169" [_thread_blocked, id=28896, stack(0x0000000028990000,0x0000000028a90000)]
  0x000000001d244000 JavaThread "jar transforms Thread 168" [_thread_blocked, id=252, stack(0x0000000028890000,0x0000000028990000)]
  0x000000001d241800 JavaThread "jar transforms Thread 167" [_thread_blocked, id=33164, stack(0x0000000028790000,0x0000000028890000)]
  0x000000001d23f800 JavaThread "jar transforms Thread 166" [_thread_blocked, id=30964, stack(0x0000000028690000,0x0000000028790000)]
  0x000000001d243000 JavaThread "jar transforms Thread 165" [_thread_blocked, id=14452, stack(0x0000000028590000,0x0000000028690000)]
  0x000000001d23d000 JavaThread "jar transforms Thread 164" [_thread_blocked, id=21932, stack(0x0000000028490000,0x0000000028590000)]
  0x000000001d23e800 JavaThread "jar transforms Thread 163" [_thread_blocked, id=2264, stack(0x0000000028390000,0x0000000028490000)]
  0x000000002be70800 JavaThread "jar transforms Thread 162" [_thread_blocked, id=23980, stack(0x0000000028290000,0x0000000028390000)]
  0x000000002be76800 JavaThread "jar transforms Thread 161" [_thread_blocked, id=30960, stack(0x0000000028190000,0x0000000028290000)]
  0x000000002be72000 JavaThread "jar transforms Thread 160" [_thread_blocked, id=9200, stack(0x0000000028090000,0x0000000028190000)]
  0x000000002be75000 JavaThread "jar transforms Thread 159" [_thread_blocked, id=11784, stack(0x0000000027f90000,0x0000000028090000)]
  0x000000002be77800 JavaThread "jar transforms Thread 158" [_thread_blocked, id=31632, stack(0x0000000027e90000,0x0000000027f90000)]
  0x000000002be74800 JavaThread "jar transforms Thread 157" [_thread_blocked, id=20988, stack(0x0000000027d90000,0x0000000027e90000)]
  0x000000002be76000 JavaThread "jar transforms Thread 156" [_thread_blocked, id=12748, stack(0x0000000027c90000,0x0000000027d90000)]
  0x000000002be73000 JavaThread "jar transforms Thread 155" [_thread_blocked, id=9992, stack(0x0000000027b90000,0x0000000027c90000)]
  0x000000002be71800 JavaThread "jar transforms Thread 154" [_thread_blocked, id=27036, stack(0x0000000027a90000,0x0000000027b90000)]
  0x000000002be73800 JavaThread "jar transforms Thread 153" [_thread_blocked, id=10376, stack(0x0000000027990000,0x0000000027a90000)]
  0x000000002be69000 JavaThread "jar transforms Thread 152" [_thread_blocked, id=15032, stack(0x0000000027890000,0x0000000027990000)]
  0x000000002be70000 JavaThread "jar transforms Thread 151" [_thread_blocked, id=16628, stack(0x0000000027790000,0x0000000027890000)]
  0x000000002be68000 JavaThread "jar transforms Thread 150" [_thread_blocked, id=31056, stack(0x0000000027690000,0x0000000027790000)]
  0x000000002be6e800 JavaThread "jar transforms Thread 149" [_thread_blocked, id=31964, stack(0x0000000027590000,0x0000000027690000)]
  0x000000002be6d000 JavaThread "jar transforms Thread 148" [_thread_blocked, id=14676, stack(0x0000000027490000,0x0000000027590000)]
  0x000000002be6f000 JavaThread "jar transforms Thread 147" [_thread_blocked, id=632, stack(0x0000000027390000,0x0000000027490000)]
  0x000000002be6b800 JavaThread "jar transforms Thread 146" [_thread_blocked, id=29592, stack(0x0000000027290000,0x0000000027390000)]
  0x000000002be6d800 JavaThread "jar transforms Thread 145" [_thread_blocked, id=8732, stack(0x0000000027190000,0x0000000027290000)]
  0x000000002be6a800 JavaThread "jar transforms Thread 144" [_thread_blocked, id=10076, stack(0x0000000027090000,0x0000000027190000)]
  0x000000002be6c000 JavaThread "jar transforms Thread 143" [_thread_blocked, id=27136, stack(0x0000000026f90000,0x0000000027090000)]
  0x000000002be69800 JavaThread "jar transforms Thread 142" [_thread_blocked, id=8212, stack(0x0000000026e90000,0x0000000026f90000)]
  0x000000001cd77800 JavaThread "jar transforms Thread 141" [_thread_blocked, id=13996, stack(0x0000000026d90000,0x0000000026e90000)]
  0x000000001cd7c000 JavaThread "jar transforms Thread 140" [_thread_blocked, id=6788, stack(0x0000000026c90000,0x0000000026d90000)]
  0x000000001cd7e000 JavaThread "jar transforms Thread 139" [_thread_blocked, id=1432, stack(0x0000000026b90000,0x0000000026c90000)]
  0x000000001cd7a800 JavaThread "jar transforms Thread 138" [_thread_blocked, id=24012, stack(0x0000000026a90000,0x0000000026b90000)]
  0x000000001cd79800 JavaThread "jar transforms Thread 137" [_thread_blocked, id=16164, stack(0x0000000026990000,0x0000000026a90000)]
  0x000000001cd7b000 JavaThread "jar transforms Thread 136" [_thread_blocked, id=26760, stack(0x0000000026890000,0x0000000026990000)]
  0x000000001cd7d800 JavaThread "jar transforms Thread 135" [_thread_blocked, id=19804, stack(0x0000000026790000,0x0000000026890000)]
  0x000000001cd79000 JavaThread "jar transforms Thread 134" [_thread_blocked, id=4972, stack(0x0000000026690000,0x0000000026790000)]
  0x000000001cd7c800 JavaThread "jar transforms Thread 133" [_thread_blocked, id=31224, stack(0x0000000026590000,0x0000000026690000)]
  0x000000001cd78000 JavaThread "jar transforms Thread 132" [_thread_blocked, id=23348, stack(0x0000000026490000,0x0000000026590000)]
  0x000000001c8ab000 JavaThread "jar transforms Thread 131" [_thread_blocked, id=22140, stack(0x0000000026390000,0x0000000026490000)]
  0x000000001c8aa000 JavaThread "jar transforms Thread 130" [_thread_blocked, id=7364, stack(0x0000000026290000,0x0000000026390000)]
  0x000000001c8a8800 JavaThread "jar transforms Thread 129" [_thread_blocked, id=17980, stack(0x0000000026190000,0x0000000026290000)]
  0x00000000217d6800 JavaThread "jar transforms Thread 128" [_thread_blocked, id=30716, stack(0x0000000026090000,0x0000000026190000)]
  0x00000000217d4800 JavaThread "jar transforms Thread 127" [_thread_blocked, id=6496, stack(0x0000000025f90000,0x0000000026090000)]
  0x00000000217d6000 JavaThread "jar transforms Thread 126" [_thread_blocked, id=26652, stack(0x0000000025e90000,0x0000000025f90000)]
  0x00000000217d5000 JavaThread "jar transforms Thread 125" [_thread_blocked, id=19100, stack(0x0000000025d90000,0x0000000025e90000)]
  0x00000000217d3800 JavaThread "jar transforms Thread 124" [_thread_blocked, id=27868, stack(0x0000000025c90000,0x0000000025d90000)]
  0x00000000217d3000 JavaThread "jar transforms Thread 123" [_thread_blocked, id=1400, stack(0x0000000025b90000,0x0000000025c90000)]
  0x00000000217cb800 JavaThread "jar transforms Thread 122" [_thread_blocked, id=27236, stack(0x0000000025a90000,0x0000000025b90000)]
  0x00000000217d2000 JavaThread "jar transforms Thread 121" [_thread_blocked, id=15412, stack(0x0000000025990000,0x0000000025a90000)]
  0x00000000217ca800 JavaThread "jar transforms Thread 120" [_thread_blocked, id=10328, stack(0x0000000025890000,0x0000000025990000)]
  0x00000000217d1800 JavaThread "jar transforms Thread 119" [_thread_blocked, id=5740, stack(0x0000000025790000,0x0000000025890000)]
  0x00000000217ca000 JavaThread "jar transforms Thread 118" [_thread_blocked, id=7628, stack(0x0000000025690000,0x0000000025790000)]
  0x00000000217d0800 JavaThread "jar transforms Thread 117" [_thread_blocked, id=21560, stack(0x0000000025590000,0x0000000025690000)]
  0x00000000217c9000 JavaThread "jar transforms Thread 116" [_thread_blocked, id=26888, stack(0x0000000025490000,0x0000000025590000)]
  0x00000000217ce800 JavaThread "jar transforms Thread 115" [_thread_blocked, id=29884, stack(0x0000000025390000,0x0000000025490000)]
  0x00000000217cd000 JavaThread "jar transforms Thread 114" [_thread_blocked, id=11908, stack(0x0000000025290000,0x0000000025390000)]
  0x000000001d08e000 JavaThread "jar transforms Thread 113" [_thread_blocked, id=18880, stack(0x0000000025190000,0x0000000025290000)]
  0x000000001d08d000 JavaThread "jar transforms Thread 112" [_thread_blocked, id=8112, stack(0x0000000025090000,0x0000000025190000)]
  0x000000001d08b800 JavaThread "jar transforms Thread 111" [_thread_blocked, id=31096, stack(0x0000000024f90000,0x0000000025090000)]
  0x000000001d092800 JavaThread "jar transforms Thread 110" [_thread_blocked, id=31700, stack(0x0000000024e90000,0x0000000024f90000)]
  0x000000001d08e800 JavaThread "jar transforms Thread 109" [_thread_blocked, id=27624, stack(0x0000000024d90000,0x0000000024e90000)]
  0x000000001d090000 JavaThread "jar transforms Thread 108" [_thread_blocked, id=32936, stack(0x0000000024c90000,0x0000000024d90000)]
  0x000000001d08f800 JavaThread "jar transforms Thread 107" [_thread_blocked, id=20788, stack(0x0000000024b90000,0x0000000024c90000)]
  0x000000001d08b000 JavaThread "jar transforms Thread 106" [_thread_blocked, id=21388, stack(0x0000000024a90000,0x0000000024b90000)]
  0x000000001d08c800 JavaThread "jar transforms Thread 105" [_thread_blocked, id=31476, stack(0x0000000024990000,0x0000000024a90000)]
  0x000000001d083800 JavaThread "jar transforms Thread 104" [_thread_blocked, id=19528, stack(0x0000000024890000,0x0000000024990000)]
  0x000000001d086800 JavaThread "jar transforms Thread 103" [_thread_blocked, id=25568, stack(0x0000000024790000,0x0000000024890000)]
  0x000000001d085800 JavaThread "jar transforms Thread 102" [_thread_blocked, id=24912, stack(0x0000000024690000,0x0000000024790000)]
  0x000000001d08a000 JavaThread "jar transforms Thread 101" [_thread_blocked, id=26472, stack(0x0000000024590000,0x0000000024690000)]
  0x000000001d088000 JavaThread "jar transforms Thread 100" [_thread_blocked, id=27600, stack(0x0000000024490000,0x0000000024590000)]
  0x000000001d089800 JavaThread "jar transforms Thread 99" [_thread_blocked, id=33420, stack(0x0000000024390000,0x0000000024490000)]
  0x000000001d085000 JavaThread "jar transforms Thread 98" [_thread_blocked, id=16700, stack(0x0000000024290000,0x0000000024390000)]
  0x000000001d087000 JavaThread "jar transforms Thread 97" [_thread_blocked, id=13156, stack(0x0000000024190000,0x0000000024290000)]
  0x0000000021efc000 JavaThread "jar transforms Thread 96" [_thread_blocked, id=29576, stack(0x0000000024090000,0x0000000024190000)]
  0x0000000021efb800 JavaThread "jar transforms Thread 95" [_thread_blocked, id=12204, stack(0x0000000023f90000,0x0000000024090000)]
  0x0000000021ef6000 JavaThread "Build operations Thread 8" [_thread_blocked, id=26960, stack(0x0000000023b90000,0x0000000023c90000)]
  0x0000000021efa800 JavaThread "Build operations Thread 7" [_thread_blocked, id=30236, stack(0x0000000023a90000,0x0000000023b90000)]
  0x0000000021ef9000 JavaThread "Build operations Thread 6" [_thread_blocked, id=27160, stack(0x0000000023990000,0x0000000023a90000)]
  0x0000000021ef8000 JavaThread "Build operations Thread 5" [_thread_blocked, id=31368, stack(0x0000000023890000,0x0000000023990000)]
  0x0000000021efd000 JavaThread "Build operations Thread 4" [_thread_blocked, id=7684, stack(0x0000000023790000,0x0000000023890000)]
  0x0000000021ef9800 JavaThread "Build operations Thread 3" [_thread_blocked, id=33788, stack(0x0000000023690000,0x0000000023790000)]
  0x0000000021ef7800 JavaThread "Build operations Thread 2" [_thread_blocked, id=14440, stack(0x0000000023590000,0x0000000023690000)]
  0x0000000021eee800 JavaThread "Build operations" [_thread_blocked, id=10656, stack(0x0000000023490000,0x0000000023590000)]
  0x0000000021ef0800 JavaThread "Cache worker for cache directory md-rule (C:\Users\andy1\.gradle\caches\6.5\md-rule)" [_thread_blocked, id=19664, stack(0x0000000022c90000,0x0000000022d90000)]
  0x0000000021ef3800 JavaThread "Cache worker for cache directory md-supplier (C:\Users\andy1\.gradle\caches\6.5\md-supplier)" [_thread_blocked, id=7488, stack(0x0000000022490000,0x0000000022590000)]
  0x0000000021ef4800 JavaThread "Cache worker for checksums cache (C:\Users\andy1\AndroidStudioProjects\VolleyTools\.gradle\checksums)" [_thread_blocked, id=15068, stack(0x0000000022390000,0x0000000022490000)]
  0x0000000021eef000 JavaThread "Cache worker for file hash cache (C:\Users\andy1\AndroidStudioProjects\VolleyTools\.gradle\6.5\fileHashes)" [_thread_blocked, id=31436, stack(0x000000001e390000,0x000000001e490000)]
  0x0000000021ef2000 JavaThread "Thread-144" [_thread_blocked, id=26328, stack(0x000000001e190000,0x000000001e290000)]
  0x0000000021ef1800 JavaThread "Stdin handler" [_thread_blocked, id=11924, stack(0x000000001e090000,0x000000001e190000)]
  0x0000000021eed800 JavaThread "Asynchronous log dispatcher for DefaultDaemonConnection: socket connection from /127.0.0.1:56990 to /127.0.0.1:62120" [_thread_blocked, id=11828, stack(0x0000000001200000,0x0000000001300000)]
  0x0000000021ef3000 JavaThread "Cancel handler" [_thread_blocked, id=31580, stack(0x0000000001100000,0x0000000001200000)]
  0x0000000021ef0000 JavaThread "Handler for socket connection from /127.0.0.1:56990 to /127.0.0.1:62120" [_thread_in_native, id=26392, stack(0x0000000001000000,0x0000000001100000)]
  0x000000001d091800 JavaThread "Cache worker for Java compile cache (C:\Users\andy1\.gradle\caches\6.5\javaCompile)" [_thread_blocked, id=27816, stack(0x000000002c560000,0x000000002c660000)]
  0x000000001d088800 JavaThread "Memory manager" [_thread_blocked, id=22864, stack(0x000000002a040000,0x000000002a140000)]
  0x00000000217cd800 JavaThread "Cache worker for file content cache (C:\Users\andy1\.gradle\caches\6.5\fileContent)" [_thread_blocked, id=30168, stack(0x0000000022d90000,0x0000000022e90000)]
  0x00000000217c8800 JavaThread "Cache worker for execution history cache (C:\Users\andy1\.gradle\caches\6.5\executionHistory)" [_thread_blocked, id=28636, stack(0x0000000022590000,0x0000000022690000)]
  0x000000001c8a9800 JavaThread "Cache worker for file hash cache (C:\Users\andy1\.gradle\caches\6.5\fileHashes)" [_thread_blocked, id=31192, stack(0x000000001ea90000,0x000000001eb90000)]
  0x000000001c8a8000 JavaThread "File lock request listener" [_thread_in_native, id=16368, stack(0x000000001e990000,0x000000001ea90000)]
  0x000000001c6b1800 JavaThread "Cache worker for journal cache (C:\Users\andy1\.gradle\caches\journal-1)" [_thread_blocked, id=22392, stack(0x000000001e890000,0x000000001e990000)]
  0x000000001c6b7800 JavaThread "Daemon worker" [_thread_blocked, id=28568, stack(0x000000001e290000,0x000000001e390000)]
  0x000000001c684000 JavaThread "Daemon" [_thread_blocked, id=31060, stack(0x000000001df90000,0x000000001e090000)]
  0x000000001c6d8000 JavaThread "Daemon periodic checks" [_thread_blocked, id=22828, stack(0x000000001dc90000,0x000000001dd90000)]
  0x000000001c6f2000 JavaThread "Incoming local TCP Connector on port 56990" [_thread_in_native, id=6948, stack(0x000000001dae0000,0x000000001dbe0000)]
  0x000000001c64f800 JavaThread "Daemon health stats" [_thread_blocked, id=16380, stack(0x000000001d4a0000,0x000000001d5a0000)]
  0x0000000019d95000 JavaThread "Service Thread" daemon [_thread_blocked, id=5084, stack(0x000000001a900000,0x000000001aa00000)]
  0x0000000019d0a000 JavaThread "C1 CompilerThread3" daemon [_thread_blocked, id=9644, stack(0x000000001a800000,0x000000001a900000)]
  0x0000000017eee800 JavaThread "C2 CompilerThread2" daemon [_thread_blocked, id=26980, stack(0x000000001a700000,0x000000001a800000)]
=>0x0000000017eed800 JavaThread "C2 CompilerThread1" daemon [_thread_in_native, id=31444, stack(0x000000001a600000,0x000000001a700000)]
  0x0000000019cf6800 JavaThread "C2 CompilerThread0" daemon [_thread_blocked, id=31812, stack(0x000000001a500000,0x000000001a600000)]
  0x0000000019cf5000 JavaThread "Attach Listener" daemon [_thread_blocked, id=26808, stack(0x000000001a400000,0x000000001a500000)]
  0x0000000019cf4000 JavaThread "Signal Dispatcher" daemon [_thread_blocked, id=25116, stack(0x000000001a300000,0x000000001a400000)]
  0x0000000002e6d800 JavaThread "Finalizer" daemon [_thread_blocked, id=13224, stack(0x000000001a1c0000,0x000000001a2c0000)]
  0x0000000002e67000 JavaThread "Reference Handler" daemon [_thread_blocked, id=17688, stack(0x000000001a0c0000,0x000000001a1c0000)]
  0x0000000002bbe800 JavaThread "main" [_thread_blocked, id=32448, stack(0x0000000002c70000,0x0000000002d70000)]

Other Threads:
  0x0000000017ed6000 VMThread [stack: 0x0000000019bc0000,0x0000000019cc0000] [id=21608]
  0x0000000019d96000 WatcherThread [stack: 0x000000001aa00000,0x000000001ab00000] [id=32048]

VM state:not at safepoint (normal execution)

VM Mutex/Monitor currently owned by a thread: None

heap address: 0x0000000080000000, size: 2048 MB, Compressed Oops mode: 32-bit
Narrow klass base: 0x0000000000000000, Narrow klass shift: 3
Compressed class space size: 1073741824 Address: 0x0000000100000000

Heap:
 PSYoungGen      total 367616K, used 217871K [0x00000000d5580000, 0x00000000f0780000, 0x0000000100000000)
  eden space 293888K, 61% used [0x00000000d5580000,0x00000000e0766c70,0x00000000e7480000)
  from space 73728K, 48% used [0x00000000ebf80000,0x00000000ee25d168,0x00000000f0780000)
  to   space 75264K, 0% used [0x00000000e7480000,0x00000000e7480000,0x00000000ebe00000)
 ParOldGen       total 249344K, used 161510K [0x0000000080000000, 0x000000008f380000, 0x00000000d5580000)
  object space 249344K, 64% used [0x0000000080000000,0x0000000089db9970,0x000000008f380000)
 Metaspace       used 89118K, capacity 93550K, committed 94040K, reserved 1130496K
  class space    used 11932K, capacity 12766K, committed 12928K, reserved 1048576K

Card table byte_map: [0x0000000012230000,0x0000000012640000] byte_map_base: 0x0000000011e30000

Marking Bits: (ParMarkBitMap*) 0x0000000077f7f030
 Begin Bits: [0x00000000130f0000, 0x00000000150f0000)
 End Bits:   [0x00000000150f0000, 0x00000000170f0000)

Polling page: 0x00000000014d0000

CodeCache: size=245760Kb used=40860Kb max_used=40869Kb free=204899Kb
 bounds [0x0000000002e70000, 0x0000000005690000, 0x0000000011e70000]
 total_blobs=13384 nmethods=12529 adapters=766
 compilation: enabled

Compilation events (10 events):
Event: 93.916 Thread 0x0000000017eed800 nmethod 15254 0x0000000005683e50 code [0x0000000005683fe0, 0x0000000005684b68]
Event: 93.916 Thread 0x0000000017eed800 15244       4       com.android.tools.r8.graph.g1$$Lambda$1083/1106998536::compare (20 bytes)
Event: 93.918 Thread 0x0000000017eee800 nmethod 15251 0x0000000005678310 code [0x0000000005678460, 0x00000000056788f8]
Event: 93.918 Thread 0x0000000017eee800 15248       4       java.util.TimSort::pushRun (31 bytes)
Event: 93.919 Thread 0x0000000017eee800 nmethod 15248 0x000000000565dd50 code [0x000000000565dea0, 0x000000000565df98]
Event: 93.919 Thread 0x0000000017eee800 15213       4       com.android.tools.r8.q.a.b.l.d::put (31 bytes)
Event: 93.919 Thread 0x0000000019cf6800 nmethod 15243 0x0000000005687f10 code [0x00000000056882c0, 0x000000000568a380]
Event: 93.927 Thread 0x0000000017eee800 nmethod 15213 0x00000000056872d0 code [0x0000000005687460, 0x0000000005687a48]
Event: 93.981 Thread 0x0000000019d0a000 15257       3       java.util.TimSort::mergeAt (358 bytes)
Event: 93.982 Thread 0x0000000019d0a000 nmethod 15257 0x0000000005686710 code [0x00000000056868e0, 0x0000000005686e98]

GC Heap History (10 events):
Event: 24.007 GC heap before
{Heap before GC invocations=18 (full 3):
 PSYoungGen      total 287744K, used 287729K [0x00000000d5580000, 0x00000000e9980000, 0x0000000100000000)
  eden space 265728K, 100% used [0x00000000d5580000,0x00000000e5900000,0x00000000e5900000)
  from space 22016K, 99% used [0x00000000e7680000,0x00000000e8bfc478,0x00000000e8c00000)
  to   space 30208K, 0% used [0x00000000e5900000,0x00000000e5900000,0x00000000e7680000)
 ParOldGen       total 115712K, used 47250K [0x0000000080000000, 0x0000000087100000, 0x00000000d5580000)
  object space 115712K, 40% used [0x0000000080000000,0x0000000082e24898,0x0000000087100000)
 Metaspace       used 79347K, capacity 83810K, committed 84056K, reserved 1122304K
  class space    used 11019K, capacity 11864K, committed 11904K, reserved 1048576K
Event: 24.084 GC heap after
Heap after GC invocations=18 (full 3):
 PSYoungGen      total 295936K, used 30206K [0x00000000d5580000, 0x00000000eeb00000, 0x0000000100000000)
  eden space 265728K, 0% used [0x00000000d5580000,0x00000000d5580000,0x00000000e5900000)
  from space 30208K, 99% used [0x00000000e5900000,0x00000000e767f9d0,0x00000000e7680000)
  to   space 43520K, 0% used [0x00000000ec080000,0x00000000ec080000,0x00000000eeb00000)
 ParOldGen       total 115712K, used 69073K [0x0000000080000000, 0x0000000087100000, 0x00000000d5580000)
  object space 115712K, 59% used [0x0000000080000000,0x00000000843744a0,0x0000000087100000)
 Metaspace       used 79347K, capacity 83810K, committed 84056K, reserved 1122304K
  class space    used 11019K, capacity 11864K, committed 11904K, reserved 1048576K
}
Event: 29.304 GC heap before
{Heap before GC invocations=19 (full 3):
 PSYoungGen      total 295936K, used 295934K [0x00000000d5580000, 0x00000000eeb00000, 0x0000000100000000)
  eden space 265728K, 100% used [0x00000000d5580000,0x00000000e5900000,0x00000000e5900000)
  from space 30208K, 99% used [0x00000000e5900000,0x00000000e767f9d0,0x00000000e7680000)
  to   space 43520K, 0% used [0x00000000ec080000,0x00000000ec080000,0x00000000eeb00000)
 ParOldGen       total 115712K, used 69073K [0x0000000080000000, 0x0000000087100000, 0x00000000d5580000)
  object space 115712K, 59% used [0x0000000080000000,0x00000000843744a0,0x0000000087100000)
 Metaspace       used 81099K, capacity 85800K, committed 85848K, reserved 1122304K
  class space    used 11265K, capacity 12129K, committed 12160K, reserved 1048576K
Event: 29.451 GC heap after
Heap after GC invocations=19 (full 3):
 PSYoungGen      total 309248K, used 43507K [0x00000000d5580000, 0x00000000eeb00000, 0x0000000100000000)
  eden space 265728K, 0% used [0x00000000d5580000,0x00000000d5580000,0x00000000e5900000)
  from space 43520K, 99% used [0x00000000ec080000,0x00000000eeafcf58,0x00000000eeb00000)
  to   space 30208K, 0% used [0x00000000e5900000,0x00000000e5900000,0x00000000e7680000)
 ParOldGen       total 115712K, used 115391K [0x0000000080000000, 0x0000000087100000, 0x00000000d5580000)
  object space 115712K, 99% used [0x0000000080000000,0x00000000870afc60,0x0000000087100000)
 Metaspace       used 81099K, capacity 85800K, committed 85848K, reserved 1122304K
  class space    used 11265K, capacity 12129K, committed 12160K, reserved 1048576K
}
Event: 29.451 GC heap before
{Heap before GC invocations=20 (full 4):
 PSYoungGen      total 309248K, used 43507K [0x00000000d5580000, 0x00000000eeb00000, 0x0000000100000000)
  eden space 265728K, 0% used [0x00000000d5580000,0x00000000d5580000,0x00000000e5900000)
  from space 43520K, 99% used [0x00000000ec080000,0x00000000eeafcf58,0x00000000eeb00000)
  to   space 30208K, 0% used [0x00000000e5900000,0x00000000e5900000,0x00000000e7680000)
 ParOldGen       total 115712K, used 115391K [0x0000000080000000, 0x0000000087100000, 0x00000000d5580000)
  object space 115712K, 99% used [0x0000000080000000,0x00000000870afc60,0x0000000087100000)
 Metaspace       used 81099K, capacity 85800K, committed 85848K, reserved 1122304K
  class space    used 11265K, capacity 12129K, committed 12160K, reserved 1048576K
Event: 31.099 GC heap after
Heap after GC invocations=20 (full 4):
 PSYoungGen      total 309248K, used 29631K [0x00000000d5580000, 0x00000000eeb00000, 0x0000000100000000)
  eden space 265728K, 0% used [0x00000000d5580000,0x00000000d5580000,0x00000000e5900000)
  from space 43520K, 68% used [0x00000000ec080000,0x00000000edd6ff78,0x00000000eeb00000)
  to   space 30208K, 0% used [0x00000000e5900000,0x00000000e5900000,0x00000000e7680000)
 ParOldGen       total 249344K, used 115224K [0x0000000080000000, 0x000000008f380000, 0x00000000d5580000)
  object space 249344K, 46% used [0x0000000080000000,0x00000000870861c8,0x000000008f380000)
 Metaspace       used 80811K, capacity 85002K, committed 85848K, reserved 1122304K
  class space    used 11170K, capacity 11960K, committed 12160K, reserved 1048576K
}
Event: 88.756 GC heap before
{Heap before GC invocations=21 (full 4):
 PSYoungGen      total 309248K, used 295359K [0x00000000d5580000, 0x00000000eeb00000, 0x0000000100000000)
  eden space 265728K, 100% used [0x00000000d5580000,0x00000000e5900000,0x00000000e5900000)
  from space 43520K, 68% used [0x00000000ec080000,0x00000000edd6ff78,0x00000000eeb00000)
  to   space 30208K, 0% used [0x00000000e5900000,0x00000000e5900000,0x00000000e7680000)
 ParOldGen       total 249344K, used 115224K [0x0000000080000000, 0x000000008f380000, 0x00000000d5580000)
  object space 249344K, 46% used [0x0000000080000000,0x00000000870861c8,0x000000008f380000)
 Metaspace       used 88513K, capacity 92908K, committed 93528K, reserved 1130496K
  class space    used 11923K, capacity 12757K, committed 12928K, reserved 1048576K
Event: 88.888 GC heap after
Heap after GC invocations=21 (full 4):
 PSYoungGen      total 295936K, used 30177K [0x00000000d5580000, 0x00000000f0a80000, 0x0000000100000000)
  eden space 265728K, 0% used [0x00000000d5580000,0x00000000d5580000,0x00000000e5900000)
  from space 30208K, 99% used [0x00000000e5900000,0x00000000e7678578,0x00000000e7680000)
  to   space 76800K, 0% used [0x00000000ebf80000,0x00000000ebf80000,0x00000000f0a80000)
 ParOldGen       total 249344K, used 145342K [0x0000000080000000, 0x000000008f380000, 0x00000000d5580000)
  object space 249344K, 58% used [0x0000000080000000,0x0000000088def948,0x000000008f380000)
 Metaspace       used 88513K, capacity 92908K, committed 93528K, reserved 1130496K
  class space    used 11923K, capacity 12757K, committed 12928K, reserved 1048576K
}
Event: 92.499 GC heap before
{Heap before GC invocations=22 (full 4):
 PSYoungGen      total 295936K, used 290145K [0x00000000d5580000, 0x00000000f0a80000, 0x0000000100000000)
  eden space 265728K, 97% used [0x00000000d5580000,0x00000000e5360248,0x00000000e5900000)
  from space 30208K, 99% used [0x00000000e5900000,0x00000000e7678578,0x00000000e7680000)
  to   space 76800K, 0% used [0x00000000ebf80000,0x00000000ebf80000,0x00000000f0a80000)
 ParOldGen       total 249344K, used 145342K [0x0000000080000000, 0x000000008f380000, 0x00000000d5580000)
  object space 249344K, 58% used [0x0000000080000000,0x0000000088def948,0x000000008f380000)
 Metaspace       used 89099K, capacity 93550K, committed 94040K, reserved 1130496K
  class space    used 11931K, capacity 12766K, committed 12928K, reserved 1048576K
Event: 92.564 GC heap after
Heap after GC invocations=22 (full 4):
 PSYoungGen      total 367616K, used 35700K [0x00000000d5580000, 0x00000000f0780000, 0x0000000100000000)
  eden space 293888K, 0% used [0x00000000d5580000,0x00000000d5580000,0x00000000e7480000)
  from space 73728K, 48% used [0x00000000ebf80000,0x00000000ee25d168,0x00000000f0780000)
  to   space 75264K, 0% used [0x00000000e7480000,0x00000000e7480000,0x00000000ebe00000)
 ParOldGen       total 249344K, used 161510K [0x0000000080000000, 0x000000008f380000, 0x00000000d5580000)
  object space 249344K, 64% used [0x0000000080000000,0x0000000089db9970,0x000000008f380000)
 Metaspace       used 89099K, capacity 93550K, committed 94040K, reserved 1130496K
  class space    used 11931K, capacity 12766K, committed 12928K, reserved 1048576K
}

Deoptimization events (10 events):
Event: 93.237 Thread 0x000000002b7ed800 Uncommon trap: reason=null_check action=make_not_entrant pc=0x00000000055634b4 method=com.android.tools.r8.q.a.b.h.b(Ljava/lang/Object;)V @ 71
Event: 93.464 Thread 0x000000002b7ed800 Uncommon trap: reason=bimorphic action=maybe_recompile pc=0x00000000056303cc method=java.util.Collections$SetFromMap.contains(Ljava/lang/Object;)Z @ 5
Event: 93.464 Thread 0x000000002b7ed800 Uncommon trap: reason=bimorphic action=maybe_recompile pc=0x00000000056303cc method=java.util.Collections$SetFromMap.contains(Ljava/lang/Object;)Z @ 5
Event: 93.464 Thread 0x000000002b7ed800 Uncommon trap: reason=bimorphic action=maybe_recompile pc=0x00000000056303cc method=java.util.Collections$SetFromMap.contains(Ljava/lang/Object;)Z @ 5
Event: 93.464 Thread 0x000000002b7ed800 Uncommon trap: reason=bimorphic action=maybe_recompile pc=0x00000000056303cc method=java.util.Collections$SetFromMap.contains(Ljava/lang/Object;)Z @ 5
Event: 93.758 Thread 0x000000002b7ed800 Uncommon trap: reason=array_check action=maybe_recompile pc=0x00000000051ddac8 method=java.util.TimSort.reverseRange([Ljava/lang/Object;II)V @ 20
Event: 93.780 Thread 0x000000002b7ed800 Uncommon trap: reason=array_check action=maybe_recompile pc=0x000000000566534c method=java.util.TimSort.binarySort([Ljava/lang/Object;IIILjava/util/Comparator;)V @ 193
Event: 93.780 Thread 0x000000002b7ed800 Uncommon trap: reason=array_check action=maybe_recompile pc=0x000000000566534c method=java.util.TimSort.binarySort([Ljava/lang/Object;IIILjava/util/Comparator;)V @ 193
Event: 93.780 Thread 0x000000002b7ed800 Uncommon trap: reason=array_check action=maybe_recompile pc=0x000000000566534c method=java.util.TimSort.binarySort([Ljava/lang/Object;IIILjava/util/Comparator;)V @ 193
Event: 93.780 Thread 0x000000002b7ed800 Uncommon trap: reason=array_check action=maybe_recompile pc=0x000000000566534c method=java.util.TimSort.binarySort([Ljava/lang/Object;IIILjava/util/Comparator;)V @ 193

Classes redefined (0 events):
No events

Internal exceptions (10 events):
Event: 91.681 Thread 0x000000002b7f1000 Implicit null exception at 0x00000000048fe6f7 to 0x0000000004900a05
Event: 91.681 Thread 0x000000002b7ec000 Implicit null exception at 0x00000000048fe6f7 to 0x0000000004900a05
Event: 91.880 Thread 0x000000002b7f4000 Exception <a 'sun/nio/fs/WindowsException'> (0x00000000dfb9bc40) thrown at [C:\src\AOSP-openjdk-git\hotspot\src\share\vm\prims\jni.cpp, line 710]
Event: 92.081 Thread 0x000000002b7f4000 Exception <a 'sun/nio/fs/WindowsException'> (0x00000000e0535790) thrown at [C:\src\AOSP-openjdk-git\hotspot\src\share\vm\prims\jni.cpp, line 710]
Event: 92.084 Thread 0x000000002b7f4000 Exception <a 'sun/nio/fs/WindowsException'> (0x00000000e053c800) thrown at [C:\src\AOSP-openjdk-git\hotspot\src\share\vm\prims\jni.cpp, line 710]
Event: 92.085 Thread 0x000000002b7f4000 Exception <a 'sun/nio/fs/WindowsException'> (0x00000000e0603930) thrown at [C:\src\AOSP-openjdk-git\hotspot\src\share\vm\prims\jni.cpp, line 710]
Event: 92.087 Thread 0x000000002b7f4000 Exception <a 'sun/nio/fs/WindowsException'> (0x00000000e060a968) thrown at [C:\src\AOSP-openjdk-git\hotspot\src\share\vm\prims\jni.cpp, line 710]
Event: 92.089 Thread 0x000000002b7f4000 Exception <a 'sun/nio/fs/WindowsException'> (0x00000000e06119a0) thrown at [C:\src\AOSP-openjdk-git\hotspot\src\share\vm\prims\jni.cpp, line 710]
Event: 92.092 Thread 0x000000002b7f4000 Exception <a 'sun/nio/fs/WindowsException'> (0x00000000e069b808) thrown at [C:\src\AOSP-openjdk-git\hotspot\src\share\vm\prims\jni.cpp, line 710]
Event: 92.465 Thread 0x000000002b7ed800 Exception <a 'sun/nio/fs/WindowsException'> (0x00000000e44b2008) thrown at [C:\src\AOSP-openjdk-git\hotspot\src\share\vm\prims\jni.cpp, line 710]

Events (10 events):
Event: 93.780 Thread 0x000000002b7ed800 DEOPT UNPACKING pc=0x0000000002eb557b sp=0x00000000300fd6c8 mode 2
Event: 93.780 Thread 0x000000002b7ed800 Uncommon trap: trap_request=0xffffffd6 fr.pc=0x000000000566534c
Event: 93.780 Thread 0x000000002b7ed800 DEOPT PACKING pc=0x000000000566534c sp=0x00000000300fd700
Event: 93.780 Thread 0x000000002b7ed800 DEOPT UNPACKING pc=0x0000000002eb557b sp=0x00000000300fd6c8 mode 2
Event: 93.816 Thread 0x000000002b7fb000 DEOPT PACKING pc=0x0000000004d914f8 sp=0x0000000031d6ea60
Event: 93.816 Thread 0x000000002b7fb000 DEOPT UNPACKING pc=0x0000000002eb75d0 sp=0x0000000031d6e790 mode 0
Event: 93.850 Thread 0x000000002b7fb000 DEOPT PACKING pc=0x0000000004da0a11 sp=0x0000000031d6ec00
Event: 93.850 Thread 0x000000002b7fb000 DEOPT UNPACKING pc=0x0000000002eb75d0 sp=0x0000000031d6e9b0 mode 0
Event: 94.009 Thread 0x000000002b7fb000 DEOPT PACKING pc=0x0000000004da0a11 sp=0x0000000031d6ec50
Event: 94.009 Thread 0x000000002b7fb000 DEOPT UNPACKING pc=0x0000000002eb75d0 sp=0x0000000031d6ea00 mode 0


Dynamic libraries:
0x00007ff7f0200000 - 0x00007ff7f0231000 	C:\Program Files\Android\Android Studio\jre\bin\java.exe
0x00007fff85a70000 - 0x00007fff85c65000 	C:\WINDOWS\SYSTEM32\ntdll.dll
0x00007fff83c20000 - 0x00007fff83cdd000 	C:\WINDOWS\System32\KERNEL32.DLL
0x00007fff83760000 - 0x00007fff83a28000 	C:\WINDOWS\System32\KERNELBASE.dll
0x00007fff83f80000 - 0x00007fff8402c000 	C:\WINDOWS\System32\ADVAPI32.dll
0x00007fff84910000 - 0x00007fff849ae000 	C:\WINDOWS\System32\msvcrt.dll
0x00007fff852a0000 - 0x00007fff8533b000 	C:\WINDOWS\System32\sechost.dll
0x00007fff85170000 - 0x00007fff8529b000 	C:\WINDOWS\System32\RPCRT4.dll
0x00007fff845b0000 - 0x00007fff84750000 	C:\WINDOWS\System32\USER32.dll
0x00007fff836d0000 - 0x00007fff836f2000 	C:\WINDOWS\System32\win32u.dll
0x00007fff84570000 - 0x00007fff8459a000 	C:\WINDOWS\System32\GDI32.dll
0x00007fff83430000 - 0x00007fff8353b000 	C:\WINDOWS\System32\gdi32full.dll
0x00007fff831b0000 - 0x00007fff8324d000 	C:\WINDOWS\System32\msvcp_win.dll
0x00007fff832a0000 - 0x00007fff833a0000 	C:\WINDOWS\System32\ucrtbase.dll
0x00007fff6b740000 - 0x00007fff6b9da000 	C:\WINDOWS\WinSxS\amd64_microsoft.windows.common-controls_6595b64144ccf1df_6.0.19041.1052_none_60b8f8fd71f5e8cb\COMCTL32.dll
0x00007fff85850000 - 0x00007fff85880000 	C:\WINDOWS\System32\IMM32.DLL
0x0000000050cf0000 - 0x0000000050dc2000 	C:\Program Files\Android\Android Studio\jre\jre\bin\msvcr100.dll
0x00000000777b0000 - 0x0000000077ffb000 	C:\Program Files\Android\Android Studio\jre\jre\bin\server\jvm.dll
0x00007fff85160000 - 0x00007fff85168000 	C:\WINDOWS\System32\PSAPI.DLL
0x00007fff773e0000 - 0x00007fff773ea000 	C:\WINDOWS\SYSTEM32\VERSION.dll
0x00007fff67e80000 - 0x00007fff67ea7000 	C:\WINDOWS\SYSTEM32\WINMM.dll
0x00007fff68830000 - 0x00007fff68839000 	C:\WINDOWS\SYSTEM32\WSOCK32.dll
0x00007fff83eb0000 - 0x00007fff83f1b000 	C:\WINDOWS\System32\WS2_32.dll
0x00007fff79800000 - 0x00007fff7980f000 	C:\Program Files\Android\Android Studio\jre\jre\bin\verify.dll
0x00007fff6cbc0000 - 0x00007fff6cbe9000 	C:\Program Files\Android\Android Studio\jre\jre\bin\java.dll
0x00007fff6e470000 - 0x00007fff6e486000 	C:\Program Files\Android\Android Studio\jre\jre\bin\zip.dll
0x00007fff84a20000 - 0x00007fff8515f000 	C:\WINDOWS\System32\SHELL32.dll
0x00007fff81300000 - 0x00007fff81a90000 	C:\WINDOWS\SYSTEM32\windows.storage.dll
0x00007fff854f0000 - 0x00007fff85845000 	C:\WINDOWS\System32\combase.dll
0x00007fff82c20000 - 0x00007fff82c4c000 	C:\WINDOWS\SYSTEM32\Wldp.dll
0x00007fff83e00000 - 0x00007fff83eae000 	C:\WINDOWS\System32\SHCORE.dll
0x00007fff83b60000 - 0x00007fff83bb5000 	C:\WINDOWS\System32\shlwapi.dll
0x00007fff830f0000 - 0x00007fff8310f000 	C:\WINDOWS\SYSTEM32\profapi.dll
0x00007fff68ec0000 - 0x00007fff68eda000 	C:\Program Files\Android\Android Studio\jre\jre\bin\net.dll
0x00007fff82990000 - 0x00007fff829fa000 	C:\WINDOWS\system32\mswsock.dll
0x00007fff66940000 - 0x00007fff66953000 	C:\Program Files\Android\Android Studio\jre\jre\bin\nio.dll
0x00007fff4f0b0000 - 0x00007fff4f0d7000 	C:\Users\andy1\.gradle\native\f6784746aeab05261644944871eae4fe03e0ef1612fff0a4a95f87b438bc6780\windows-amd64\native-platform.dll
0x00007fff73520000 - 0x00007fff7352d000 	C:\Program Files\Android\Android Studio\jre\jre\bin\management.dll
0x00007fff82b60000 - 0x00007fff82b78000 	C:\WINDOWS\SYSTEM32\CRYPTSP.dll
0x00007fff822c0000 - 0x00007fff822f4000 	C:\WINDOWS\system32\rsaenh.dll
0x00007fff83540000 - 0x00007fff83567000 	C:\WINDOWS\System32\bcrypt.dll
0x00007fff83070000 - 0x00007fff8309e000 	C:\WINDOWS\SYSTEM32\USERENV.dll
0x00007fff833a0000 - 0x00007fff83423000 	C:\WINDOWS\System32\bcryptprimitives.dll
0x00007fff82b80000 - 0x00007fff82b8c000 	C:\WINDOWS\SYSTEM32\CRYPTBASE.dll
0x00007fff82630000 - 0x00007fff8266b000 	C:\WINDOWS\SYSTEM32\IPHLPAPI.DLL
0x00007fff845a0000 - 0x00007fff845a8000 	C:\WINDOWS\System32\NSI.dll
0x00007fff77630000 - 0x00007fff77647000 	C:\WINDOWS\SYSTEM32\dhcpcsvc6.DLL
0x00007fff77f90000 - 0x00007fff77fad000 	C:\WINDOWS\SYSTEM32\dhcpcsvc.DLL
0x00007fff82670000 - 0x00007fff8273c000 	C:\WINDOWS\SYSTEM32\DNSAPI.dll
0x00007fff7a2c0000 - 0x00007fff7a2cb000 	C:\WINDOWS\SYSTEM32\WINNSI.DLL

VM Arguments:
jvm_args: -Xmx2048m -Dfile.encoding=UTF-8 -Duser.country=TW -Duser.language=zh -Duser.variant 
java_command: org.gradle.launcher.daemon.bootstrap.GradleDaemon 6.5
java_class_path (initial): C:\Users\andy1\.gradle\wrapper\dists\gradle-6.5-bin\6nifqtx7604sqp1q6g8wikw7p\gradle-6.5\lib\gradle-launcher-6.5.jar
Launcher Type: SUN_STANDARD

Environment Variables:
JAVA_HOME=C:\Program Files\Java\jdk-12.0.2
PATH=C:\Program Files\Java\jdk-12.0.2\bin;C:\Windows\system32;C:\Windows;C:\Windows\System32\Wbem;C:\Windows\System32\WindowsPowerShell\v1.0\;C:\Windows\System32\OpenSSH\;C:\Program Files (x86)\NVIDIA Corporation\PhysX\Common;C:\Program Files\Intel\WiFi\bin\;C:\Program Files\Common Files\Intel\WirelessCommon\;C:\WINDOWS\system32;C:\WINDOWS;C:\WINDOWS\System32\Wbem;C:\WINDOWS\System32\WindowsPowerShell\v1.0\;C:\WINDOWS\System32\OpenSSH\;C:\Program Files\NVIDIA Corporation\NVIDIA NvDLISR;C:\Program Files\OpenVPN\bin;C:\Program Files\Git\cmd;C:\Users\andy1\flutter\bin;C:\cygwin64\bin;C:\Users\andy1\AppData\Local\Microsoft\WindowsApps;C:\intelFPGA_lite\19.1\modelsim_ase\win32aloem;C:\intelFPGA\19.1\modelsim_ase\win32aloem;
USERNAME=andy
OS=Windows_NT
PROCESSOR_IDENTIFIER=Intel64 Family 6 Model 142 Stepping 12, GenuineIntel



---------------  S Y S T E M  ---------------

OS: Windows 10.0 , 64 bit Build 19041 (10.0.19041.1023)

CPU:total 8 (initial active 8) (4 cores per cpu, 2 threads per core) family 6 model 142 stepping 12, cmov, cx8, fxsr, mmx, sse, sse2, sse3, ssse3, sse4.1, sse4.2, popcnt, avx, avx2, aes, clmul, erms, 3dnowpref, lzcnt, ht, tsc, tscinvbit, bmi1, bmi2, adx

Memory: 4k page, physical 8198036k(425156k free), swap 33363860k(3468k free)

vm_info: OpenJDK 64-Bit Server VM (25.242-b01) for windows-amd64 JRE (1.8.0_242-release-1644-b01), built by "builder" with MS VC++ 10.0 (VS2010)

time: Thu Jul 15 01:27:12 2021
timezone: 
elapsed time: 94 seconds (0d 0h 1m 34s)

