#
# There is insufficient memory for the Java Runtime Environment to continue.
# Native memory allocation (malloc) failed to allocate 1035696 bytes for Chunk::new
# Possible reasons:
#   The system is out of physical RAM or swap space
#   The process is running with CompressedOops enabled, and the Java Heap may be blocking the growth of the native heap
# Possible solutions:
#   Reduce memory load on the system
#   Increase physical memory or swap space
#   Check if swap backing store is full
#   Decrease Java heap size (-Xmx/-Xms)
#   Decrease number of Java threads
#   Decrease Java thread stack sizes (-Xss)
#   Set larger code cache with -XX:ReservedCodeCacheSize=
#   JVM is running with Unscaled Compressed Oops mode in which the Java heap is
#     placed in the first 4GB address space. The Java Heap base address is the
#     maximum limit for the native heap growth. Please use -XX:HeapBaseMinAddress
#     to set the Java Heap base and to place the Java Heap above 4GB virtual address.
# This output file may be truncated or incomplete.
#
#  Out of Memory Error (allocation.cpp:389), pid=19720, tid=0x0000000000004958
#
# JRE version: OpenJDK Runtime Environment (8.0_242-b01) (build 1.8.0_242-release-1644-b01)
# Java VM: OpenJDK 64-Bit Server VM (25.242-b01 mixed mode windows-amd64 compressed oops)
# Failed to write core dump. Minidumps are not enabled by default on client versions of Windows
#

---------------  T H R E A D  ---------------

Current thread (0x000000001784d800):  JavaThread "C2 CompilerThread2" daemon [_thread_in_native, id=18776, stack(0x000000001a0c0000,0x000000001a1c0000)]

Stack: [0x000000001a0c0000,0x000000001a1c0000]
[error occurred during error reporting (printing stack bounds), id 0xc0000005]

Native frames: (J=compiled Java code, j=interpreted, Vv=VM code, C=native code)


Current CompileTask:
C2:  17246 5243 %     4       groovy.lang.MetaClassImpl::inheritInterfaceNewMetaMethods @ 104 (199 bytes)


---------------  P R O C E S S  ---------------

Java Threads: ( => current thread )
  0x000000001c2b6000 JavaThread "pool-1-thread-1" [_thread_blocked, id=25704, stack(0x0000000029650000,0x0000000029750000)]
  0x000000001c2b8800 JavaThread "Cache worker for Build Output Cleanup Cache (C:\Users\andy1\AndroidStudioProjects\VolleyTools\.gradle\buildOutputCleanup)" [_thread_blocked, id=18324, stack(0x00000000297a0000,0x00000000298a0000)]
  0x000000001c2b9000 JavaThread "jar transforms Thread 94" [_thread_blocked, id=27388, stack(0x0000000029350000,0x0000000029450000)]
  0x000000001f700000 JavaThread "jar transforms Thread 93" [_thread_blocked, id=19004, stack(0x0000000029250000,0x0000000029350000)]
  0x000000001f701800 JavaThread "jar transforms Thread 92" [_thread_blocked, id=8656, stack(0x0000000029150000,0x0000000029250000)]
  0x000000001f700800 JavaThread "jar transforms Thread 91" [_thread_blocked, id=10948, stack(0x0000000029050000,0x0000000029150000)]
  0x000000001f6ff000 JavaThread "jar transforms Thread 90" [_thread_blocked, id=18780, stack(0x0000000028f50000,0x0000000029050000)]
  0x000000001f6fe800 JavaThread "jar transforms Thread 89" [_thread_blocked, id=14468, stack(0x0000000028e50000,0x0000000028f50000)]
  0x000000001f6fd800 JavaThread "jar transforms Thread 88" [_thread_blocked, id=22912, stack(0x0000000028d50000,0x0000000028e50000)]
  0x000000001f6fb800 JavaThread "jar transforms Thread 87" [_thread_blocked, id=27736, stack(0x0000000028c50000,0x0000000028d50000)]
  0x000000001f6f6000 JavaThread "jar transforms Thread 86" [_thread_blocked, id=25868, stack(0x0000000028b50000,0x0000000028c50000)]
  0x000000001f6fd000 JavaThread "jar transforms Thread 85" [_thread_blocked, id=30492, stack(0x0000000028a50000,0x0000000028b50000)]
  0x000000001f6fc000 JavaThread "jar transforms Thread 84" [_thread_blocked, id=19444, stack(0x0000000028950000,0x0000000028a50000)]
  0x000000001f6f4000 JavaThread "jar transforms Thread 83" [_thread_blocked, id=25372, stack(0x0000000028850000,0x0000000028950000)]
  0x000000001f6f8800 JavaThread "jar transforms Thread 82" [_thread_blocked, id=29916, stack(0x0000000028750000,0x0000000028850000)]
  0x000000001f6f7800 JavaThread "jar transforms Thread 81" [_thread_blocked, id=28504, stack(0x0000000028650000,0x0000000028750000)]
  0x000000001f6f7000 JavaThread "jar transforms Thread 80" [_thread_blocked, id=16496, stack(0x0000000028550000,0x0000000028650000)]
  0x000000001f6fa800 JavaThread "jar transforms Thread 79" [_thread_blocked, id=27484, stack(0x0000000028450000,0x0000000028550000)]
  0x000000001f6fa000 JavaThread "jar transforms Thread 78" [_thread_blocked, id=18232, stack(0x0000000028350000,0x0000000028450000)]
  0x000000001f6f9000 JavaThread "jar transforms Thread 77" [_thread_blocked, id=10448, stack(0x0000000028250000,0x0000000028350000)]
  0x000000001f6f3000 JavaThread "jar transforms Thread 76" [_thread_blocked, id=28256, stack(0x0000000028150000,0x0000000028250000)]
  0x000000001f6f4800 JavaThread "jar transforms Thread 75" [_thread_blocked, id=1208, stack(0x0000000028050000,0x0000000028150000)]
  0x000000001f6f5800 JavaThread "jar transforms Thread 74" [_thread_blocked, id=20244, stack(0x0000000027f50000,0x0000000028050000)]
  0x000000001f6f2800 JavaThread "jar transforms Thread 73" [_thread_blocked, id=28852, stack(0x0000000027e50000,0x0000000027f50000)]
  0x000000001ad69800 JavaThread "jar transforms Thread 72" [_thread_blocked, id=7080, stack(0x0000000027d50000,0x0000000027e50000)]
  0x000000001ad6a000 JavaThread "jar transforms Thread 71" [_thread_blocked, id=24728, stack(0x0000000027c50000,0x0000000027d50000)]
  0x000000001ad68800 JavaThread "jar transforms Thread 70" [_thread_blocked, id=28944, stack(0x0000000027b50000,0x0000000027c50000)]
  0x000000001ad67000 JavaThread "jar transforms Thread 69" [_thread_blocked, id=12972, stack(0x0000000027a50000,0x0000000027b50000)]
  0x000000001ad6b000 JavaThread "jar transforms Thread 68" [_thread_blocked, id=22204, stack(0x0000000027950000,0x0000000027a50000)]
  0x000000001ad68000 JavaThread "jar transforms Thread 67" [_thread_blocked, id=12444, stack(0x0000000027850000,0x0000000027950000)]
  0x000000001ad66800 JavaThread "jar transforms Thread 66" [_thread_blocked, id=16992, stack(0x0000000027750000,0x0000000027850000)]
  0x000000001ad5f000 JavaThread "jar transforms Thread 65" [_thread_blocked, id=27312, stack(0x0000000027650000,0x0000000027750000)]
  0x000000001ad65000 JavaThread "jar transforms Thread 64" [_thread_blocked, id=30696, stack(0x0000000027550000,0x0000000027650000)]
  0x000000001ad61000 JavaThread "jar transforms Thread 63" [_thread_blocked, id=13460, stack(0x0000000027450000,0x0000000027550000)]
  0x000000001ad64000 JavaThread "jar transforms Thread 62" [_thread_blocked, id=12752, stack(0x0000000027350000,0x0000000027450000)]
  0x000000001ad63800 JavaThread "jar transforms Thread 61" [_thread_blocked, id=18772, stack(0x0000000027250000,0x0000000027350000)]
  0x000000001ad65800 JavaThread "jar transforms Thread 60" [_thread_blocked, id=24084, stack(0x0000000027150000,0x0000000027250000)]
  0x000000001ad60800 JavaThread "jar transforms Thread 59" [_thread_blocked, id=24512, stack(0x0000000027050000,0x0000000027150000)]
  0x000000001ad5d800 JavaThread "jar transforms Thread 58" [_thread_blocked, id=12848, stack(0x0000000026f50000,0x0000000027050000)]
  0x000000001ad5f800 JavaThread "jar transforms Thread 57" [_thread_blocked, id=824, stack(0x0000000026e50000,0x0000000026f50000)]
  0x000000001ad62000 JavaThread "jar transforms Thread 56" [_thread_blocked, id=29352, stack(0x0000000026d50000,0x0000000026e50000)]
  0x000000001ad5c000 JavaThread "jar transforms Thread 55" [_thread_blocked, id=27180, stack(0x0000000026c50000,0x0000000026d50000)]
  0x000000001ad5e000 JavaThread "jar transforms Thread 54" [_thread_blocked, id=26924, stack(0x0000000026b50000,0x0000000026c50000)]
  0x000000001ad62800 JavaThread "jar transforms Thread 53" [_thread_blocked, id=23240, stack(0x0000000026a50000,0x0000000026b50000)]
  0x000000001ad5c800 JavaThread "jar transforms Thread 52" [_thread_blocked, id=23548, stack(0x0000000026950000,0x0000000026a50000)]
  0x000000001ad50800 JavaThread "jar transforms Thread 51" [_thread_blocked, id=21032, stack(0x0000000026850000,0x0000000026950000)]
  0x000000001ad50000 JavaThread "jar transforms Thread 50" [_thread_blocked, id=20860, stack(0x0000000026750000,0x0000000026850000)]
  0x000000001ad4f000 JavaThread "jar transforms Thread 49" [_thread_blocked, id=28420, stack(0x0000000026650000,0x0000000026750000)]
  0x000000001ad4e800 JavaThread "jar transforms Thread 48" [_thread_blocked, id=5652, stack(0x0000000026550000,0x0000000026650000)]
  0x000000001ad52000 JavaThread "jar transforms Thread 47" [_thread_blocked, id=19592, stack(0x0000000026450000,0x0000000026550000)]
  0x000000001ad53000 JavaThread "jar transforms Thread 46" [_thread_blocked, id=9268, stack(0x0000000026350000,0x0000000026450000)]
  0x000000001ad51800 JavaThread "jar transforms Thread 45" [_thread_blocked, id=22680, stack(0x0000000026250000,0x0000000026350000)]
  0x000000001ad47000 JavaThread "jar transforms Thread 44" [_thread_blocked, id=29948, stack(0x0000000026150000,0x0000000026250000)]
  0x000000001ad4d800 JavaThread "jar transforms Thread 43" [_thread_blocked, id=20048, stack(0x0000000026050000,0x0000000026150000)]
  0x000000001ad4d000 JavaThread "jar transforms Thread 42" [_thread_blocked, id=23044, stack(0x0000000025f50000,0x0000000026050000)]
  0x000000001ad4c000 JavaThread "jar transforms Thread 41" [_thread_blocked, id=18528, stack(0x0000000025e50000,0x0000000025f50000)]
  0x000000001ad4b800 JavaThread "jar transforms Thread 40" [_thread_blocked, id=28748, stack(0x0000000025d50000,0x0000000025e50000)]
  0x000000001ad44000 JavaThread "jar transforms Thread 39" [_thread_blocked, id=24860, stack(0x0000000025c50000,0x0000000025d50000)]
  0x000000001ad4a800 JavaThread "jar transforms Thread 38" [_thread_blocked, id=27992, stack(0x0000000025b50000,0x0000000025c50000)]
  0x000000001ad46000 JavaThread "jar transforms Thread 37" [_thread_blocked, id=27820, stack(0x0000000025a50000,0x0000000025b50000)]
  0x000000001ad49000 JavaThread "jar transforms Thread 36" [_thread_blocked, id=8860, stack(0x0000000025950000,0x0000000025a50000)]
  0x000000001ad4a000 JavaThread "jar transforms Thread 35" [_thread_blocked, id=25840, stack(0x0000000025850000,0x0000000025950000)]
  0x000000001ad45800 JavaThread "jar transforms Thread 34" [_thread_blocked, id=27836, stack(0x0000000025750000,0x0000000025850000)]
  0x000000001ad48800 JavaThread "jar transforms Thread 33" [_thread_blocked, id=13840, stack(0x0000000025650000,0x0000000025750000)]
  0x000000001ad47800 JavaThread "jar transforms Thread 32" [_thread_blocked, id=29896, stack(0x0000000025550000,0x0000000025650000)]
  0x000000001ad44800 JavaThread "jar transforms Thread 31" [_thread_blocked, id=2756, stack(0x0000000025450000,0x0000000025550000)]
  0x000000001c48f800 JavaThread "jar transforms Thread 30" [_thread_blocked, id=24980, stack(0x0000000025350000,0x0000000025450000)]
  0x000000001c48c800 JavaThread "jar transforms Thread 29" [_thread_blocked, id=28372, stack(0x0000000025250000,0x0000000025350000)]
  0x000000001c48e800 JavaThread "jar transforms Thread 28" [_thread_blocked, id=26332, stack(0x0000000025150000,0x0000000025250000)]
  0x000000001c48b800 JavaThread "jar transforms Thread 27" [_thread_blocked, id=25484, stack(0x0000000025050000,0x0000000025150000)]
  0x000000001c48d000 JavaThread "jar transforms Thread 26" [_thread_blocked, id=11140, stack(0x0000000024f50000,0x0000000025050000)]
  0x000000001c491000 JavaThread "jar transforms Thread 25" [_thread_blocked, id=1400, stack(0x0000000024e50000,0x0000000024f50000)]
  0x000000001c48e000 JavaThread "jar transforms Thread 24" [_thread_blocked, id=11228, stack(0x0000000024d50000,0x0000000024e50000)]
  0x000000001c490000 JavaThread "jar transforms Thread 23" [_thread_blocked, id=29580, stack(0x0000000024c50000,0x0000000024d50000)]
  0x000000001c484000 JavaThread "jar transforms Thread 22" [_thread_blocked, id=25960, stack(0x0000000024b50000,0x0000000024c50000)]
  0x000000001c48b000 JavaThread "jar transforms Thread 21" [_thread_blocked, id=19352, stack(0x0000000024a50000,0x0000000024b50000)]
  0x000000001c483800 JavaThread "jar transforms Thread 20" [_thread_blocked, id=26356, stack(0x0000000024950000,0x0000000024a50000)]
  0x000000001c48a000 JavaThread "jar transforms Thread 19" [_thread_blocked, id=10260, stack(0x0000000024850000,0x0000000024950000)]
  0x000000001c482800 JavaThread "jar transforms Thread 18" [_thread_blocked, id=27048, stack(0x0000000024750000,0x0000000024850000)]
  0x000000001c489800 JavaThread "jar transforms Thread 17" [_thread_blocked, id=27824, stack(0x0000000024650000,0x0000000024750000)]
  0x000000001c482000 JavaThread "jar transforms Thread 16" [_thread_blocked, id=8264, stack(0x0000000024550000,0x0000000024650000)]
  0x000000001c487000 JavaThread "jar transforms Thread 15" [_thread_blocked, id=15252, stack(0x0000000024450000,0x0000000024550000)]
  0x000000001c488800 JavaThread "jar transforms Thread 14" [_thread_blocked, id=24396, stack(0x0000000024350000,0x0000000024450000)]
  0x000000001c486800 JavaThread "jar transforms Thread 13" [_thread_blocked, id=26488, stack(0x0000000024250000,0x0000000024350000)]
  0x000000001c485800 JavaThread "jar transforms Thread 12" [_thread_blocked, id=10128, stack(0x0000000024150000,0x0000000024250000)]
  0x000000001c488000 JavaThread "jar transforms Thread 11" [_thread_blocked, id=8736, stack(0x0000000024050000,0x0000000024150000)]
  0x000000001c485000 JavaThread "jar transforms Thread 10" [_thread_blocked, id=29324, stack(0x0000000023f50000,0x0000000024050000)]
  0x0000000021584000 JavaThread "jar transforms Thread 9" [_thread_blocked, id=27844, stack(0x0000000023e50000,0x0000000023f50000)]
  0x0000000021587000 JavaThread "jar transforms Thread 8" [_thread_blocked, id=27800, stack(0x0000000023d50000,0x0000000023e50000)]
  0x0000000021586000 JavaThread "jar transforms Thread 7" [_thread_blocked, id=23848, stack(0x0000000023c50000,0x0000000023d50000)]
  0x0000000021583000 JavaThread "jar transforms Thread 6" [_thread_blocked, id=3160, stack(0x0000000023b50000,0x0000000023c50000)]
  0x0000000021581800 JavaThread "jar transforms Thread 5" [_thread_blocked, id=12256, stack(0x0000000023a50000,0x0000000023b50000)]
  0x0000000021587800 JavaThread "jar transforms Thread 4" [_thread_blocked, id=26168, stack(0x0000000023950000,0x0000000023a50000)]
  0x0000000021582800 JavaThread "jar transforms Thread 3" [_thread_blocked, id=28012, stack(0x0000000023850000,0x0000000023950000)]
  0x0000000021584800 JavaThread "jar transforms Thread 2" [_thread_blocked, id=9028, stack(0x0000000023750000,0x0000000023850000)]
  0x0000000021585800 JavaThread "Build operations Thread 8" [_thread_blocked, id=26940, stack(0x0000000023550000,0x0000000023650000)]
  0x000000002157a000 JavaThread "Build operations Thread 7" [_thread_blocked, id=20672, stack(0x0000000023450000,0x0000000023550000)]
  0x0000000021581000 JavaThread "Build operations Thread 6" [_thread_blocked, id=26816, stack(0x0000000023350000,0x0000000023450000)]
  0x0000000021580000 JavaThread "Build operations Thread 5" [_thread_blocked, id=17004, stack(0x0000000023250000,0x0000000023350000)]
  0x0000000021578800 JavaThread "Build operations Thread 4" [_thread_blocked, id=28964, stack(0x0000000023150000,0x0000000023250000)]
  0x000000002157f800 JavaThread "Build operations Thread 3" [_thread_blocked, id=27076, stack(0x0000000023050000,0x0000000023150000)]
  0x000000002157e800 JavaThread "Build operations Thread 2" [_thread_blocked, id=21628, stack(0x0000000022f50000,0x0000000023050000)]
  0x000000002157d000 JavaThread "Build operations" [_thread_blocked, id=14072, stack(0x0000000022e50000,0x0000000022f50000)]
  0x000000001c1be800 JavaThread "Cache worker for file content cache (C:\Users\andy1\.gradle\caches\6.5\fileContent)" [_thread_blocked, id=23156, stack(0x0000000022750000,0x0000000022850000)]
  0x000000001c1be000 JavaThread "jar transforms" [_thread_blocked, id=23804, stack(0x0000000022650000,0x0000000022750000)]
  0x000000001c1bd000 JavaThread "Cache worker for execution history cache (C:\Users\andy1\.gradle\caches\6.5\executionHistory)" [_thread_blocked, id=29632, stack(0x0000000021f50000,0x0000000022050000)]
  0x000000001c1c2800 JavaThread "Cache worker for cache directory md-rule (C:\Users\andy1\.gradle\caches\6.5\md-rule)" [_thread_blocked, id=28428, stack(0x0000000021e50000,0x0000000021f50000)]
  0x000000001c1c1000 JavaThread "Cache worker for cache directory md-supplier (C:\Users\andy1\.gradle\caches\6.5\md-supplier)" [_thread_blocked, id=22532, stack(0x00000000209f0000,0x0000000020af0000)]
  0x000000001c1c0000 JavaThread "Cache worker for checksums cache (C:\Users\andy1\AndroidStudioProjects\VolleyTools\.gradle\checksums)" [_thread_blocked, id=26416, stack(0x00000000208f0000,0x00000000209f0000)]
  0x000000001c1bc800 JavaThread "Cache worker for file hash cache (C:\Users\andy1\AndroidStudioProjects\VolleyTools\.gradle\6.5\fileHashes)" [_thread_blocked, id=22304, stack(0x0000000021d50000,0x0000000021e50000)]
  0x000000001c1c1800 JavaThread "Cache worker for file hash cache (C:\Users\andy1\.gradle\caches\6.5\fileHashes)" [_thread_blocked, id=24984, stack(0x000000001e450000,0x000000001e550000)]
  0x000000001c1bb800 JavaThread "File lock request listener" [_thread_in_native, id=9756, stack(0x000000001e350000,0x000000001e450000)]
  0x000000001c093800 JavaThread "Cache worker for journal cache (C:\Users\andy1\.gradle\caches\journal-1)" [_thread_blocked, id=14368, stack(0x000000001e250000,0x000000001e350000)]
  0x000000001b77d800 JavaThread "Thread-9" [_thread_blocked, id=30504, stack(0x000000001df50000,0x000000001e050000)]
  0x000000001b776800 JavaThread "Stdin handler" [_thread_blocked, id=20896, stack(0x000000001de50000,0x000000001df50000)]
  0x000000001bf70000 JavaThread "Asynchronous log dispatcher for DefaultDaemonConnection: socket connection from /127.0.0.1:61164 to /127.0.0.1:61165" [_thread_blocked, id=29784, stack(0x000000001dd50000,0x000000001de50000)]
  0x000000001beec000 JavaThread "Daemon worker" [_thread_in_Java, id=30552, stack(0x000000001dc50000,0x000000001dd50000)]
  0x000000001a6b6000 JavaThread "Cancel handler" [_thread_blocked, id=12264, stack(0x000000001db50000,0x000000001dc50000)]
  0x000000001beb8800 JavaThread "Handler for socket connection from /127.0.0.1:61164 to /127.0.0.1:61165" [_thread_in_native, id=17444, stack(0x000000001da50000,0x000000001db50000)]
  0x000000001beb9800 JavaThread "Daemon" [_thread_blocked, id=14644, stack(0x000000001d950000,0x000000001da50000)]
  0x000000001be68000 JavaThread "Daemon periodic checks" [_thread_blocked, id=16576, stack(0x000000001d650000,0x000000001d750000)]
  0x000000001be50000 JavaThread "Incoming local TCP Connector on port 61164" [_thread_in_native, id=19764, stack(0x000000001d4a0000,0x000000001d5a0000)]
  0x000000001bd59000 JavaThread "Daemon health stats" [_thread_blocked, id=11936, stack(0x000000001ce60000,0x000000001cf60000)]
  0x00000000196d4800 JavaThread "Service Thread" daemon [_thread_blocked, id=27520, stack(0x000000001a2c0000,0x000000001a3c0000)]
  0x000000001964c000 JavaThread "C1 CompilerThread3" daemon [_thread_blocked, id=1340, stack(0x000000001a1c0000,0x000000001a2c0000)]
=>0x000000001784d800 JavaThread "C2 CompilerThread2" daemon [_thread_in_native, id=18776, stack(0x000000001a0c0000,0x000000001a1c0000)]
  0x000000001784b800 JavaThread "C2 CompilerThread1" daemon [_thread_blocked, id=10896, stack(0x0000000019fc0000,0x000000001a0c0000)]
  0x0000000019646800 JavaThread "C2 CompilerThread0" daemon [_thread_in_native, id=7920, stack(0x0000000019ec0000,0x0000000019fc0000)]
  0x0000000019645000 JavaThread "Attach Listener" daemon [_thread_blocked, id=19724, stack(0x0000000019dc0000,0x0000000019ec0000)]
  0x0000000019644000 JavaThread "Signal Dispatcher" daemon [_thread_blocked, id=24900, stack(0x0000000019cc0000,0x0000000019dc0000)]
  0x00000000027cd800 JavaThread "Finalizer" daemon [_thread_blocked, id=2828, stack(0x0000000019b10000,0x0000000019c10000)]
  0x00000000027c7000 JavaThread "Reference Handler" daemon [_thread_blocked, id=29236, stack(0x0000000019a10000,0x0000000019b10000)]
  0x00000000024ce800 JavaThread "main" [_thread_blocked, id=19480, stack(0x00000000025d0000,0x00000000026d0000)]

Other Threads:
  0x0000000017836000 VMThread [stack: 0x0000000019510000,0x0000000019610000] [id=27124]
  0x00000000196d5800 WatcherThread [stack: 0x000000001a3c0000,0x000000001a4c0000] [id=17344]

VM state:not at safepoint (normal execution)

VM Mutex/Monitor currently owned by a thread: None

heap address: 0x0000000080000000, size: 2048 MB, Compressed Oops mode: 32-bit
Narrow klass base: 0x0000000000000000, Narrow klass shift: 3
Compressed class space size: 1073741824 Address: 0x0000000100000000

Heap:
 PSYoungGen      total 182784K, used 3218K [0x00000000d5580000, 0x00000000e2080000, 0x0000000100000000)
  eden space 172544K, 1% used [0x00000000d5580000,0x00000000d58a4830,0x00000000dfe00000)
  from space 10240K, 0% used [0x00000000e1680000,0x00000000e1680000,0x00000000e2080000)
  to   space 13312K, 0% used [0x00000000e0680000,0x00000000e0680000,0x00000000e1380000)
 ParOldGen       total 69120K, used 33528K [0x0000000080000000, 0x0000000084380000, 0x00000000d5580000)
  object space 69120K, 48% used [0x0000000080000000,0x00000000820be318,0x0000000084380000)
 Metaspace       used 56540K, capacity 58880K, committed 59156K, reserved 1099776K
  class space    used 7730K, capacity 8222K, committed 8320K, reserved 1048576K

Card table byte_map: [0x0000000011b90000,0x0000000011fa0000] byte_map_base: 0x0000000011790000

Marking Bits: (ParMarkBitMap*) 0x0000000077f7f030
 Begin Bits: [0x0000000012a50000, 0x0000000014a50000)
 End Bits:   [0x0000000014a50000, 0x0000000016a50000)

Polling page: 0x0000000002550000

CodeCache: size=245760Kb used=17225Kb max_used=17226Kb free=228534Kb
 bounds [0x00000000027d0000, 0x00000000038c0000, 0x00000000117d0000]
 total_blobs=5689 nmethods=4922 adapters=679
 compilation: enabled

Compilation events (10 events):
Event: 16.808 Thread 0x000000001784b800 nmethod 5383 0x00000000038a40d0 code [0x00000000038a4220, 0x00000000038a4558]
Event: 17.241 Thread 0x000000001964c000 5385       3       org.gradle.internal.reflect.MethodSet::add (50 bytes)
Event: 17.242 Thread 0x000000001784b800 5388       4       java.util.HashMap::hash (20 bytes)
Event: 17.242 Thread 0x000000001964c000 nmethod 5385 0x00000000038a7050 code [0x00000000038a7220, 0x00000000038a7b18]
Event: 17.242 Thread 0x000000001964c000 5386       3       java.util.HashMap::resize (359 bytes)
Event: 17.243 Thread 0x000000001784b800 nmethod 5388 0x0000000003240750 code [0x0000000003240880, 0x0000000003240938]
Event: 17.243 Thread 0x000000001964c000 nmethod 5386 0x00000000038abe90 code [0x00000000038ac0e0, 0x00000000038ad308]
Event: 17.243 Thread 0x000000001964c000 5387       3       java.util.LinkedHashMap::get (33 bytes)
Event: 17.244 Thread 0x000000001964c000 nmethod 5387 0x00000000038ab650 code [0x00000000038ab7e0, 0x00000000038abce8]
Event: 17.244 Thread 0x000000001784b800 5389       4       sun.reflect.ConstantPool::getUTF8At (10 bytes)

GC Heap History (10 events):
Event: 6.756 GC heap before
{Heap before GC invocations=11 (full 2):
 PSYoungGen      total 136704K, used 11205K [0x00000000d5580000, 0x00000000e2300000, 0x0000000100000000)
  eden space 125440K, 0% used [0x00000000d5580000,0x00000000d5580000,0x00000000dd000000)
  from space 11264K, 99% used [0x00000000dd000000,0x00000000ddaf1628,0x00000000ddb00000)
  to   space 12800K, 0% used [0x00000000e1680000,0x00000000e1680000,0x00000000e2300000)
 ParOldGen       total 46592K, used 6701K [0x0000000080000000, 0x0000000082d80000, 0x00000000d5580000)
  object space 46592K, 14% used [0x0000000080000000,0x000000008068b400,0x0000000082d80000)
 Metaspace       used 34189K, capacity 35392K, committed 35416K, reserved 1079296K
  class space    used 4703K, capacity 4973K, committed 4992K, reserved 1048576K
Event: 6.851 GC heap after
Heap after GC invocations=11 (full 2):
 PSYoungGen      total 136704K, used 0K [0x00000000d5580000, 0x00000000e2300000, 0x0000000100000000)
  eden space 125440K, 0% used [0x00000000d5580000,0x00000000d5580000,0x00000000dd000000)
  from space 11264K, 0% used [0x00000000dd000000,0x00000000dd000000,0x00000000ddb00000)
  to   space 12800K, 0% used [0x00000000e1680000,0x00000000e1680000,0x00000000e2300000)
 ParOldGen       total 69120K, used 17361K [0x0000000080000000, 0x0000000084380000, 0x00000000d5580000)
  object space 69120K, 25% used [0x0000000080000000,0x00000000810f4508,0x0000000084380000)
 Metaspace       used 34189K, capacity 35392K, committed 35416K, reserved 1079296K
  class space    used 4703K, capacity 4973K, committed 4992K, reserved 1048576K
}
Event: 9.114 GC heap before
{Heap before GC invocations=12 (full 2):
 PSYoungGen      total 136704K, used 125440K [0x00000000d5580000, 0x00000000e2300000, 0x0000000100000000)
  eden space 125440K, 100% used [0x00000000d5580000,0x00000000dd000000,0x00000000dd000000)
  from space 11264K, 0% used [0x00000000dd000000,0x00000000dd000000,0x00000000ddb00000)
  to   space 12800K, 0% used [0x00000000e1680000,0x00000000e1680000,0x00000000e2300000)
 ParOldGen       total 69120K, used 17361K [0x0000000080000000, 0x0000000084380000, 0x00000000d5580000)
  object space 69120K, 25% used [0x0000000080000000,0x00000000810f4508,0x0000000084380000)
 Metaspace       used 39288K, capacity 40988K, committed 41048K, reserved 1085440K
  class space    used 5405K, capacity 5740K, committed 5760K, reserved 1048576K
Event: 9.136 GC heap after
Heap after GC invocations=12 (full 2):
 PSYoungGen      total 182784K, used 9966K [0x00000000d5580000, 0x00000000e2080000, 0x0000000100000000)
  eden space 172544K, 0% used [0x00000000d5580000,0x00000000d5580000,0x00000000dfe00000)
  from space 10240K, 97% used [0x00000000e1680000,0x00000000e203b850,0x00000000e2080000)
  to   space 13312K, 0% used [0x00000000e0680000,0x00000000e0680000,0x00000000e1380000)
 ParOldGen       total 69120K, used 17369K [0x0000000080000000, 0x0000000084380000, 0x00000000d5580000)
  object space 69120K, 25% used [0x0000000080000000,0x00000000810f6508,0x0000000084380000)
 Metaspace       used 39288K, capacity 40988K, committed 41048K, reserved 1085440K
  class space    used 5405K, capacity 5740K, committed 5760K, reserved 1048576K
}
Event: 15.791 GC heap before
{Heap before GC invocations=13 (full 2):
 PSYoungGen      total 182784K, used 182510K [0x00000000d5580000, 0x00000000e2080000, 0x0000000100000000)
  eden space 172544K, 100% used [0x00000000d5580000,0x00000000dfe00000,0x00000000dfe00000)
  from space 10240K, 97% used [0x00000000e1680000,0x00000000e203b850,0x00000000e2080000)
  to   space 13312K, 0% used [0x00000000e0680000,0x00000000e0680000,0x00000000e1380000)
 ParOldGen       total 69120K, used 17369K [0x0000000080000000, 0x0000000084380000, 0x00000000d5580000)
  object space 69120K, 25% used [0x0000000080000000,0x00000000810f6508,0x0000000084380000)
 Metaspace       used 54594K, capacity 56760K, committed 57048K, reserved 1097728K
  class space    used 7418K, capacity 7863K, committed 7936K, reserved 1048576K
Event: 15.820 GC heap after
Heap after GC invocations=13 (full 2):
 PSYoungGen      total 185856K, used 13292K [0x00000000d5580000, 0x00000000e2080000, 0x0000000100000000)
  eden space 172544K, 0% used [0x00000000d5580000,0x00000000d5580000,0x00000000dfe00000)
  from space 13312K, 99% used [0x00000000e0680000,0x00000000e137b140,0x00000000e1380000)
  to   space 10240K, 0% used [0x00000000e1680000,0x00000000e1680000,0x00000000e2080000)
 ParOldGen       total 69120K, used 30854K [0x0000000080000000, 0x0000000084380000, 0x00000000d5580000)
  object space 69120K, 44% used [0x0000000080000000,0x0000000081e21bf8,0x0000000084380000)
 Metaspace       used 54594K, capacity 56760K, committed 57048K, reserved 1097728K
  class space    used 7418K, capacity 7863K, committed 7936K, reserved 1048576K
}
Event: 16.852 GC heap before
{Heap before GC invocations=14 (full 2):
 PSYoungGen      total 185856K, used 69344K [0x00000000d5580000, 0x00000000e2080000, 0x0000000100000000)
  eden space 172544K, 32% used [0x00000000d5580000,0x00000000d8c3ced0,0x00000000dfe00000)
  from space 13312K, 99% used [0x00000000e0680000,0x00000000e137b140,0x00000000e1380000)
  to   space 10240K, 0% used [0x00000000e1680000,0x00000000e1680000,0x00000000e2080000)
 ParOldGen       total 69120K, used 30854K [0x0000000080000000, 0x0000000084380000, 0x00000000d5580000)
  object space 69120K, 44% used [0x0000000080000000,0x0000000081e21bf8,0x0000000084380000)
 Metaspace       used 56476K, capacity 58858K, committed 59028K, reserved 1099776K
  class space    used 7713K, capacity 8191K, committed 8192K, reserved 1048576K
Event: 16.875 GC heap after
Heap after GC invocations=14 (full 2):
 PSYoungGen      total 182784K, used 5184K [0x00000000d5580000, 0x00000000e2080000, 0x0000000100000000)
  eden space 172544K, 0% used [0x00000000d5580000,0x00000000d5580000,0x00000000dfe00000)
  from space 10240K, 50% used [0x00000000e1680000,0x00000000e1b90258,0x00000000e2080000)
  to   space 13312K, 0% used [0x00000000e0680000,0x00000000e0680000,0x00000000e1380000)
 ParOldGen       total 69120K, used 41731K [0x0000000080000000, 0x0000000084380000, 0x00000000d5580000)
  object space 69120K, 60% used [0x0000000080000000,0x00000000828c0e90,0x0000000084380000)
 Metaspace       used 56476K, capacity 58858K, committed 59028K, reserved 1099776K
  class space    used 7713K, capacity 8191K, committed 8192K, reserved 1048576K
}
Event: 16.875 GC heap before
{Heap before GC invocations=15 (full 3):
 PSYoungGen      total 182784K, used 5184K [0x00000000d5580000, 0x00000000e2080000, 0x0000000100000000)
  eden space 172544K, 0% used [0x00000000d5580000,0x00000000d5580000,0x00000000dfe00000)
  from space 10240K, 50% used [0x00000000e1680000,0x00000000e1b90258,0x00000000e2080000)
  to   space 13312K, 0% used [0x00000000e0680000,0x00000000e0680000,0x00000000e1380000)
 ParOldGen       total 69120K, used 41731K [0x0000000080000000, 0x0000000084380000, 0x00000000d5580000)
  object space 69120K, 60% used [0x0000000080000000,0x00000000828c0e90,0x0000000084380000)
 Metaspace       used 56476K, capacity 58858K, committed 59028K, reserved 1099776K
  class space    used 7713K, capacity 8191K, committed 8192K, reserved 1048576K
Event: 17.179 GC heap after
Heap after GC invocations=15 (full 3):
 PSYoungGen      total 182784K, used 0K [0x00000000d5580000, 0x00000000e2080000, 0x0000000100000000)
  eden space 172544K, 0% used [0x00000000d5580000,0x00000000d5580000,0x00000000dfe00000)
  from space 10240K, 0% used [0x00000000e1680000,0x00000000e1680000,0x00000000e2080000)
  to   space 13312K, 0% used [0x00000000e0680000,0x00000000e0680000,0x00000000e1380000)
 ParOldGen       total 69120K, used 33528K [0x0000000080000000, 0x0000000084380000, 0x00000000d5580000)
  object space 69120K, 48% used [0x0000000080000000,0x00000000820be318,0x0000000084380000)
 Metaspace       used 56469K, capacity 58834K, committed 59028K, reserved 1099776K
  class space    used 7711K, capacity 8187K, committed 8192K, reserved 1048576K
}

Deoptimization events (10 events):
Event: 16.312 Thread 0x000000001beec000 Uncommon trap: reason=unstable_if action=reinterpret pc=0x00000000037eb6c8 method=org.codehaus.groovy.runtime.metaclass.MetaMethodIndex.addMethodToList(Ljava/lang/Object;Lgroovy/lang/MetaMethod;)Ljava/lang/Object; @ 256
Event: 16.612 Thread 0x000000001beec000 Uncommon trap: reason=unstable_if action=reinterpret pc=0x00000000036b07fc method=org.codehaus.groovy.runtime.metaclass.MetaMethodIndex.copyNonPrivateNonNewMetaMethods(Lorg/codehaus/groovy/runtime/metaclass/MetaMethodIndex$Entry;Lorg/codehaus/groovy/runti
Event: 16.620 Thread 0x000000001beec000 Uncommon trap: reason=predicate action=maybe_recompile pc=0x00000000038479fc method=java.util.AbstractCollection.toArray([Ljava/lang/Object;)[Ljava/lang/Object; @ 49
Event: 16.755 Thread 0x000000001beec000 Uncommon trap: reason=unstable_if action=reinterpret pc=0x0000000002c64a20 method=org.objectweb.asm.ByteVector.putInt(I)Lorg/objectweb/asm/ByteVector; @ 13
Event: 16.803 Thread 0x000000001beec000 Uncommon trap: reason=unstable_if action=reinterpret pc=0x0000000002b07134 method=java.util.HashMap.resize()[Ljava/util/HashMap$Node; @ 206
Event: 16.803 Thread 0x000000001beec000 Uncommon trap: reason=unstable_if action=reinterpret pc=0x0000000002bb7038 method=java.util.HashMap.getNode(ILjava/lang/Object;)Ljava/util/HashMap$Node; @ 84
Event: 16.803 Thread 0x000000001beec000 Uncommon trap: reason=unstable_if action=reinterpret pc=0x0000000003790880 method=java.util.HashMap.getNode(ILjava/lang/Object;)Ljava/util/HashMap$Node; @ 84
Event: 16.803 Thread 0x000000001beec000 Uncommon trap: reason=unstable_if action=reinterpret pc=0x00000000036f9cec method=java.util.HashMap.getNode(ILjava/lang/Object;)Ljava/util/HashMap$Node; @ 84
Event: 17.183 Thread 0x000000001beec000 Uncommon trap: reason=unstable_if action=reinterpret pc=0x0000000003285280 method=java.io.WinNTFileSystem.normalize(Ljava/lang/String;)Ljava/lang/String; @ 74
Event: 17.183 Thread 0x000000001beec000 Uncommon trap: reason=unstable_if action=reinterpret pc=0x0000000002dd9858 method=java.io.WinNTFileSystem.normalize(Ljava/lang/String;II)Ljava/lang/String; @ 103

Classes redefined (0 events):
No events

Internal exceptions (10 events):
Event: 16.613 Thread 0x000000001beec000 Exception <a 'java/lang/ClassNotFoundException': org/gradle/api/internal/artifacts/configurations/DefaultConfiguration_DecoratedBeanInfo> (0x00000000d8122b68) thrown at [C:\src\AOSP-openjdk-git\hotspot\src\share\vm\classfile\systemDictionary.cpp, line 210
Event: 16.614 Thread 0x000000001beec000 Exception <a 'java/lang/ClassNotFoundException': org/gradle/api/internal/artifacts/configurations/DefaultConfigurationBeanInfo> (0x00000000d815b768) thrown at [C:\src\AOSP-openjdk-git\hotspot\src\share\vm\classfile\systemDictionary.cpp, line 210]
Event: 16.616 Thread 0x000000001beec000 Exception <a 'java/lang/ClassNotFoundException': org/gradle/api/internal/artifacts/configurations/DefaultConfigurationCustomizer> (0x00000000d8194e18) thrown at [C:\src\AOSP-openjdk-git\hotspot\src\share\vm\classfile\systemDictionary.cpp, line 210]
Event: 16.624 Thread 0x000000001beec000 Exception <a 'java/lang/ClassNotFoundException': org/gradle/api/internal/artifacts/configurations/DefaultConfiguration_DecoratedCustomizer> (0x00000000d82455f8) thrown at [C:\src\AOSP-openjdk-git\hotspot\src\share\vm\classfile\systemDictionary.cpp, line 2
Event: 16.635 Thread 0x000000001beec000 Exception <a 'java/lang/ClassNotFoundException': org/codehaus/groovy/runtime/MethodClosureBeanInfo> (0x00000000d8336ab8) thrown at [C:\src\AOSP-openjdk-git\hotspot\src\share\vm\classfile\systemDictionary.cpp, line 210]
Event: 16.636 Thread 0x000000001beec000 Exception <a 'java/lang/ClassNotFoundException': org/codehaus/groovy/runtime/MethodClosureCustomizer> (0x00000000d8350628) thrown at [C:\src\AOSP-openjdk-git\hotspot\src\share\vm\classfile\systemDictionary.cpp, line 210]
Event: 16.640 Thread 0x000000001beec000 Exception <a 'java/lang/ClassNotFoundException': org/gradle/api/internal/artifacts/configurations/DefaultConfiguration$ConfigurationResolvableDependencies_DecoratedBeanInfo> (0x00000000d83db660) thrown at [C:\src\AOSP-openjdk-git\hotspot\src\share\vm\clas
Event: 16.641 Thread 0x000000001beec000 Exception <a 'java/lang/ClassNotFoundException': org/gradle/api/internal/artifacts/configurations/DefaultConfiguration$ConfigurationResolvableDependenciesBeanInfo> (0x00000000d84266a8) thrown at [C:\src\AOSP-openjdk-git\hotspot\src\share\vm\classfile\syst
Event: 16.642 Thread 0x000000001beec000 Exception <a 'java/lang/ClassNotFoundException': org/gradle/api/internal/artifacts/configurations/DefaultConfiguration$ConfigurationResolvableDependenciesCustomizer> (0x00000000d8473750) thrown at [C:\src\AOSP-openjdk-git\hotspot\src\share\vm\classfile\sy
Event: 16.645 Thread 0x000000001beec000 Exception <a 'java/lang/ClassNotFoundException': org/gradle/api/internal/artifacts/configurations/DefaultConfiguration$ConfigurationResolvableDependencies_DecoratedCustomizer> (0x00000000d84daf08) thrown at [C:\src\AOSP-openjdk-git\hotspot\src\share\vm\cl

Events (10 events):
Event: 17.241 loading class org/gradle/api/provider/SetProperty
Event: 17.241 loading class org/gradle/api/provider/SetProperty done
Event: 17.241 loading class com/android/build/gradle/internal/packaging/IncrementalPackagerBuilder$ApkFormat
Event: 17.241 loading class com/android/build/gradle/internal/packaging/IncrementalPackagerBuilder$ApkFormat done
Event: 17.242 loading class org/gradle/workers/WorkerExecutor
Event: 17.242 loading class org/gradle/workers/WorkerExecutor done
Event: 17.244 loading class org/gradle/api/tasks/InputFiles
Event: 17.244 loading class org/gradle/api/tasks/InputFiles done
Event: 17.244 loading class org/gradle/api/tasks/Nested
Event: 17.244 loading class org/gradle/api/tasks/Nested done


Dynamic libraries:
0x00007ff695500000 - 0x00007ff695531000 	C:\Program Files\Android\Android Studio\jre\bin\java.exe
0x00007fff85a70000 - 0x00007fff85c65000 	C:\WINDOWS\SYSTEM32\ntdll.dll
0x00007fff83c20000 - 0x00007fff83cdd000 	C:\WINDOWS\System32\KERNEL32.DLL
0x00007fff83760000 - 0x00007fff83a28000 	C:\WINDOWS\System32\KERNELBASE.dll
0x00007fff83f80000 - 0x00007fff8402c000 	C:\WINDOWS\System32\ADVAPI32.dll
0x00007fff84910000 - 0x00007fff849ae000 	C:\WINDOWS\System32\msvcrt.dll
0x00007fff852a0000 - 0x00007fff8533b000 	C:\WINDOWS\System32\sechost.dll
0x00007fff85170000 - 0x00007fff8529b000 	C:\WINDOWS\System32\RPCRT4.dll
0x00007fff845b0000 - 0x00007fff84750000 	C:\WINDOWS\System32\USER32.dll
0x00007fff836d0000 - 0x00007fff836f2000 	C:\WINDOWS\System32\win32u.dll
0x00007fff84570000 - 0x00007fff8459a000 	C:\WINDOWS\System32\GDI32.dll
0x00007fff83430000 - 0x00007fff8353b000 	C:\WINDOWS\System32\gdi32full.dll
0x00007fff831b0000 - 0x00007fff8324d000 	C:\WINDOWS\System32\msvcp_win.dll
0x00007fff832a0000 - 0x00007fff833a0000 	C:\WINDOWS\System32\ucrtbase.dll
0x00007fff6b740000 - 0x00007fff6b9da000 	C:\WINDOWS\WinSxS\amd64_microsoft.windows.common-controls_6595b64144ccf1df_6.0.19041.1052_none_60b8f8fd71f5e8cb\COMCTL32.dll
0x00007fff85850000 - 0x00007fff85880000 	C:\WINDOWS\System32\IMM32.DLL
0x00000000776d0000 - 0x00000000777a2000 	C:\Program Files\Android\Android Studio\jre\jre\bin\msvcr100.dll
0x00000000777b0000 - 0x0000000077ffb000 	C:\Program Files\Android\Android Studio\jre\jre\bin\server\jvm.dll
0x00007fff85160000 - 0x00007fff85168000 	C:\WINDOWS\System32\PSAPI.DLL
0x00007fff67e80000 - 0x00007fff67ea7000 	C:\WINDOWS\SYSTEM32\WINMM.dll
0x00007fff773e0000 - 0x00007fff773ea000 	C:\WINDOWS\SYSTEM32\VERSION.dll
0x00007fff68830000 - 0x00007fff68839000 	C:\WINDOWS\SYSTEM32\WSOCK32.dll
0x00007fff83eb0000 - 0x00007fff83f1b000 	C:\WINDOWS\System32\WS2_32.dll
0x00007fff6e390000 - 0x00007fff6e39f000 	C:\Program Files\Android\Android Studio\jre\jre\bin\verify.dll
0x00007fff54d90000 - 0x00007fff54db9000 	C:\Program Files\Android\Android Studio\jre\jre\bin\java.dll
0x00007fff6e2d0000 - 0x00007fff6e2e6000 	C:\Program Files\Android\Android Studio\jre\jre\bin\zip.dll
0x00007fff84a20000 - 0x00007fff8515f000 	C:\WINDOWS\System32\SHELL32.dll
0x00007fff81300000 - 0x00007fff81a90000 	C:\WINDOWS\SYSTEM32\windows.storage.dll
0x00007fff854f0000 - 0x00007fff85845000 	C:\WINDOWS\System32\combase.dll
0x00007fff82c20000 - 0x00007fff82c4c000 	C:\WINDOWS\SYSTEM32\Wldp.dll
0x00007fff83e00000 - 0x00007fff83eae000 	C:\WINDOWS\System32\SHCORE.dll
0x00007fff83b60000 - 0x00007fff83bb5000 	C:\WINDOWS\System32\shlwapi.dll
0x00007fff830f0000 - 0x00007fff8310f000 	C:\WINDOWS\SYSTEM32\profapi.dll
0x00007fff6c500000 - 0x00007fff6c51a000 	C:\Program Files\Android\Android Studio\jre\jre\bin\net.dll
0x00007fff82990000 - 0x00007fff829fa000 	C:\WINDOWS\system32\mswsock.dll
0x00007fff61e00000 - 0x00007fff61e13000 	C:\Program Files\Android\Android Studio\jre\jre\bin\nio.dll
0x00007fff5fda0000 - 0x00007fff5fdc7000 	C:\Users\andy1\.gradle\native\f6784746aeab05261644944871eae4fe03e0ef1612fff0a4a95f87b438bc6780\windows-amd64\native-platform.dll
0x00007fff6e290000 - 0x00007fff6e29d000 	C:\Program Files\Android\Android Studio\jre\jre\bin\management.dll
0x00007fff82b60000 - 0x00007fff82b78000 	C:\WINDOWS\SYSTEM32\CRYPTSP.dll
0x00007fff822c0000 - 0x00007fff822f4000 	C:\WINDOWS\system32\rsaenh.dll
0x00007fff83540000 - 0x00007fff83567000 	C:\WINDOWS\System32\bcrypt.dll
0x00007fff83070000 - 0x00007fff8309e000 	C:\WINDOWS\SYSTEM32\USERENV.dll
0x00007fff833a0000 - 0x00007fff83423000 	C:\WINDOWS\System32\bcryptprimitives.dll
0x00007fff82b80000 - 0x00007fff82b8c000 	C:\WINDOWS\SYSTEM32\CRYPTBASE.dll
0x00007fff82630000 - 0x00007fff8266b000 	C:\WINDOWS\SYSTEM32\IPHLPAPI.DLL
0x00007fff845a0000 - 0x00007fff845a8000 	C:\WINDOWS\System32\NSI.dll
0x00007fff77630000 - 0x00007fff77647000 	C:\WINDOWS\SYSTEM32\dhcpcsvc6.DLL
0x00007fff77f90000 - 0x00007fff77fad000 	C:\WINDOWS\SYSTEM32\dhcpcsvc.DLL
0x00007fff82670000 - 0x00007fff8273c000 	C:\WINDOWS\SYSTEM32\DNSAPI.dll
0x00007fff7a2c0000 - 0x00007fff7a2cb000 	C:\WINDOWS\SYSTEM32\WINNSI.DLL

VM Arguments:
jvm_args: -Xmx2048m -Dfile.encoding=UTF-8 -Duser.country=TW -Duser.language=zh -Duser.variant 
java_command: org.gradle.launcher.daemon.bootstrap.GradleDaemon 6.5
java_class_path (initial): C:\Users\andy1\.gradle\wrapper\dists\gradle-6.5-bin\6nifqtx7604sqp1q6g8wikw7p\gradle-6.5\lib\gradle-launcher-6.5.jar
Launcher Type: SUN_STANDARD

Environment Variables:
JAVA_HOME=C:\Program Files\Java\jdk-12.0.2
PATH=C:\Program Files\Java\jdk-12.0.2\bin;C:\Windows\system32;C:\Windows;C:\Windows\System32\Wbem;C:\Windows\System32\WindowsPowerShell\v1.0\;C:\Windows\System32\OpenSSH\;C:\Program Files (x86)\NVIDIA Corporation\PhysX\Common;C:\Program Files\Intel\WiFi\bin\;C:\Program Files\Common Files\Intel\WirelessCommon\;C:\WINDOWS\system32;C:\WINDOWS;C:\WINDOWS\System32\Wbem;C:\WINDOWS\System32\WindowsPowerShell\v1.0\;C:\WINDOWS\System32\OpenSSH\;C:\Program Files\NVIDIA Corporation\NVIDIA NvDLISR;C:\Program Files\OpenVPN\bin;C:\Program Files\Git\cmd;C:\Users\andy1\flutter\bin;C:\cygwin64\bin;C:\Users\andy1\AppData\Local\Microsoft\WindowsApps;C:\intelFPGA_lite\19.1\modelsim_ase\win32aloem;C:\intelFPGA\19.1\modelsim_ase\win32aloem;
USERNAME=andy
OS=Windows_NT
PROCESSOR_IDENTIFIER=Intel64 Family 6 Model 142 Stepping 12, GenuineIntel



---------------  S Y S T E M  ---------------

OS: Windows 10.0 , 64 bit Build 19041 (10.0.19041.1023)

CPU:total 8 (initial active 8) (4 cores per cpu, 2 threads per core) family 6 model 142 stepping 12, cmov, cx8, fxsr, mmx, sse, sse2, sse3, ssse3, sse4.1, sse4.2, popcnt, avx, avx2, aes, clmul, erms, 3dnowpref, lzcnt, ht, tsc, tscinvbit, bmi1, bmi2, adx

Memory: 4k page, physical 8198036k(461364k free), swap 33363860k(5644k free)

vm_info: OpenJDK 64-Bit Server VM (25.242-b01) for windows-amd64 JRE (1.8.0_242-release-1644-b01), built by "builder" with MS VC++ 10.0 (VS2010)

time: Tue Jul 13 01:02:56 2021
timezone: 
elapsed time: 17 seconds (0d 0h 0m 17s)

