#
# There is insufficient memory for the Java Runtime Environment to continue.
# Native memory allocation (malloc) failed to allocate 371376 bytes for Chunk::new
# Possible reasons:
#   The system is out of physical RAM or swap space
#   The process is running with CompressedOops enabled, and the Java Heap may be blocking the growth of the native heap
# Possible solutions:
#   Reduce memory load on the system
#   Increase physical memory or swap space
#   Check if swap backing store is full
#   Decrease Java heap size (-Xmx/-Xms)
#   Decrease number of Java threads
#   Decrease Java thread stack sizes (-Xss)
#   Set larger code cache with -XX:ReservedCodeCacheSize=
#   JVM is running with Unscaled Compressed Oops mode in which the Java heap is
#     placed in the first 4GB address space. The Java Heap base address is the
#     maximum limit for the native heap growth. Please use -XX:HeapBaseMinAddress
#     to set the Java Heap base and to place the Java Heap above 4GB virtual address.
# This output file may be truncated or incomplete.
#
#  Out of Memory Error (allocation.cpp:389), pid=4172, tid=0x0000000000003944
#
# JRE version: OpenJDK Runtime Environment (8.0_242-b01) (build 1.8.0_242-release-1644-b01)
# Java VM: OpenJDK 64-Bit Server VM (25.242-b01 mixed mode windows-amd64 compressed oops)
# Failed to write core dump. Minidumps are not enabled by default on client versions of Windows
#

---------------  T H R E A D  ---------------

Current thread (0x000000001794e000):  JavaThread "C2 CompilerThread1" daemon [_thread_in_native, id=14660, stack(0x000000001a030000,0x000000001a130000)]

Stack: [0x000000001a030000,0x000000001a130000]
[error occurred during error reporting (printing stack bounds), id 0xc0000005]

Native frames: (J=compiled Java code, j=interpreted, Vv=VM code, C=native code)


Current CompileTask:
C2:  11339 4865       4       java.lang.invoke.MethodType::makeImpl (66 bytes)


---------------  P R O C E S S  ---------------

Java Threads: ( => current thread )
  0x000000001cbe8800 JavaThread "pool-1-thread-1" [_thread_blocked, id=15188, stack(0x0000000029600000,0x0000000029700000)]
  0x000000001cbe7800 JavaThread "Cache worker for Build Output Cleanup Cache (C:\Users\andy1\AndroidStudioProjects\VolleyTools\.gradle\buildOutputCleanup)" [_thread_blocked, id=30208, stack(0x0000000029760000,0x0000000029860000)]
  0x000000001ae52800 JavaThread "jar transforms Thread 94" [_thread_blocked, id=25712, stack(0x0000000029500000,0x0000000029600000)]
  0x000000001ae51800 JavaThread "jar transforms Thread 93" [_thread_blocked, id=14000, stack(0x0000000029400000,0x0000000029500000)]
  0x000000001ae51000 JavaThread "jar transforms Thread 92" [_thread_blocked, id=22088, stack(0x0000000029300000,0x0000000029400000)]
  0x000000001ae50000 JavaThread "jar transforms Thread 91" [_thread_blocked, id=13540, stack(0x0000000029200000,0x0000000029300000)]
  0x000000001ae4e800 JavaThread "jar transforms Thread 90" [_thread_blocked, id=3028, stack(0x0000000029100000,0x0000000029200000)]
  0x000000001ae54800 JavaThread "jar transforms Thread 89" [_thread_blocked, id=13192, stack(0x0000000029000000,0x0000000029100000)]
  0x000000001ae53000 JavaThread "jar transforms Thread 88" [_thread_blocked, id=15988, stack(0x0000000028f00000,0x0000000029000000)]
  0x000000001ae4f800 JavaThread "jar transforms Thread 87" [_thread_blocked, id=32724, stack(0x0000000028e00000,0x0000000028f00000)]
  0x000000001ae54000 JavaThread "jar transforms Thread 86" [_thread_blocked, id=15592, stack(0x0000000028d00000,0x0000000028e00000)]
  0x000000001ae4c800 JavaThread "jar transforms Thread 85" [_thread_blocked, id=32264, stack(0x0000000028c00000,0x0000000028d00000)]
  0x000000001ae48000 JavaThread "jar transforms Thread 84" [_thread_blocked, id=2660, stack(0x0000000028b00000,0x0000000028c00000)]
  0x000000001ae49800 JavaThread "jar transforms Thread 83" [_thread_blocked, id=3664, stack(0x0000000028a00000,0x0000000028b00000)]
  0x000000001ae4b000 JavaThread "jar transforms Thread 82" [_thread_blocked, id=30156, stack(0x0000000028900000,0x0000000028a00000)]
  0x000000001ae4a000 JavaThread "jar transforms Thread 81" [_thread_blocked, id=30556, stack(0x0000000028800000,0x0000000028900000)]
  0x000000001ae47000 JavaThread "jar transforms Thread 80" [_thread_blocked, id=27632, stack(0x0000000028700000,0x0000000028800000)]
  0x000000001ae48800 JavaThread "jar transforms Thread 79" [_thread_blocked, id=21464, stack(0x0000000028600000,0x0000000028700000)]
  0x000000001ae4d000 JavaThread "jar transforms Thread 78" [_thread_blocked, id=30832, stack(0x0000000028500000,0x0000000028600000)]
  0x000000001ae4b800 JavaThread "jar transforms Thread 77" [_thread_blocked, id=8776, stack(0x0000000028400000,0x0000000028500000)]
  0x000000001ae4e000 JavaThread "jar transforms Thread 76" [_thread_blocked, id=12376, stack(0x0000000028300000,0x0000000028400000)]
  0x000000001ae45800 JavaThread "jar transforms Thread 75" [_thread_blocked, id=23828, stack(0x0000000028200000,0x0000000028300000)]
  0x000000001ae46800 JavaThread "jar transforms Thread 74" [_thread_blocked, id=22136, stack(0x0000000028100000,0x0000000028200000)]
  0x000000001ec3f800 JavaThread "jar transforms Thread 73" [_thread_blocked, id=11688, stack(0x0000000028000000,0x0000000028100000)]
  0x000000001ec3e800 JavaThread "jar transforms Thread 72" [_thread_blocked, id=23820, stack(0x0000000027f00000,0x0000000028000000)]
  0x000000001ec41000 JavaThread "jar transforms Thread 71" [_thread_blocked, id=10320, stack(0x0000000027e00000,0x0000000027f00000)]
  0x000000001ec3e000 JavaThread "jar transforms Thread 70" [_thread_blocked, id=24764, stack(0x0000000027d00000,0x0000000027e00000)]
  0x000000001ec40000 JavaThread "jar transforms Thread 69" [_thread_blocked, id=29564, stack(0x0000000027c00000,0x0000000027d00000)]
  0x000000001ec3d000 JavaThread "jar transforms Thread 68" [_thread_blocked, id=5016, stack(0x0000000027b00000,0x0000000027c00000)]
  0x000000001ec35800 JavaThread "jar transforms Thread 67" [_thread_blocked, id=33252, stack(0x0000000027a00000,0x0000000027b00000)]
  0x000000001ec3b800 JavaThread "jar transforms Thread 66" [_thread_blocked, id=19384, stack(0x0000000027900000,0x0000000027a00000)]
  0x000000001ec3c800 JavaThread "jar transforms Thread 65" [_thread_blocked, id=6176, stack(0x0000000027800000,0x0000000027900000)]
  0x000000001ec3b000 JavaThread "jar transforms Thread 64" [_thread_blocked, id=22848, stack(0x0000000027700000,0x0000000027800000)]
  0x000000001ec36800 JavaThread "jar transforms Thread 63" [_thread_blocked, id=27244, stack(0x0000000027600000,0x0000000027700000)]
  0x000000001ec34000 JavaThread "jar transforms Thread 62" [_thread_blocked, id=22384, stack(0x0000000027500000,0x0000000027600000)]
  0x000000001ec3a000 JavaThread "jar transforms Thread 61" [_thread_blocked, id=27644, stack(0x0000000027400000,0x0000000027500000)]
  0x000000001ec39800 JavaThread "jar transforms Thread 60" [_thread_blocked, id=30368, stack(0x0000000027300000,0x0000000027400000)]
  0x000000001ec33800 JavaThread "jar transforms Thread 59" [_thread_blocked, id=15820, stack(0x0000000027200000,0x0000000027300000)]
  0x000000001ec35000 JavaThread "jar transforms Thread 58" [_thread_blocked, id=33008, stack(0x0000000027100000,0x0000000027200000)]
  0x000000001ec38000 JavaThread "jar transforms Thread 57" [_thread_blocked, id=27044, stack(0x0000000027000000,0x0000000027100000)]
  0x000000001ec32000 JavaThread "jar transforms Thread 56" [_thread_blocked, id=12616, stack(0x0000000026f00000,0x0000000027000000)]
  0x000000001ec32800 JavaThread "jar transforms Thread 55" [_thread_blocked, id=24056, stack(0x0000000026e00000,0x0000000026f00000)]
  0x000000001ec38800 JavaThread "jar transforms Thread 54" [_thread_blocked, id=8112, stack(0x0000000026d00000,0x0000000026e00000)]
  0x000000001ec37000 JavaThread "jar transforms Thread 53" [_thread_blocked, id=19152, stack(0x0000000026c00000,0x0000000026d00000)]
  0x000000001fe9a000 JavaThread "jar transforms Thread 52" [_thread_blocked, id=13148, stack(0x0000000026b00000,0x0000000026c00000)]
  0x000000001fe97000 JavaThread "jar transforms Thread 51" [_thread_blocked, id=16060, stack(0x0000000026a00000,0x0000000026b00000)]
  0x000000001fe99800 JavaThread "jar transforms Thread 50" [_thread_blocked, id=10612, stack(0x0000000026900000,0x0000000026a00000)]
  0x000000001fe96800 JavaThread "jar transforms Thread 49" [_thread_blocked, id=21336, stack(0x0000000026800000,0x0000000026900000)]
  0x000000001fe9d000 JavaThread "jar transforms Thread 48" [_thread_blocked, id=13988, stack(0x0000000026700000,0x0000000026800000)]
  0x000000001fe9b000 JavaThread "jar transforms Thread 47" [_thread_blocked, id=19564, stack(0x0000000026600000,0x0000000026700000)]
  0x000000001fe9b800 JavaThread "jar transforms Thread 46" [_thread_blocked, id=1664, stack(0x0000000026500000,0x0000000026600000)]
  0x000000001fe98000 JavaThread "jar transforms Thread 45" [_thread_blocked, id=1636, stack(0x0000000026400000,0x0000000026500000)]
  0x000000001fe98800 JavaThread "jar transforms Thread 44" [_thread_blocked, id=15052, stack(0x0000000026300000,0x0000000026400000)]
  0x000000001fe9c800 JavaThread "jar transforms Thread 43" [_thread_blocked, id=1996, stack(0x0000000026200000,0x0000000026300000)]
  0x000000001fe8f000 JavaThread "jar transforms Thread 42" [_thread_blocked, id=21144, stack(0x0000000026100000,0x0000000026200000)]
  0x000000001fe95800 JavaThread "jar transforms Thread 41" [_thread_blocked, id=8928, stack(0x0000000026000000,0x0000000026100000)]
  0x000000001fe8e000 JavaThread "jar transforms Thread 40" [_thread_blocked, id=21172, stack(0x0000000025f00000,0x0000000026000000)]
  0x000000001fe95000 JavaThread "jar transforms Thread 39" [_thread_blocked, id=3920, stack(0x0000000025e00000,0x0000000025f00000)]
  0x000000001fe93800 JavaThread "jar transforms Thread 38" [_thread_blocked, id=30320, stack(0x0000000025d00000,0x0000000025e00000)]
  0x000000001fe92800 JavaThread "jar transforms Thread 37" [_thread_blocked, id=20800, stack(0x0000000025c00000,0x0000000025d00000)]
  0x000000001fe91000 JavaThread "jar transforms Thread 36" [_thread_blocked, id=15296, stack(0x0000000025b00000,0x0000000025c00000)]
  0x000000001fe94000 JavaThread "jar transforms Thread 35" [_thread_blocked, id=13208, stack(0x0000000025a00000,0x0000000025b00000)]
  0x000000001fe92000 JavaThread "jar transforms Thread 34" [_thread_blocked, id=21428, stack(0x0000000025900000,0x0000000025a00000)]
  0x000000001fe90800 JavaThread "jar transforms Thread 33" [_thread_blocked, id=1128, stack(0x0000000025800000,0x0000000025900000)]
  0x000000001fe8f800 JavaThread "jar transforms Thread 32" [_thread_blocked, id=25180, stack(0x0000000025700000,0x0000000025800000)]
  0x000000001ac97000 JavaThread "jar transforms Thread 31" [_thread_blocked, id=384, stack(0x0000000025600000,0x0000000025700000)]
  0x000000001ac96000 JavaThread "jar transforms Thread 30" [_thread_blocked, id=5084, stack(0x0000000025500000,0x0000000025600000)]
  0x000000001ac94800 JavaThread "jar transforms Thread 29" [_thread_blocked, id=22204, stack(0x0000000025400000,0x0000000025500000)]
  0x000000001ac94000 JavaThread "jar transforms Thread 28" [_thread_blocked, id=11560, stack(0x0000000025300000,0x0000000025400000)]
  0x000000001ac93000 JavaThread "jar transforms Thread 27" [_thread_blocked, id=28944, stack(0x0000000025200000,0x0000000025300000)]
  0x000000001ac91800 JavaThread "jar transforms Thread 26" [_thread_blocked, id=24336, stack(0x0000000025100000,0x0000000025200000)]
  0x000000001ac92800 JavaThread "jar transforms Thread 25" [_thread_blocked, id=33516, stack(0x0000000025000000,0x0000000025100000)]
  0x000000001ac97800 JavaThread "jar transforms Thread 24" [_thread_blocked, id=21152, stack(0x0000000024f00000,0x0000000025000000)]
  0x000000001ac95800 JavaThread "jar transforms Thread 23" [_thread_blocked, id=17296, stack(0x0000000024e00000,0x0000000024f00000)]
  0x000000001ac8a000 JavaThread "jar transforms Thread 22" [_thread_blocked, id=24604, stack(0x0000000024d00000,0x0000000024e00000)]
  0x000000001ac91000 JavaThread "jar transforms Thread 21" [_thread_blocked, id=31660, stack(0x0000000024c00000,0x0000000024d00000)]
  0x000000001ac90000 JavaThread "jar transforms Thread 20" [_thread_blocked, id=20748, stack(0x0000000024b00000,0x0000000024c00000)]
  0x000000001ac8e800 JavaThread "jar transforms Thread 19" [_thread_blocked, id=10660, stack(0x0000000024a00000,0x0000000024b00000)]
  0x000000001ac8f800 JavaThread "jar transforms Thread 18" [_thread_blocked, id=10276, stack(0x0000000024900000,0x0000000024a00000)]
  0x000000001ac8c800 JavaThread "jar transforms Thread 17" [_thread_blocked, id=24196, stack(0x0000000024800000,0x0000000024900000)]
  0x000000001ac89800 JavaThread "jar transforms Thread 16" [_thread_blocked, id=3160, stack(0x0000000024700000,0x0000000024800000)]
  0x000000001ac8d000 JavaThread "jar transforms Thread 15" [_thread_blocked, id=29240, stack(0x0000000024600000,0x0000000024700000)]
  0x000000001ac88800 JavaThread "jar transforms Thread 14" [_thread_blocked, id=28560, stack(0x0000000024500000,0x0000000024600000)]
  0x000000001ac8e000 JavaThread "jar transforms Thread 13" [_thread_blocked, id=12636, stack(0x0000000024400000,0x0000000024500000)]
  0x000000001ac8b800 JavaThread "jar transforms Thread 12" [_thread_blocked, id=3356, stack(0x0000000024300000,0x0000000024400000)]
  0x000000001ac8b000 JavaThread "jar transforms Thread 11" [_thread_blocked, id=8136, stack(0x0000000024200000,0x0000000024300000)]
  0x000000001fc50000 JavaThread "jar transforms Thread 10" [_thread_blocked, id=14208, stack(0x0000000024100000,0x0000000024200000)]
  0x000000001fc52800 JavaThread "jar transforms Thread 9" [_thread_blocked, id=18552, stack(0x0000000024000000,0x0000000024100000)]
  0x000000001fc4f800 JavaThread "jar transforms Thread 8" [_thread_blocked, id=2848, stack(0x0000000023f00000,0x0000000024000000)]
  0x000000001fc51000 JavaThread "jar transforms Thread 7" [_thread_blocked, id=7684, stack(0x0000000023e00000,0x0000000023f00000)]
  0x000000001fc54000 JavaThread "jar transforms Thread 6" [_thread_blocked, id=19164, stack(0x0000000023d00000,0x0000000023e00000)]
  0x000000001fc4e800 JavaThread "jar transforms Thread 5" [_thread_blocked, id=32672, stack(0x0000000023c00000,0x0000000023d00000)]
  0x000000001fc53000 JavaThread "jar transforms Thread 4" [_thread_blocked, id=21936, stack(0x0000000023b00000,0x0000000023c00000)]
  0x000000001fc51800 JavaThread "jar transforms Thread 3" [_thread_blocked, id=17292, stack(0x0000000023a00000,0x0000000023b00000)]
  0x000000001fc47000 JavaThread "jar transforms Thread 2" [_thread_blocked, id=9092, stack(0x0000000023900000,0x0000000023a00000)]
  0x000000001fc4e000 JavaThread "Build operations Thread 8" [_thread_blocked, id=23788, stack(0x0000000023700000,0x0000000023800000)]
  0x000000001fc4d000 JavaThread "Build operations Thread 7" [_thread_blocked, id=10068, stack(0x0000000023600000,0x0000000023700000)]
  0x000000001fc47800 JavaThread "Build operations Thread 6" [_thread_blocked, id=11388, stack(0x0000000023500000,0x0000000023600000)]
  0x000000001fc45800 JavaThread "Build operations Thread 5" [_thread_blocked, id=5416, stack(0x0000000023400000,0x0000000023500000)]
  0x000000001fc4c800 JavaThread "Build operations Thread 4" [_thread_blocked, id=19844, stack(0x0000000023300000,0x0000000023400000)]
  0x000000001fc46000 JavaThread "Build operations Thread 3" [_thread_blocked, id=9296, stack(0x0000000023200000,0x0000000023300000)]
  0x000000001fc4a800 JavaThread "Build operations Thread 2" [_thread_blocked, id=8608, stack(0x0000000023100000,0x0000000023200000)]
  0x000000001fc4a000 JavaThread "Build operations" [_thread_blocked, id=30072, stack(0x0000000023000000,0x0000000023100000)]
  0x000000001c5ce000 JavaThread "Cache worker for file content cache (C:\Users\andy1\.gradle\caches\6.5\fileContent)" [_thread_blocked, id=13504, stack(0x0000000022900000,0x0000000022a00000)]
  0x000000001c5d1000 JavaThread "jar transforms" [_thread_blocked, id=30908, stack(0x0000000022800000,0x0000000022900000)]
  0x000000001c5d2000 JavaThread "Cache worker for execution history cache (C:\Users\andy1\.gradle\caches\6.5\executionHistory)" [_thread_blocked, id=24708, stack(0x0000000022100000,0x0000000022200000)]
  0x000000001c5d0800 JavaThread "Cache worker for cache directory md-rule (C:\Users\andy1\.gradle\caches\6.5\md-rule)" [_thread_blocked, id=4836, stack(0x0000000022000000,0x0000000022100000)]
  0x000000001c5cf800 JavaThread "Cache worker for cache directory md-supplier (C:\Users\andy1\.gradle\caches\6.5\md-supplier)" [_thread_blocked, id=27844, stack(0x0000000020e50000,0x0000000020f50000)]
  0x000000001c5d2800 JavaThread "Cache worker for checksums cache (C:\Users\andy1\AndroidStudioProjects\VolleyTools\.gradle\checksums)" [_thread_blocked, id=15236, stack(0x0000000020a90000,0x0000000020b90000)]
  0x000000001c5cd800 JavaThread "Cache worker for file hash cache (C:\Users\andy1\AndroidStudioProjects\VolleyTools\.gradle\6.5\fileHashes)" [_thread_blocked, id=20848, stack(0x000000001e5c0000,0x000000001e6c0000)]
  0x000000001c5cc800 JavaThread "Cache worker for file hash cache (C:\Users\andy1\.gradle\caches\6.5\fileHashes)" [_thread_blocked, id=19276, stack(0x000000001e4c0000,0x000000001e5c0000)]
  0x000000001c5cf000 JavaThread "File lock request listener" [_thread_in_native, id=7784, stack(0x000000001e3c0000,0x000000001e4c0000)]
  0x000000001ab98000 JavaThread "Cache worker for journal cache (C:\Users\andy1\.gradle\caches\journal-1)" [_thread_blocked, id=25300, stack(0x000000001e2c0000,0x000000001e3c0000)]
  0x000000001bca1000 JavaThread "Thread-9" [_thread_blocked, id=28404, stack(0x000000001dfc0000,0x000000001e0c0000)]
  0x000000001bc9f800 JavaThread "Stdin handler" [_thread_blocked, id=6184, stack(0x000000001dec0000,0x000000001dfc0000)]
  0x000000001bc9f000 JavaThread "Asynchronous log dispatcher for DefaultDaemonConnection: socket connection from /127.0.0.1:55453 to /127.0.0.1:55454" [_thread_blocked, id=25520, stack(0x000000001ddc0000,0x000000001dec0000)]
  0x000000001ba27800 JavaThread "Daemon worker" [_thread_in_vm, id=10588, stack(0x000000001dcc0000,0x000000001ddc0000)]
  0x000000001a8a4800 JavaThread "Cancel handler" [_thread_blocked, id=30552, stack(0x000000001dbc0000,0x000000001dcc0000)]
  0x000000001c1a7000 JavaThread "Handler for socket connection from /127.0.0.1:55453 to /127.0.0.1:55454" [_thread_in_native, id=12688, stack(0x000000001dac0000,0x000000001dbc0000)]
  0x000000001c1a9000 JavaThread "Daemon" [_thread_blocked, id=16888, stack(0x000000001d9c0000,0x000000001dac0000)]
  0x000000001c1df000 JavaThread "Daemon periodic checks" [_thread_blocked, id=12728, stack(0x000000001d6c0000,0x000000001d7c0000)]
  0x000000001c1b9800 JavaThread "Incoming local TCP Connector on port 55453" [_thread_in_native, id=26612, stack(0x000000001d510000,0x000000001d610000)]
  0x000000001be72800 JavaThread "Daemon health stats" [_thread_blocked, id=30280, stack(0x000000001ced0000,0x000000001cfd0000)]
  0x0000000019804800 JavaThread "Service Thread" daemon [_thread_blocked, id=30636, stack(0x000000001a330000,0x000000001a430000)]
  0x0000000019772800 JavaThread "C1 CompilerThread3" daemon [_thread_blocked, id=16484, stack(0x000000001a230000,0x000000001a330000)]
  0x000000001976c800 JavaThread "C2 CompilerThread2" daemon [_thread_in_native, id=7272, stack(0x000000001a130000,0x000000001a230000)]
=>0x000000001794e000 JavaThread "C2 CompilerThread1" daemon [_thread_in_native, id=14660, stack(0x000000001a030000,0x000000001a130000)]
  0x0000000017949000 JavaThread "C2 CompilerThread0" daemon [_thread_in_native, id=5464, stack(0x0000000019f30000,0x000000001a030000)]
  0x0000000019765000 JavaThread "Attach Listener" daemon [_thread_blocked, id=14008, stack(0x0000000019e30000,0x0000000019f30000)]
  0x0000000019764000 JavaThread "Signal Dispatcher" daemon [_thread_blocked, id=30420, stack(0x0000000019d30000,0x0000000019e30000)]
  0x00000000027fd800 JavaThread "Finalizer" daemon [_thread_blocked, id=11544, stack(0x0000000019c30000,0x0000000019d30000)]
  0x00000000027f7000 JavaThread "Reference Handler" daemon [_thread_blocked, id=23536, stack(0x0000000019b30000,0x0000000019c30000)]
  0x00000000028ce000 JavaThread "main" [_thread_blocked, id=13184, stack(0x0000000002560000,0x0000000002660000)]

Other Threads:
  0x0000000017936000 VMThread [stack: 0x0000000019630000,0x0000000019730000] [id=33168]
  0x0000000019805800 WatcherThread [stack: 0x000000001a430000,0x000000001a530000] [id=13224]

VM state:not at safepoint (normal execution)

VM Mutex/Monitor currently owned by a thread: None

heap address: 0x0000000080000000, size: 2048 MB, Compressed Oops mode: 32-bit
Narrow klass base: 0x0000000000000000, Narrow klass shift: 3
Compressed class space size: 1073741824 Address: 0x0000000100000000

Heap:
 PSYoungGen      total 173568K, used 171906K [0x00000000d5580000, 0x00000000e1200000, 0x0000000100000000)
  eden space 163328K, 99% used [0x00000000d5580000,0x00000000df3942b0,0x00000000df500000)
  from space 10240K, 97% used [0x00000000e0800000,0x00000000e11cc5f8,0x00000000e1200000)
  to   space 13312K, 0% used [0x00000000df800000,0x00000000df800000,0x00000000e0500000)
 ParOldGen       total 49152K, used 17229K [0x0000000080000000, 0x0000000083000000, 0x00000000d5580000)
  object space 49152K, 35% used [0x0000000080000000,0x00000000810d35d8,0x0000000083000000)
 Metaspace       used 53283K, capacity 55512K, committed 55848K, reserved 1097728K
  class space    used 7180K, capacity 7634K, committed 7720K, reserved 1048576K

Card table byte_map: [0x0000000011c90000,0x00000000120a0000] byte_map_base: 0x0000000011890000

Marking Bits: (ParMarkBitMap*) 0x0000000051fdf030
 Begin Bits: [0x0000000012b50000, 0x0000000014b50000)
 End Bits:   [0x0000000014b50000, 0x0000000016b50000)

Polling page: 0x0000000000d00000

CodeCache: size=245760Kb used=15085Kb max_used=15085Kb free=230674Kb
 bounds [0x00000000028d0000, 0x00000000037a0000, 0x00000000118d0000]
 total_blobs=5153 nmethods=4390 adapters=675
 compilation: enabled

Compilation events (10 events):
Event: 11.275 Thread 0x0000000019772800 nmethod 4860 0x0000000003796690 code [0x0000000003796880, 0x0000000003797228]
Event: 11.275 Thread 0x0000000019772800 4861       3       org.gradle.api.internal.DefaultCollectionCallbackActionDecorator::decorate (40 bytes)
Event: 11.275 Thread 0x0000000019772800 nmethod 4861 0x0000000003797a90 code [0x0000000003797c60, 0x00000000037984f8]
Event: 11.287 Thread 0x0000000019772800 4862       3       org.gradle.api.internal.tasks.DefaultTaskContainer_Decorated::getEventRegister (39 bytes)
Event: 11.288 Thread 0x0000000019772800 nmethod 4862 0x00000000037987d0 code [0x00000000037989a0, 0x0000000003799148]
Event: 11.311 Thread 0x0000000019772800 4863       3       com.google.common.collect.ImmutableSet::builder (8 bytes)
Event: 11.312 Thread 0x0000000019772800 nmethod 4863 0x0000000003799410 code [0x00000000037995a0, 0x00000000037999a8]
Event: 11.312 Thread 0x0000000019772800 4864       1       org.gradle.api.internal.provider.DefaultProperty::getType (5 bytes)
Event: 11.312 Thread 0x0000000019772800 nmethod 4864 0x00000000037963d0 code [0x0000000003796520, 0x0000000003796630]
Event: 11.312 Thread 0x000000001794e000 4865       4       java.lang.invoke.MethodType::makeImpl (66 bytes)

GC Heap History (10 events):
Event: 4.702 GC heap before
{Heap before GC invocations=8 (full 1):
 PSYoungGen      total 75264K, used 3812K [0x00000000d5580000, 0x00000000de880000, 0x0000000100000000)
  eden space 64512K, 0% used [0x00000000d5580000,0x00000000d5580000,0x00000000d9480000)
  from space 10752K, 35% used [0x00000000d9480000,0x00000000d9839050,0x00000000d9f00000)
  to   space 10752K, 0% used [0x00000000dde00000,0x00000000dde00000,0x00000000de880000)
 ParOldGen       total 86016K, used 8656K [0x0000000080000000, 0x0000000085400000, 0x00000000d5580000)
  object space 86016K, 10% used [0x0000000080000000,0x00000000808740c8,0x0000000085400000)
 Metaspace       used 20569K, capacity 21236K, committed 21296K, reserved 1067008K
  class space    used 2872K, capacity 3080K, committed 3120K, reserved 1048576K
Event: 4.756 GC heap after
Heap after GC invocations=8 (full 1):
 PSYoungGen      total 75264K, used 0K [0x00000000d5580000, 0x00000000de880000, 0x0000000100000000)
  eden space 64512K, 0% used [0x00000000d5580000,0x00000000d5580000,0x00000000d9480000)
  from space 10752K, 0% used [0x00000000d9480000,0x00000000d9480000,0x00000000d9f00000)
  to   space 10752K, 0% used [0x00000000dde00000,0x00000000dde00000,0x00000000de880000)
 ParOldGen       total 49152K, used 6813K [0x0000000080000000, 0x0000000083000000, 0x00000000d5580000)
  object space 49152K, 13% used [0x0000000080000000,0x00000000806a7628,0x0000000083000000)
 Metaspace       used 20569K, capacity 21236K, committed 21296K, reserved 1067008K
  class space    used 2872K, capacity 3080K, committed 3120K, reserved 1048576K
}
Event: 5.778 GC heap before
{Heap before GC invocations=9 (full 1):
 PSYoungGen      total 75264K, used 64512K [0x00000000d5580000, 0x00000000de880000, 0x0000000100000000)
  eden space 64512K, 100% used [0x00000000d5580000,0x00000000d9480000,0x00000000d9480000)
  from space 10752K, 0% used [0x00000000d9480000,0x00000000d9480000,0x00000000d9f00000)
  to   space 10752K, 0% used [0x00000000dde00000,0x00000000dde00000,0x00000000de880000)
 ParOldGen       total 49152K, used 6813K [0x0000000080000000, 0x0000000083000000, 0x00000000d5580000)
  object space 49152K, 13% used [0x0000000080000000,0x00000000806a7628,0x0000000083000000)
 Metaspace       used 28654K, capacity 29552K, committed 29872K, reserved 1075200K
  class space    used 3966K, capacity 4224K, committed 4272K, reserved 1048576K
Event: 5.792 GC heap after
Heap after GC invocations=9 (full 1):
 PSYoungGen      total 124928K, used 8306K [0x00000000d5580000, 0x00000000de680000, 0x0000000100000000)
  eden space 116224K, 0% used [0x00000000d5580000,0x00000000d5580000,0x00000000dc700000)
  from space 8704K, 95% used [0x00000000dde00000,0x00000000de61c830,0x00000000de680000)
  to   space 11264K, 0% used [0x00000000dd080000,0x00000000dd080000,0x00000000ddb80000)
 ParOldGen       total 49152K, used 6821K [0x0000000080000000, 0x0000000083000000, 0x00000000d5580000)
  object space 49152K, 13% used [0x0000000080000000,0x00000000806a9628,0x0000000083000000)
 Metaspace       used 28654K, capacity 29552K, committed 29872K, reserved 1075200K
  class space    used 3966K, capacity 4224K, committed 4272K, reserved 1048576K
}
Event: 7.117 GC heap before
{Heap before GC invocations=10 (full 1):
 PSYoungGen      total 124928K, used 101828K [0x00000000d5580000, 0x00000000de680000, 0x0000000100000000)
  eden space 116224K, 80% used [0x00000000d5580000,0x00000000db0d4ba8,0x00000000dc700000)
  from space 8704K, 95% used [0x00000000dde00000,0x00000000de61c830,0x00000000de680000)
  to   space 11264K, 0% used [0x00000000dd080000,0x00000000dd080000,0x00000000ddb80000)
 ParOldGen       total 49152K, used 6821K [0x0000000080000000, 0x0000000083000000, 0x00000000d5580000)
  object space 49152K, 13% used [0x0000000080000000,0x00000000806a9628,0x0000000083000000)
 Metaspace       used 34227K, capacity 35424K, committed 35496K, reserved 1079296K
  class space    used 4702K, capacity 5005K, committed 5032K, reserved 1048576K
Event: 7.136 GC heap after
Heap after GC invocations=10 (full 1):
 PSYoungGen      total 137216K, used 11048K [0x00000000d5580000, 0x00000000e1480000, 0x0000000100000000)
  eden space 125952K, 0% used [0x00000000d5580000,0x00000000d5580000,0x00000000dd080000)
  from space 11264K, 98% used [0x00000000dd080000,0x00000000ddb4a2d8,0x00000000ddb80000)
  to   space 12800K, 0% used [0x00000000e0800000,0x00000000e0800000,0x00000000e1480000)
 ParOldGen       total 49152K, used 6829K [0x0000000080000000, 0x0000000083000000, 0x00000000d5580000)
  object space 49152K, 13% used [0x0000000080000000,0x00000000806ab628,0x0000000083000000)
 Metaspace       used 34227K, capacity 35424K, committed 35496K, reserved 1079296K
  class space    used 4702K, capacity 5005K, committed 5032K, reserved 1048576K
}
Event: 7.137 GC heap before
{Heap before GC invocations=11 (full 2):
 PSYoungGen      total 137216K, used 11048K [0x00000000d5580000, 0x00000000e1480000, 0x0000000100000000)
  eden space 125952K, 0% used [0x00000000d5580000,0x00000000d5580000,0x00000000dd080000)
  from space 11264K, 98% used [0x00000000dd080000,0x00000000ddb4a2d8,0x00000000ddb80000)
  to   space 12800K, 0% used [0x00000000e0800000,0x00000000e0800000,0x00000000e1480000)
 ParOldGen       total 49152K, used 6829K [0x0000000080000000, 0x0000000083000000, 0x00000000d5580000)
  object space 49152K, 13% used [0x0000000080000000,0x00000000806ab628,0x0000000083000000)
 Metaspace       used 34227K, capacity 35424K, committed 35496K, reserved 1079296K
  class space    used 4702K, capacity 5005K, committed 5032K, reserved 1048576K
Event: 7.263 GC heap after
Heap after GC invocations=11 (full 2):
 PSYoungGen      total 137216K, used 0K [0x00000000d5580000, 0x00000000e1480000, 0x0000000100000000)
  eden space 125952K, 0% used [0x00000000d5580000,0x00000000d5580000,0x00000000dd080000)
  from space 11264K, 0% used [0x00000000dd080000,0x00000000dd080000,0x00000000ddb80000)
  to   space 12800K, 0% used [0x00000000e0800000,0x00000000e0800000,0x00000000e1480000)
 ParOldGen       total 49152K, used 17221K [0x0000000080000000, 0x0000000083000000, 0x00000000d5580000)
  object space 49152K, 35% used [0x0000000080000000,0x00000000810d15d8,0x0000000083000000)
 Metaspace       used 34227K, capacity 35424K, committed 35496K, reserved 1079296K
  class space    used 4702K, capacity 5005K, committed 5032K, reserved 1048576K
}
Event: 8.724 GC heap before
{Heap before GC invocations=12 (full 2):
 PSYoungGen      total 137216K, used 125952K [0x00000000d5580000, 0x00000000e1480000, 0x0000000100000000)
  eden space 125952K, 100% used [0x00000000d5580000,0x00000000dd080000,0x00000000dd080000)
  from space 11264K, 0% used [0x00000000dd080000,0x00000000dd080000,0x00000000ddb80000)
  to   space 12800K, 0% used [0x00000000e0800000,0x00000000e0800000,0x00000000e1480000)
 ParOldGen       total 49152K, used 17221K [0x0000000080000000, 0x0000000083000000, 0x00000000d5580000)
  object space 49152K, 35% used [0x0000000080000000,0x00000000810d15d8,0x0000000083000000)
 Metaspace       used 39330K, capacity 41158K, committed 41384K, reserved 1085440K
  class space    used 5421K, capacity 5763K, committed 5800K, reserved 1048576K
Event: 8.743 GC heap after
Heap after GC invocations=12 (full 2):
 PSYoungGen      total 173568K, used 10033K [0x00000000d5580000, 0x00000000e1200000, 0x0000000100000000)
  eden space 163328K, 0% used [0x00000000d5580000,0x00000000d5580000,0x00000000df500000)
  from space 10240K, 97% used [0x00000000e0800000,0x00000000e11cc5f8,0x00000000e1200000)
  to   space 13312K, 0% used [0x00000000df800000,0x00000000df800000,0x00000000e0500000)
 ParOldGen       total 49152K, used 17229K [0x0000000080000000, 0x0000000083000000, 0x00000000d5580000)
  object space 49152K, 35% used [0x0000000080000000,0x00000000810d35d8,0x0000000083000000)
 Metaspace       used 39330K, capacity 41158K, committed 41384K, reserved 1085440K
  class space    used 5421K, capacity 5763K, committed 5800K, reserved 1048576K
}

Deoptimization events (10 events):
Event: 9.817 Thread 0x000000001ba27800 Uncommon trap: reason=bimorphic action=maybe_recompile pc=0x00000000034d4478 method=java.util.regex.Pattern$CharProperty.match(Ljava/util/regex/Matcher;ILjava/lang/CharSequence;)Z @ 18
Event: 10.067 Thread 0x000000001ba27800 Uncommon trap: reason=unstable_if action=reinterpret pc=0x0000000003351370 method=org.gradle.internal.reflect.PropertyAccessorType.of(Ljava/lang/reflect/Method;)Lorg/gradle/internal/reflect/PropertyAccessorType; @ 56
Event: 10.480 Thread 0x000000001ba27800 Uncommon trap: reason=unstable_if action=reinterpret pc=0x000000000325ff34 method=com.sun.org.apache.xerces.internal.impl.XMLEntityScanner.checkBeforeLoad(Lcom/sun/xml/internal/stream/Entity$ScannedEntity;II)I @ 18
Event: 10.568 Thread 0x000000001ba27800 Uncommon trap: reason=unstable_if action=reinterpret pc=0x0000000002aafa70 method=org.gradle.internal.instantiation.generator.AbstractClassGenerator$InjectionAnnotationValidator.validateMethod(Ljava/lang/reflect/Method;Lorg/gradle/internal/reflect/Propert
Event: 10.568 Thread 0x000000001ba27800 Uncommon trap: reason=unstable_if action=reinterpret pc=0x0000000002e8737c method=org.gradle.internal.instantiation.generator.AbstractClassGenerator$InjectionAnnotationValidator.validateMethod(Ljava/lang/reflect/Method;Lorg/gradle/internal/reflect/Propert
Event: 10.619 Thread 0x000000001ba27800 Uncommon trap: reason=unstable_if action=reinterpret pc=0x00000000036b10f4 method=org.codehaus.groovy.runtime.metaclass.MetaMethodIndex.isNonRealMethod(Lgroovy/lang/MetaMethod;)Z @ 4
Event: 10.619 Thread 0x000000001ba27800 Uncommon trap: reason=unstable_if action=reinterpret pc=0x0000000003557928 method=groovy.lang.MetaClassImpl$1MOPIter.methodNameAction(Ljava/lang/Class;Lorg/codehaus/groovy/runtime/metaclass/MetaMethodIndex$Entry;)V @ 182
Event: 10.638 Thread 0x000000001ba27800 Uncommon trap: reason=unstable_if action=reinterpret pc=0x00000000036548dc method=java.lang.ClassLoader.checkCerts(Ljava/lang/String;Ljava/security/CodeSource;)V @ 29
Event: 10.749 Thread 0x000000001ba27800 Uncommon trap: reason=null_check action=make_not_entrant pc=0x00000000030a7010 method=java.lang.Class.searchMethods([Ljava/lang/reflect/Method;Ljava/lang/String;[Ljava/lang/Class;)Ljava/lang/reflect/Method; @ 59
Event: 10.806 Thread 0x000000001ba27800 Uncommon trap: reason=class_check action=maybe_recompile pc=0x0000000003042ce8 method=java.util.WeakHashMap.eq(Ljava/lang/Object;Ljava/lang/Object;)Z @ 7

Classes redefined (0 events):
No events

Internal exceptions (10 events):
Event: 10.834 Thread 0x000000001ba27800 Exception <a 'java/lang/ClassNotFoundException': build_6onoc2gny6wmojom9yjspcag6$_run_closure1$_closure4BeanInfo> (0x00000000dd981f08) thrown at [C:\src\AOSP-openjdk-git\hotspot\src\share\vm\classfile\systemDictionary.cpp, line 210]
Event: 10.835 Thread 0x000000001ba27800 Exception <a 'java/lang/ClassNotFoundException': build_6onoc2gny6wmojom9yjspcag6$_run_closure1$_closure4Customizer> (0x00000000dd993a68) thrown at [C:\src\AOSP-openjdk-git\hotspot\src\share\vm\classfile\systemDictionary.cpp, line 210]
Event: 10.837 Thread 0x000000001ba27800 Exception <a 'java/lang/ClassNotFoundException': build_6onoc2gny6wmojom9yjspcag6$_run_closure1BeanInfo> (0x00000000dd9c5250) thrown at [C:\src\AOSP-openjdk-git\hotspot\src\share\vm\classfile\systemDictionary.cpp, line 210]
Event: 10.838 Thread 0x000000001ba27800 Exception <a 'java/lang/ClassNotFoundException': build_6onoc2gny6wmojom9yjspcag6$_run_closure1Customizer> (0x00000000dd9d6308) thrown at [C:\src\AOSP-openjdk-git\hotspot\src\share\vm\classfile\systemDictionary.cpp, line 210]
Event: 10.844 Thread 0x000000001ba27800 Exception <a 'java/lang/ClassNotFoundException': org/gradle/api/JavaVersionBeanInfo> (0x00000000dda3a7e0) thrown at [C:\src\AOSP-openjdk-git\hotspot\src\share\vm\classfile\systemDictionary.cpp, line 210]
Event: 10.845 Thread 0x000000001ba27800 Exception <a 'java/lang/ClassNotFoundException': org/gradle/api/JavaVersionCustomizer> (0x00000000dda68280) thrown at [C:\src\AOSP-openjdk-git\hotspot\src\share\vm\classfile\systemDictionary.cpp, line 210]
Event: 10.849 Thread 0x000000001ba27800 Exception <a 'java/lang/ClassNotFoundException': com/android/build/gradle/internal/CompileOptions_DecoratedBeanInfo> (0x00000000ddacdfc0) thrown at [C:\src\AOSP-openjdk-git\hotspot\src\share\vm\classfile\systemDictionary.cpp, line 210]
Event: 10.850 Thread 0x000000001ba27800 Exception <a 'java/lang/ClassNotFoundException': com/android/build/gradle/internal/CompileOptionsBeanInfo> (0x00000000ddae98c0) thrown at [C:\src\AOSP-openjdk-git\hotspot\src\share\vm\classfile\systemDictionary.cpp, line 210]
Event: 10.850 Thread 0x000000001ba27800 Exception <a 'java/lang/ClassNotFoundException': com/android/build/gradle/internal/CompileOptionsCustomizer> (0x00000000ddb053b8) thrown at [C:\src\AOSP-openjdk-git\hotspot\src\share\vm\classfile\systemDictionary.cpp, line 210]
Event: 10.851 Thread 0x000000001ba27800 Exception <a 'java/lang/ClassNotFoundException': com/android/build/gradle/internal/CompileOptions_DecoratedCustomizer> (0x00000000ddb367b8) thrown at [C:\src\AOSP-openjdk-git\hotspot\src\share\vm\classfile\systemDictionary.cpp, line 210]

Events (10 events):
Event: 11.332 loading class com/android/build/gradle/tasks/GenerateBuildConfig$CreationAction$handleProvider$2
Event: 11.332 loading class com/android/build/gradle/tasks/GenerateBuildConfig$CreationAction$handleProvider$2 done
Event: 11.334 loading class com/android/build/gradle/internal/scope/InternalArtifactType$GENERATED_BUILD_CONFIG_JAVA
Event: 11.334 loading class com/android/build/gradle/internal/scope/InternalArtifactType$GENERATED_BUILD_CONFIG_JAVA done
Event: 11.335 loading class com/android/build/gradle/internal/tasks/CheckAarMetadataTask
Event: 11.335 loading class com/android/build/gradle/internal/tasks/CheckAarMetadataTask done
Event: 11.336 loading class com/android/build/gradle/internal/tasks/CheckAarMetadataTask$CreationAction$handleProvider$1
Event: 11.336 loading class com/android/build/gradle/internal/tasks/CheckAarMetadataTask$CreationAction$handleProvider$1 done
Event: 11.337 loading class com/android/build/gradle/internal/scope/InternalArtifactType$AAR_METADATA_CHECK
Event: 11.337 loading class com/android/build/gradle/internal/scope/InternalArtifactType$AAR_METADATA_CHECK done


Dynamic libraries:
0x00007ff661830000 - 0x00007ff661861000 	C:\Program Files\Android\Android Studio\jre\bin\java.exe
0x00007fff85a70000 - 0x00007fff85c65000 	C:\WINDOWS\SYSTEM32\ntdll.dll
0x00007fff83c20000 - 0x00007fff83cdd000 	C:\WINDOWS\System32\KERNEL32.DLL
0x00007fff83760000 - 0x00007fff83a28000 	C:\WINDOWS\System32\KERNELBASE.dll
0x00007fff83f80000 - 0x00007fff8402c000 	C:\WINDOWS\System32\ADVAPI32.dll
0x00007fff84910000 - 0x00007fff849ae000 	C:\WINDOWS\System32\msvcrt.dll
0x00007fff852a0000 - 0x00007fff8533b000 	C:\WINDOWS\System32\sechost.dll
0x00007fff85170000 - 0x00007fff8529b000 	C:\WINDOWS\System32\RPCRT4.dll
0x00007fff845b0000 - 0x00007fff84750000 	C:\WINDOWS\System32\USER32.dll
0x00007fff836d0000 - 0x00007fff836f2000 	C:\WINDOWS\System32\win32u.dll
0x00007fff84570000 - 0x00007fff8459a000 	C:\WINDOWS\System32\GDI32.dll
0x00007fff83430000 - 0x00007fff8353b000 	C:\WINDOWS\System32\gdi32full.dll
0x00007fff831b0000 - 0x00007fff8324d000 	C:\WINDOWS\System32\msvcp_win.dll
0x00007fff832a0000 - 0x00007fff833a0000 	C:\WINDOWS\System32\ucrtbase.dll
0x00007fff6b740000 - 0x00007fff6b9da000 	C:\WINDOWS\WinSxS\amd64_microsoft.windows.common-controls_6595b64144ccf1df_6.0.19041.1052_none_60b8f8fd71f5e8cb\COMCTL32.dll
0x00007fff85850000 - 0x00007fff85880000 	C:\WINDOWS\System32\IMM32.DLL
0x0000000051650000 - 0x0000000051722000 	C:\Program Files\Android\Android Studio\jre\jre\bin\msvcr100.dll
0x0000000051810000 - 0x000000005205b000 	C:\Program Files\Android\Android Studio\jre\jre\bin\server\jvm.dll
0x00007fff85160000 - 0x00007fff85168000 	C:\WINDOWS\System32\PSAPI.DLL
0x00007fff773e0000 - 0x00007fff773ea000 	C:\WINDOWS\SYSTEM32\VERSION.dll
0x00007fff67e80000 - 0x00007fff67ea7000 	C:\WINDOWS\SYSTEM32\WINMM.dll
0x00007fff77160000 - 0x00007fff77169000 	C:\WINDOWS\SYSTEM32\WSOCK32.dll
0x00007fff83eb0000 - 0x00007fff83f1b000 	C:\WINDOWS\System32\WS2_32.dll
0x00007fff7ac30000 - 0x00007fff7ac3f000 	C:\Program Files\Android\Android Studio\jre\jre\bin\verify.dll
0x00007fff6efb0000 - 0x00007fff6efd9000 	C:\Program Files\Android\Android Studio\jre\jre\bin\java.dll
0x00007fff6e7f0000 - 0x00007fff6e806000 	C:\Program Files\Android\Android Studio\jre\jre\bin\zip.dll
0x00007fff84a20000 - 0x00007fff8515f000 	C:\WINDOWS\System32\SHELL32.dll
0x00007fff81300000 - 0x00007fff81a90000 	C:\WINDOWS\SYSTEM32\windows.storage.dll
0x00007fff854f0000 - 0x00007fff85845000 	C:\WINDOWS\System32\combase.dll
0x00007fff82c20000 - 0x00007fff82c4c000 	C:\WINDOWS\SYSTEM32\Wldp.dll
0x00007fff83e00000 - 0x00007fff83eae000 	C:\WINDOWS\System32\SHCORE.dll
0x00007fff83b60000 - 0x00007fff83bb5000 	C:\WINDOWS\System32\shlwapi.dll
0x00007fff830f0000 - 0x00007fff8310f000 	C:\WINDOWS\SYSTEM32\profapi.dll
0x00007fff6a560000 - 0x00007fff6a57a000 	C:\Program Files\Android\Android Studio\jre\jre\bin\net.dll
0x00007fff82990000 - 0x00007fff829fa000 	C:\WINDOWS\system32\mswsock.dll
0x00007fff6a010000 - 0x00007fff6a023000 	C:\Program Files\Android\Android Studio\jre\jre\bin\nio.dll
0x00007fff5b350000 - 0x00007fff5b377000 	C:\Users\andy1\.gradle\native\f6784746aeab05261644944871eae4fe03e0ef1612fff0a4a95f87b438bc6780\windows-amd64\native-platform.dll
0x00007fff78530000 - 0x00007fff7853d000 	C:\Program Files\Android\Android Studio\jre\jre\bin\management.dll
0x00007fff82b60000 - 0x00007fff82b78000 	C:\WINDOWS\SYSTEM32\CRYPTSP.dll
0x00007fff822c0000 - 0x00007fff822f4000 	C:\WINDOWS\system32\rsaenh.dll
0x00007fff83540000 - 0x00007fff83567000 	C:\WINDOWS\System32\bcrypt.dll
0x00007fff83070000 - 0x00007fff8309e000 	C:\WINDOWS\SYSTEM32\USERENV.dll
0x00007fff833a0000 - 0x00007fff83423000 	C:\WINDOWS\System32\bcryptprimitives.dll
0x00007fff82b80000 - 0x00007fff82b8c000 	C:\WINDOWS\SYSTEM32\CRYPTBASE.dll
0x00007fff82630000 - 0x00007fff8266b000 	C:\WINDOWS\SYSTEM32\IPHLPAPI.DLL
0x00007fff845a0000 - 0x00007fff845a8000 	C:\WINDOWS\System32\NSI.dll
0x00007fff77630000 - 0x00007fff77647000 	C:\WINDOWS\SYSTEM32\dhcpcsvc6.DLL
0x00007fff77f90000 - 0x00007fff77fad000 	C:\WINDOWS\SYSTEM32\dhcpcsvc.DLL
0x00007fff82670000 - 0x00007fff8273c000 	C:\WINDOWS\SYSTEM32\DNSAPI.dll
0x00007fff7a2c0000 - 0x00007fff7a2cb000 	C:\WINDOWS\SYSTEM32\WINNSI.DLL

VM Arguments:
jvm_args: -Xmx2048m -Dfile.encoding=UTF-8 -Duser.country=TW -Duser.language=zh -Duser.variant 
java_command: org.gradle.launcher.daemon.bootstrap.GradleDaemon 6.5
java_class_path (initial): C:\Users\andy1\.gradle\wrapper\dists\gradle-6.5-bin\6nifqtx7604sqp1q6g8wikw7p\gradle-6.5\lib\gradle-launcher-6.5.jar
Launcher Type: SUN_STANDARD

Environment Variables:
JAVA_HOME=C:\Program Files\Java\jdk-12.0.2
PATH=C:\Program Files\Java\jdk-12.0.2\bin;C:\Windows\system32;C:\Windows;C:\Windows\System32\Wbem;C:\Windows\System32\WindowsPowerShell\v1.0\;C:\Windows\System32\OpenSSH\;C:\Program Files (x86)\NVIDIA Corporation\PhysX\Common;C:\Program Files\Intel\WiFi\bin\;C:\Program Files\Common Files\Intel\WirelessCommon\;C:\WINDOWS\system32;C:\WINDOWS;C:\WINDOWS\System32\Wbem;C:\WINDOWS\System32\WindowsPowerShell\v1.0\;C:\WINDOWS\System32\OpenSSH\;C:\Program Files\NVIDIA Corporation\NVIDIA NvDLISR;C:\Program Files\OpenVPN\bin;C:\Program Files\Git\cmd;C:\Users\andy1\flutter\bin;C:\cygwin64\bin;C:\Users\andy1\AppData\Local\Microsoft\WindowsApps;C:\intelFPGA_lite\19.1\modelsim_ase\win32aloem;C:\intelFPGA\19.1\modelsim_ase\win32aloem;
USERNAME=andy
OS=Windows_NT
PROCESSOR_IDENTIFIER=Intel64 Family 6 Model 142 Stepping 12, GenuineIntel



---------------  S Y S T E M  ---------------

OS: Windows 10.0 , 64 bit Build 19041 (10.0.19041.1023)

CPU:total 8 (initial active 8) (4 cores per cpu, 2 threads per core) family 6 model 142 stepping 12, cmov, cx8, fxsr, mmx, sse, sse2, sse3, ssse3, sse4.1, sse4.2, popcnt, avx, avx2, aes, clmul, erms, 3dnowpref, lzcnt, ht, tsc, tscinvbit, bmi1, bmi2, adx

Memory: 4k page, physical 8198036k(396560k free), swap 33363860k(5348k free)

vm_info: OpenJDK 64-Bit Server VM (25.242-b01) for windows-amd64 JRE (1.8.0_242-release-1644-b01), built by "builder" with MS VC++ 10.0 (VS2010)

time: Mon Jul 19 01:32:29 2021
timezone: 
elapsed time: 11 seconds (0d 0h 0m 11s)

